#
# There is insufficient memory for the Java Runtime Environment to continue.
# Native memory allocation (malloc) failed to allocate 1086288 bytes for Chunk::new
# Possible reasons:
#   The system is out of physical RAM or swap space
#   The process is running with CompressedOops enabled, and the Java Heap may be blocking the growth of the native heap
# Possible solutions:
#   Reduce memory load on the system
#   Increase physical memory or swap space
#   Check if swap backing store is full
#   Decrease Java heap size (-Xmx/-Xms)
#   Decrease number of Java threads
#   Decrease Java thread stack sizes (-Xss)
#   Set larger code cache with -XX:ReservedCodeCacheSize=
#   JVM is running with Unscaled Compressed Oops mode in which the Java heap is
#     placed in the first 4GB address space. The Java Heap base address is the
#     maximum limit for the native heap growth. Please use -XX:HeapBaseMinAddress
#     to set the Java Heap base and to place the Java Heap above 4GB virtual address.
# This output file may be truncated or incomplete.
#
#  Out of Memory Error (arena.cpp:189), pid=9484, tid=2216
#
# JRE version: OpenJDK Runtime Environment (17.0.6) (build 17.0.6+0-b2043.56-9586694)
# Java VM: OpenJDK 64-Bit Server VM (17.0.6+0-b2043.56-9586694, mixed mode, tiered, compressed oops, compressed class ptrs, g1 gc, windows-amd64)
# No core dump will be written. Minidumps are not enabled by default on client versions of Windows
#

---------------  S U M M A R Y ------------

Command Line: --add-opens=java.base/java.util=ALL-UNNAMED --add-opens=java.base/java.lang=ALL-UNNAMED --add-opens=java.base/java.lang.invoke=ALL-UNNAMED --add-opens=java.base/java.util=ALL-UNNAMED --add-opens=java.prefs/java.util.prefs=ALL-UNNAMED --add-opens=java.prefs/java.util.prefs=ALL-UNNAMED --add-opens=java.base/java.nio.charset=ALL-UNNAMED --add-opens=java.base/java.net=ALL-UNNAMED --add-opens=java.base/java.util.concurrent.atomic=ALL-UNNAMED -Xmx2048m -Dfile.encoding=UTF-8 -Duser.country=US -Duser.language=en -Duser.variant org.gradle.launcher.daemon.bootstrap.GradleDaemon 7.5

Host: Intel(R) Core(TM) i5-7200U CPU @ 2.50GHz, 4 cores, 7G,  Windows 10 , 64 bit Build 18362 (10.0.18362.1)
Time: Fri May 19 23:23:34 2023 Egypt Standard Time elapsed time: 13.586540 seconds (0d 0h 0m 13s)

---------------  T H R E A D  ---------------

Current thread (0x000001737b017bd0):  JavaThread "C2 CompilerThread0" daemon [_thread_in_native, id=2216, stack(0x00000029fe000000,0x00000029fe100000)]


Current CompileTask:
C2:  13586 7805       4       org.gradle.internal.instantiation.generator.AbstractClassGenerator::inspectType (560 bytes)

Stack: [0x00000029fe000000,0x00000029fe100000]
Native frames: (J=compiled Java code, j=interpreted, Vv=VM code, C=native code)
V  [jvm.dll+0x683b4a]
V  [jvm.dll+0x842654]
V  [jvm.dll+0x843dfe]
V  [jvm.dll+0x844463]
V  [jvm.dll+0x249b75]
V  [jvm.dll+0xabcac]
V  [jvm.dll+0xac27c]
V  [jvm.dll+0x368857]
V  [jvm.dll+0x1bcd52]
V  [jvm.dll+0x21c359]
V  [jvm.dll+0x21b621]
V  [jvm.dll+0x1a4fdd]
V  [jvm.dll+0x22b098]
V  [jvm.dll+0x229159]
V  [jvm.dll+0x7f809c]
V  [jvm.dll+0x7f25fa]
V  [jvm.dll+0x682985]
C  [ucrtbase.dll+0x1d912]
C  [KERNEL32.DLL+0x17944]
C  [ntdll.dll+0x6ce71]


---------------  P R O C E S S  ---------------

Threads class SMR info:
_java_thread_list=0x00000173100c02c0, length=82, elements={
0x000001737004e690, 0x000001737a637610, 0x000001737a600f90, 0x000001737a622ec0,
0x000001737a624790, 0x000001737a625050, 0x000001737b0133b0, 0x000001737b017bd0,
0x000001737b037cb0, 0x000001737b03a9c0, 0x000001737b1a4af0, 0x000001737b1a51d0,
0x000001737ca33050, 0x000001737c075520, 0x000001737c0741e0, 0x000001737c075050,
0x000001737c0759f0, 0x000001737c075ec0, 0x000001737c0776d0, 0x000001737c074b80,
0x000001737c077ba0, 0x000001737c076860, 0x000001737c076390, 0x000001737c077200,
0x000001737c076d30, 0x000001737d610d40, 0x000001737e3f5600, 0x000001737e3f1c40,
0x000001737e3f6470, 0x000001737e3f6940, 0x000001737e3f1770, 0x000001737e3f2110,
0x000001737e3f5ad0, 0x000001737e3f5fa0, 0x000001737e3f4c60, 0x000001737e3f25e0,
0x000001737e3f0900, 0x000001737e3f12a0, 0x000001737e3f6e10, 0x000001737e3f3df0,
0x000001737e3f42c0, 0x000001737e3f2ab0, 0x000001737e3f5130, 0x000001737ed17d60,
0x000001737ed18bd0, 0x000001737ed19a40, 0x000001737ed19570, 0x000001737ed19f10,
0x000001737ed1a3e0, 0x000001737ed14d40, 0x000001737ed16a20, 0x000001737ed15bb0,
0x000001737ed16550, 0x000001737ed13530, 0x000001737ed1a8b0, 0x000001737ed15210,
0x000001737ed16080, 0x000001737ed173c0, 0x000001737ed13060, 0x000001737ed156e0,
0x000001737ed16ef0, 0x000001737ed17890, 0x000001737ed18230, 0x000001737ed18700,
0x000001737ed190a0, 0x000001737ed13a00, 0x000001737ed13ed0, 0x000001737ed143a0,
0x000001737ed14870, 0x000001737ba0d840, 0x000001737ba0dd10, 0x000001737ba10860,
0x000001737ba0f9f0, 0x000001737ba12ee0, 0x000001737ba12a10, 0x000001737ba0e6b0,
0x000001737ba11200, 0x000001737ba10390, 0x000001737ba0cea0, 0x000001737ba12070,
0x000001737ba0d370, 0x000001737ba116d0
}

Java Threads: ( => current thread )
  0x000001737004e690 JavaThread "main" [_thread_blocked, id=9996, stack(0x00000029fd300000,0x00000029fd400000)]
  0x000001737a637610 JavaThread "Reference Handler" daemon [_thread_blocked, id=12064, stack(0x00000029fda00000,0x00000029fdb00000)]
  0x000001737a600f90 JavaThread "Finalizer" daemon [_thread_blocked, id=7504, stack(0x00000029fdb00000,0x00000029fdc00000)]
  0x000001737a622ec0 JavaThread "Signal Dispatcher" daemon [_thread_blocked, id=1376, stack(0x00000029fdc00000,0x00000029fdd00000)]
  0x000001737a624790 JavaThread "Attach Listener" daemon [_thread_blocked, id=10720, stack(0x00000029fdd00000,0x00000029fde00000)]
  0x000001737a625050 JavaThread "Service Thread" daemon [_thread_blocked, id=11232, stack(0x00000029fde00000,0x00000029fdf00000)]
  0x000001737b0133b0 JavaThread "Monitor Deflation Thread" daemon [_thread_blocked, id=6372, stack(0x00000029fdf00000,0x00000029fe000000)]
=>0x000001737b017bd0 JavaThread "C2 CompilerThread0" daemon [_thread_in_native, id=2216, stack(0x00000029fe000000,0x00000029fe100000)]
  0x000001737b037cb0 JavaThread "C1 CompilerThread0" daemon [_thread_in_native, id=11600, stack(0x00000029fe100000,0x00000029fe200000)]
  0x000001737b03a9c0 JavaThread "Sweeper thread" daemon [_thread_blocked, id=7084, stack(0x00000029fe200000,0x00000029fe300000)]
  0x000001737b1a4af0 JavaThread "Common-Cleaner" daemon [_thread_blocked, id=10700, stack(0x00000029fe300000,0x00000029fe400000)]
  0x000001737b1a51d0 JavaThread "Notification Thread" daemon [_thread_blocked, id=2828, stack(0x00000029fe400000,0x00000029fe500000)]
  0x000001737ca33050 JavaThread "Daemon health stats" [_thread_blocked, id=10356, stack(0x00000029fea00000,0x00000029feb00000)]
  0x000001737c075520 JavaThread "Incoming local TCP Connector on port 50298" [_thread_in_native, id=9900, stack(0x00000029feb00000,0x00000029fec00000)]
  0x000001737c0741e0 JavaThread "Daemon periodic checks" [_thread_blocked, id=3028, stack(0x00000029fec00000,0x00000029fed00000)]
  0x000001737c075050 JavaThread "Daemon" [_thread_blocked, id=8876, stack(0x00000029fed00000,0x00000029fee00000)]
  0x000001737c0759f0 JavaThread "Handler for socket connection from /127.0.0.1:50298 to /127.0.0.1:50299" [_thread_in_native, id=10900, stack(0x00000029fee00000,0x00000029fef00000)]
  0x000001737c075ec0 JavaThread "Cancel handler" [_thread_blocked, id=2800, stack(0x00000029fef00000,0x00000029ff000000)]
  0x000001737c0776d0 JavaThread "Daemon worker" [_thread_in_Java, id=8780, stack(0x00000029ff000000,0x00000029ff100000)]
  0x000001737c074b80 JavaThread "Asynchronous log dispatcher for DefaultDaemonConnection: socket connection from /127.0.0.1:50298 to /127.0.0.1:50299" [_thread_blocked, id=7880, stack(0x00000029ff100000,0x00000029ff200000)]
  0x000001737c077ba0 JavaThread "Stdin handler" [_thread_blocked, id=3188, stack(0x00000029ff200000,0x00000029ff300000)]
  0x000001737c076860 JavaThread "Daemon client event forwarder" [_thread_blocked, id=3420, stack(0x00000029ff300000,0x00000029ff400000)]
  0x000001737c076390 JavaThread "Cache worker for journal cache (C:\Users\ascom\.gradle\caches\journal-1)" [_thread_blocked, id=11776, stack(0x00000029ff400000,0x00000029ff500000)]
  0x000001737c077200 JavaThread "File lock request listener" [_thread_in_native, id=12104, stack(0x00000029ff500000,0x00000029ff600000)]
  0x000001737c076d30 JavaThread "Cache worker for file hash cache (C:\Users\ascom\.gradle\caches\7.5\fileHashes)" [_thread_blocked, id=1756, stack(0x00000029fe600000,0x00000029fe700000)]
  0x000001737d610d40 JavaThread "C2 CompilerThread1" daemon [_thread_in_native, id=5108, stack(0x00000029ff600000,0x00000029ff700000)]
  0x000001737e3f5600 JavaThread "File watcher server" daemon [_thread_in_native, id=8416, stack(0x00000029ff700000,0x00000029ff800000)]
  0x000001737e3f1c40 JavaThread "File watcher consumer" daemon [_thread_blocked, id=7576, stack(0x00000029ff800000,0x00000029ff900000)]
  0x000001737e3f6470 JavaThread "Cache worker for checksums cache (C:\Users\ascom\Desktop\Pack-Your-Bag-main\.gradle\7.5\checksums)" [_thread_blocked, id=3500, stack(0x00000029ff900000,0x00000029ffa00000)]
  0x000001737e3f6940 JavaThread "Cache worker for cache directory md-rule (C:\Users\ascom\.gradle\caches\7.5\md-rule)" [_thread_blocked, id=5136, stack(0x00000029ffa00000,0x00000029ffb00000)]
  0x000001737e3f1770 JavaThread "Cache worker for file content cache (C:\Users\ascom\.gradle\caches\7.5\fileContent)" [_thread_blocked, id=7536, stack(0x00000029ffb00000,0x00000029ffc00000)]
  0x000001737e3f2110 JavaThread "Cache worker for file hash cache (C:\Users\ascom\Desktop\Pack-Your-Bag-main\.gradle\7.5\fileHashes)" [_thread_blocked, id=6396, stack(0x00000029ffc00000,0x00000029ffd00000)]
  0x000001737e3f5ad0 JavaThread "Cache worker for cache directory md-supplier (C:\Users\ascom\.gradle\caches\7.5\md-supplier)" [_thread_blocked, id=10648, stack(0x00000029ffd00000,0x00000029ffe00000)]
  0x000001737e3f5fa0 JavaThread "Cache worker for execution history cache (C:\Users\ascom\.gradle\caches\7.5\executionHistory)" [_thread_blocked, id=11200, stack(0x00000029ffe00000,0x00000029fff00000)]
  0x000001737e3f4c60 JavaThread "jar transforms" [_thread_blocked, id=3456, stack(0x00000029fff00000,0x0000002a00000000)]
  0x000001737e3f25e0 JavaThread "jar transforms Thread 2" [_thread_blocked, id=8928, stack(0x0000002980000000,0x0000002980100000)]
  0x000001737e3f0900 JavaThread "jar transforms Thread 3" [_thread_blocked, id=7884, stack(0x0000002980200000,0x0000002980300000)]
  0x000001737e3f12a0 JavaThread "jar transforms Thread 4" [_thread_blocked, id=9376, stack(0x0000002980300000,0x0000002980400000)]
  0x000001737e3f6e10 JavaThread "Cache worker for dependencies-accessors (C:\Users\ascom\Desktop\Pack-Your-Bag-main\.gradle\7.5\dependencies-accessors)" [_thread_blocked, id=852, stack(0x0000002980400000,0x0000002980500000)]
  0x000001737e3f3df0 JavaThread "Cache worker for Build Output Cleanup Cache (C:\Users\ascom\Desktop\Pack-Your-Bag-main\.gradle\buildOutputCleanup)" [_thread_blocked, id=8724, stack(0x0000002980500000,0x0000002980600000)]
  0x000001737e3f42c0 JavaThread "Unconstrained build operations" [_thread_blocked, id=3812, stack(0x0000002980600000,0x0000002980700000)]
  0x000001737e3f2ab0 JavaThread "Unconstrained build operations Thread 2" [_thread_blocked, id=6856, stack(0x0000002980700000,0x0000002980800000)]
  0x000001737e3f5130 JavaThread "Unconstrained build operations Thread 3" [_thread_blocked, id=6268, stack(0x0000002980800000,0x0000002980900000)]
  0x000001737ed17d60 JavaThread "Unconstrained build operations Thread 4" [_thread_blocked, id=9292, stack(0x0000002980900000,0x0000002980a00000)]
  0x000001737ed18bd0 JavaThread "Unconstrained build operations Thread 5" [_thread_blocked, id=6264, stack(0x0000002980a00000,0x0000002980b00000)]
  0x000001737ed19a40 JavaThread "Unconstrained build operations Thread 6" [_thread_blocked, id=5392, stack(0x0000002980b00000,0x0000002980c00000)]
  0x000001737ed19570 JavaThread "Unconstrained build operations Thread 7" [_thread_blocked, id=6296, stack(0x0000002980c00000,0x0000002980d00000)]
  0x000001737ed19f10 JavaThread "Unconstrained build operations Thread 8" [_thread_blocked, id=7112, stack(0x0000002980d00000,0x0000002980e00000)]
  0x000001737ed1a3e0 JavaThread "Unconstrained build operations Thread 9" [_thread_blocked, id=5428, stack(0x0000002980e00000,0x0000002980f00000)]
  0x000001737ed14d40 JavaThread "Unconstrained build operations Thread 10" [_thread_blocked, id=7372, stack(0x0000002980f00000,0x0000002981000000)]
  0x000001737ed16a20 JavaThread "Unconstrained build operations Thread 11" [_thread_blocked, id=8872, stack(0x0000002981000000,0x0000002981100000)]
  0x000001737ed15bb0 JavaThread "Unconstrained build operations Thread 12" [_thread_blocked, id=9060, stack(0x0000002981100000,0x0000002981200000)]
  0x000001737ed16550 JavaThread "Unconstrained build operations Thread 13" [_thread_blocked, id=9112, stack(0x0000002981200000,0x0000002981300000)]
  0x000001737ed13530 JavaThread "Unconstrained build operations Thread 14" [_thread_blocked, id=1520, stack(0x0000002981300000,0x0000002981400000)]
  0x000001737ed1a8b0 JavaThread "Unconstrained build operations Thread 15" [_thread_blocked, id=7148, stack(0x0000002981400000,0x0000002981500000)]
  0x000001737ed15210 JavaThread "Unconstrained build operations Thread 16" [_thread_blocked, id=10204, stack(0x0000002981500000,0x0000002981600000)]
  0x000001737ed16080 JavaThread "Unconstrained build operations Thread 17" [_thread_blocked, id=8176, stack(0x0000002981600000,0x0000002981700000)]
  0x000001737ed173c0 JavaThread "Unconstrained build operations Thread 18" [_thread_blocked, id=8784, stack(0x0000002981700000,0x0000002981800000)]
  0x000001737ed13060 JavaThread "Unconstrained build operations Thread 19" [_thread_blocked, id=2640, stack(0x0000002981800000,0x0000002981900000)]
  0x000001737ed156e0 JavaThread "Unconstrained build operations Thread 20" [_thread_blocked, id=4176, stack(0x0000002981900000,0x0000002981a00000)]
  0x000001737ed16ef0 JavaThread "Unconstrained build operations Thread 21" [_thread_blocked, id=8920, stack(0x0000002981a00000,0x0000002981b00000)]
  0x000001737ed17890 JavaThread "Unconstrained build operations Thread 22" [_thread_blocked, id=9652, stack(0x0000002981b00000,0x0000002981c00000)]
  0x000001737ed18230 JavaThread "Unconstrained build operations Thread 23" [_thread_blocked, id=1204, stack(0x0000002981c00000,0x0000002981d00000)]
  0x000001737ed18700 JavaThread "Unconstrained build operations Thread 24" [_thread_blocked, id=1920, stack(0x0000002981d00000,0x0000002981e00000)]
  0x000001737ed190a0 JavaThread "Unconstrained build operations Thread 25" [_thread_blocked, id=2020, stack(0x0000002981e00000,0x0000002981f00000)]
  0x000001737ed13a00 JavaThread "Unconstrained build operations Thread 26" [_thread_blocked, id=8148, stack(0x0000002981f00000,0x0000002982000000)]
  0x000001737ed13ed0 JavaThread "Unconstrained build operations Thread 27" [_thread_blocked, id=10212, stack(0x0000002982000000,0x0000002982100000)]
  0x000001737ed143a0 JavaThread "Unconstrained build operations Thread 28" [_thread_blocked, id=2372, stack(0x0000002982100000,0x0000002982200000)]
  0x000001737ed14870 JavaThread "Unconstrained build operations Thread 29" [_thread_blocked, id=10508, stack(0x0000002982200000,0x0000002982300000)]
  0x000001737ba0d840 JavaThread "Unconstrained build operations Thread 30" [_thread_blocked, id=2100, stack(0x0000002982300000,0x0000002982400000)]
  0x000001737ba0dd10 JavaThread "Unconstrained build operations Thread 31" [_thread_blocked, id=11092, stack(0x0000002982400000,0x0000002982500000)]
  0x000001737ba10860 JavaThread "Unconstrained build operations Thread 32" [_thread_blocked, id=9496, stack(0x0000002982500000,0x0000002982600000)]
  0x000001737ba0f9f0 JavaThread "Unconstrained build operations Thread 33" [_thread_blocked, id=11480, stack(0x0000002982600000,0x0000002982700000)]
  0x000001737ba12ee0 JavaThread "Unconstrained build operations Thread 34" [_thread_blocked, id=10512, stack(0x0000002982700000,0x0000002982800000)]
  0x000001737ba12a10 JavaThread "Unconstrained build operations Thread 35" [_thread_blocked, id=7872, stack(0x0000002982800000,0x0000002982900000)]
  0x000001737ba0e6b0 JavaThread "Unconstrained build operations Thread 36" [_thread_blocked, id=9168, stack(0x0000002982900000,0x0000002982a00000)]
  0x000001737ba11200 JavaThread "Unconstrained build operations Thread 37" [_thread_blocked, id=11624, stack(0x0000002982a00000,0x0000002982b00000)]
  0x000001737ba10390 JavaThread "Unconstrained build operations Thread 38" [_thread_blocked, id=2276, stack(0x0000002982b00000,0x0000002982c00000)]
  0x000001737ba0cea0 JavaThread "Unconstrained build operations Thread 39" [_thread_blocked, id=4512, stack(0x0000002982c00000,0x0000002982d00000)]
  0x000001737ba12070 JavaThread "Unconstrained build operations Thread 40" [_thread_blocked, id=3772, stack(0x0000002982d00000,0x0000002982e00000)]
  0x000001737ba0d370 JavaThread "build event listener" [_thread_blocked, id=4728, stack(0x0000002982e00000,0x0000002982f00000)]
  0x000001737ba116d0 JavaThread "Memory manager" [_thread_blocked, id=8140, stack(0x0000002982f00000,0x0000002983000000)]

Other Threads:
  0x000001737a5fbc20 VMThread "VM Thread" [stack: 0x00000029fd900000,0x00000029fda00000] [id=4720]
  0x000001737b1a56a0 WatcherThread [stack: 0x00000029fe500000,0x00000029fe600000] [id=11616]
  0x00000173700a84a0 GCTaskThread "GC Thread#0" [stack: 0x00000029fd400000,0x00000029fd500000] [id=6596]
  0x000001737b67c040 GCTaskThread "GC Thread#1" [stack: 0x00000029fe700000,0x00000029fe800000] [id=10476]
  0x000001737b9c8d90 GCTaskThread "GC Thread#2" [stack: 0x00000029fe800000,0x00000029fe900000] [id=7368]
  0x000001737b698300 GCTaskThread "GC Thread#3" [stack: 0x00000029fe900000,0x00000029fea00000] [id=11564]
  0x00000173700b92f0 ConcurrentGCThread "G1 Main Marker" [stack: 0x00000029fd500000,0x00000029fd600000] [id=9372]
  0x00000173700ba3b0 ConcurrentGCThread "G1 Conc#0" [stack: 0x00000029fd600000,0x00000029fd700000] [id=10532]
  0x000001737010e2a0 ConcurrentGCThread "G1 Refine#0" [stack: 0x00000029fd700000,0x00000029fd800000] [id=5304]
  0x000001737eb2d340 ConcurrentGCThread "G1 Refine#1" [stack: 0x0000002980100000,0x0000002980200000] [id=9624]
  0x000001737010ebd0 ConcurrentGCThread "G1 Service" [stack: 0x00000029fd800000,0x00000029fd900000] [id=1256]

Threads with active compile tasks:
C2 CompilerThread0    13627 7805       4       org.gradle.internal.instantiation.generator.AbstractClassGenerator::inspectType (560 bytes)
C1 CompilerThread0    13627 8084       2       org.gradle.execution.plan.LocalTaskNode::compareTo (9 bytes)
C2 CompilerThread1    13627 7837       4       java.lang.Class::annotationData (44 bytes)

VM state: not at safepoint (normal execution)

VM Mutex/Monitor currently owned by a thread: None

Heap address: 0x0000000080000000, size: 2048 MB, Compressed Oops mode: 32-bit

CDS archive(s) not mapped
Compressed class space mapped at: 0x0000000100000000-0x0000000140000000, reserved size: 1073741824
Narrow klass base: 0x0000000000000000, Narrow klass shift: 3, Narrow klass range: 0x140000000

GC Precious Log:
 CPUs: 4 total, 4 available
 Memory: 8108M
 Large Page Support: Disabled
 NUMA Support: Disabled
 Compressed Oops: Enabled (32-bit)
 Heap Region Size: 1M
 Heap Min Capacity: 8M
 Heap Initial Capacity: 128M
 Heap Max Capacity: 2G
 Pre-touch: Disabled
 Parallel Workers: 4
 Concurrent Workers: 1
 Concurrent Refinement Workers: 4
 Periodic GC: Disabled

Heap:
 garbage-first heap   total 142336K, used 93678K [0x0000000080000000, 0x0000000100000000)
  region size 1024K, 43 young (44032K), 8 survivors (8192K)
 Metaspace       used 79806K, committed 80384K, reserved 1122304K
  class space    used 10844K, committed 11136K, reserved 1048576K

Heap Regions: E=young(eden), S=young(survivor), O=old, HS=humongous(starts), HC=humongous(continues), CS=collection set, F=free, OA=open archive, CA=closed archive, TAMS=top-at-mark-start (previous, next)
|   0|0x0000000080000000, 0x0000000080100000, 0x0000000080100000|100%|HS|  |TAMS 0x0000000080100000, 0x0000000080100000| Complete 
|   1|0x0000000080100000, 0x0000000080200000, 0x0000000080200000|100%|HC|  |TAMS 0x0000000080200000, 0x0000000080200000| Complete 
|   2|0x0000000080200000, 0x0000000080300000, 0x0000000080300000|100%|HC|  |TAMS 0x0000000080300000, 0x0000000080300000| Complete 
|   3|0x0000000080300000, 0x0000000080400000, 0x0000000080400000|100%| O|  |TAMS 0x0000000080400000, 0x0000000080400000| Untracked 
|   4|0x0000000080400000, 0x0000000080500000, 0x0000000080500000|100%| O|  |TAMS 0x0000000080500000, 0x0000000080500000| Untracked 
|   5|0x0000000080500000, 0x0000000080600000, 0x0000000080600000|100%| O|  |TAMS 0x0000000080600000, 0x0000000080600000| Untracked 
|   6|0x0000000080600000, 0x0000000080700000, 0x0000000080700000|100%| O|  |TAMS 0x0000000080700000, 0x0000000080700000| Untracked 
|   7|0x0000000080700000, 0x0000000080800000, 0x0000000080800000|100%| O|  |TAMS 0x0000000080800000, 0x0000000080800000| Untracked 
|   8|0x0000000080800000, 0x0000000080900000, 0x0000000080900000|100%| O|  |TAMS 0x0000000080900000, 0x0000000080900000| Untracked 
|   9|0x0000000080900000, 0x0000000080a00000, 0x0000000080a00000|100%| O|  |TAMS 0x0000000080a00000, 0x0000000080a00000| Untracked 
|  10|0x0000000080a00000, 0x0000000080b00000, 0x0000000080b00000|100%| O|  |TAMS 0x0000000080a00000, 0x0000000080a00000| Untracked 
|  11|0x0000000080b00000, 0x0000000080c00000, 0x0000000080c00000|100%| O|  |TAMS 0x0000000080c00000, 0x0000000080c00000| Untracked 
|  12|0x0000000080c00000, 0x0000000080d00000, 0x0000000080d00000|100%| O|  |TAMS 0x0000000080d00000, 0x0000000080d00000| Untracked 
|  13|0x0000000080d00000, 0x0000000080e00000, 0x0000000080e00000|100%| O|  |TAMS 0x0000000080e00000, 0x0000000080e00000| Untracked 
|  14|0x0000000080e00000, 0x0000000080f00000, 0x0000000080f00000|100%| O|  |TAMS 0x0000000080f00000, 0x0000000080f00000| Untracked 
|  15|0x0000000080f00000, 0x0000000081000000, 0x0000000081000000|100%| O|  |TAMS 0x0000000081000000, 0x0000000081000000| Untracked 
|  16|0x0000000081000000, 0x0000000081100000, 0x0000000081100000|100%| O|  |TAMS 0x0000000081100000, 0x0000000081100000| Untracked 
|  17|0x0000000081100000, 0x0000000081200000, 0x0000000081200000|100%| O|  |TAMS 0x0000000081200000, 0x0000000081200000| Untracked 
|  18|0x0000000081200000, 0x0000000081300000, 0x0000000081300000|100%| O|  |TAMS 0x0000000081300000, 0x0000000081300000| Untracked 
|  19|0x0000000081300000, 0x0000000081400000, 0x0000000081400000|100%| O|  |TAMS 0x0000000081400000, 0x0000000081400000| Untracked 
|  20|0x0000000081400000, 0x0000000081500000, 0x0000000081500000|100%| O|  |TAMS 0x0000000081500000, 0x0000000081500000| Untracked 
|  21|0x0000000081500000, 0x0000000081600000, 0x0000000081600000|100%| O|  |TAMS 0x0000000081600000, 0x0000000081600000| Untracked 
|  22|0x0000000081600000, 0x0000000081700000, 0x0000000081700000|100%| O|  |TAMS 0x0000000081700000, 0x0000000081700000| Untracked 
|  23|0x0000000081700000, 0x0000000081800000, 0x0000000081800000|100%| O|  |TAMS 0x0000000081800000, 0x0000000081800000| Untracked 
|  24|0x0000000081800000, 0x0000000081900000, 0x0000000081900000|100%| O|  |TAMS 0x0000000081900000, 0x0000000081900000| Untracked 
|  25|0x0000000081900000, 0x0000000081a00000, 0x0000000081a00000|100%| O|  |TAMS 0x0000000081a00000, 0x0000000081a00000| Untracked 
|  26|0x0000000081a00000, 0x0000000081b00000, 0x0000000081b00000|100%| O|  |TAMS 0x0000000081b00000, 0x0000000081b00000| Untracked 
|  27|0x0000000081b00000, 0x0000000081c00000, 0x0000000081c00000|100%| O|  |TAMS 0x0000000081c00000, 0x0000000081c00000| Untracked 
|  28|0x0000000081c00000, 0x0000000081d00000, 0x0000000081d00000|100%| O|  |TAMS 0x0000000081d00000, 0x0000000081d00000| Untracked 
|  29|0x0000000081d00000, 0x0000000081e00000, 0x0000000081e00000|100%| O|  |TAMS 0x0000000081e00000, 0x0000000081e00000| Untracked 
|  30|0x0000000081e00000, 0x0000000081f00000, 0x0000000081f00000|100%| O|  |TAMS 0x0000000081f00000, 0x0000000081f00000| Untracked 
|  31|0x0000000081f00000, 0x0000000082000000, 0x0000000082000000|100%|HS|  |TAMS 0x0000000082000000, 0x0000000082000000| Complete 
|  32|0x0000000082000000, 0x0000000082100000, 0x0000000082100000|100%|HS|  |TAMS 0x0000000082100000, 0x0000000082100000| Complete 
|  33|0x0000000082100000, 0x0000000082200000, 0x0000000082200000|100%| O|  |TAMS 0x0000000082100000, 0x0000000082200000| Untracked 
|  34|0x0000000082200000, 0x0000000082300000, 0x0000000082300000|100%| O|  |TAMS 0x0000000082300000, 0x0000000082300000| Untracked 
|  35|0x0000000082300000, 0x0000000082400000, 0x0000000082400000|100%| O|  |TAMS 0x0000000082400000, 0x0000000082400000| Untracked 
|  36|0x0000000082400000, 0x0000000082500000, 0x0000000082500000|100%| O|  |TAMS 0x0000000082500000, 0x0000000082500000| Untracked 
|  37|0x0000000082500000, 0x0000000082600000, 0x0000000082600000|100%| O|  |TAMS 0x0000000082600000, 0x0000000082600000| Untracked 
|  38|0x0000000082600000, 0x0000000082700000, 0x0000000082700000|100%| O|  |TAMS 0x0000000082700000, 0x0000000082700000| Untracked 
|  39|0x0000000082700000, 0x0000000082800000, 0x0000000082800000|100%| O|  |TAMS 0x0000000082700000, 0x0000000082800000| Untracked 
|  40|0x0000000082800000, 0x0000000082900000, 0x0000000082900000|100%| O|  |TAMS 0x0000000082800000, 0x0000000082900000| Untracked 
|  41|0x0000000082900000, 0x0000000082a00000, 0x0000000082a00000|100%| O|  |TAMS 0x0000000082900000, 0x0000000082a00000| Untracked 
|  42|0x0000000082a00000, 0x0000000082b00000, 0x0000000082b00000|100%| O|  |TAMS 0x0000000082a00000, 0x0000000082b00000| Untracked 
|  43|0x0000000082b00000, 0x0000000082c00000, 0x0000000082c00000|100%| O|  |TAMS 0x0000000082b00000, 0x0000000082bdd800| Untracked 
|  44|0x0000000082c00000, 0x0000000082cffff8, 0x0000000082d00000| 99%| O|  |TAMS 0x0000000082c00000, 0x0000000082c00000| Untracked 
|  45|0x0000000082d00000, 0x0000000082e00000, 0x0000000082e00000|100%| O|  |TAMS 0x0000000082d00000, 0x0000000082d00000| Untracked 
|  46|0x0000000082e00000, 0x0000000082f00000, 0x0000000082f00000|100%| O|  |TAMS 0x0000000082e00000, 0x0000000082e00000| Untracked 
|  47|0x0000000082f00000, 0x0000000083000000, 0x0000000083000000|100%| O|  |TAMS 0x0000000082f00000, 0x0000000082f00000| Untracked 
|  48|0x0000000083000000, 0x0000000083100000, 0x0000000083100000|100%| O|  |TAMS 0x0000000083000000, 0x0000000083000000| Untracked 
|  49|0x0000000083100000, 0x00000000831df600, 0x0000000083200000| 87%| O|  |TAMS 0x0000000083100000, 0x0000000083100000| Untracked 
|  50|0x0000000083200000, 0x0000000083200000, 0x0000000083300000|  0%| F|  |TAMS 0x0000000083200000, 0x0000000083200000| Untracked 
|  51|0x0000000083300000, 0x0000000083300000, 0x0000000083400000|  0%| F|  |TAMS 0x0000000083300000, 0x0000000083300000| Untracked 
|  52|0x0000000083400000, 0x0000000083400000, 0x0000000083500000|  0%| F|  |TAMS 0x0000000083400000, 0x0000000083400000| Untracked 
|  53|0x0000000083500000, 0x0000000083500000, 0x0000000083600000|  0%| F|  |TAMS 0x0000000083500000, 0x0000000083500000| Untracked 
|  54|0x0000000083600000, 0x0000000083600000, 0x0000000083700000|  0%| F|  |TAMS 0x0000000083600000, 0x0000000083600000| Untracked 
|  55|0x0000000083700000, 0x0000000083700000, 0x0000000083800000|  0%| F|  |TAMS 0x0000000083700000, 0x0000000083700000| Untracked 
|  56|0x0000000083800000, 0x0000000083800000, 0x0000000083900000|  0%| F|  |TAMS 0x0000000083800000, 0x0000000083800000| Untracked 
|  57|0x0000000083900000, 0x0000000083900000, 0x0000000083a00000|  0%| F|  |TAMS 0x0000000083900000, 0x0000000083900000| Untracked 
|  58|0x0000000083a00000, 0x0000000083a00000, 0x0000000083b00000|  0%| F|  |TAMS 0x0000000083a00000, 0x0000000083a00000| Untracked 
|  59|0x0000000083b00000, 0x0000000083b00000, 0x0000000083c00000|  0%| F|  |TAMS 0x0000000083b00000, 0x0000000083b00000| Untracked 
|  60|0x0000000083c00000, 0x0000000083c00000, 0x0000000083d00000|  0%| F|  |TAMS 0x0000000083c00000, 0x0000000083c00000| Untracked 
|  61|0x0000000083d00000, 0x0000000083d00000, 0x0000000083e00000|  0%| F|  |TAMS 0x0000000083d00000, 0x0000000083d00000| Untracked 
|  62|0x0000000083e00000, 0x0000000083e00000, 0x0000000083f00000|  0%| F|  |TAMS 0x0000000083e00000, 0x0000000083e00000| Untracked 
|  63|0x0000000083f00000, 0x0000000083f00000, 0x0000000084000000|  0%| F|  |TAMS 0x0000000083f00000, 0x0000000083f00000| Untracked 
|  64|0x0000000084000000, 0x0000000084000000, 0x0000000084100000|  0%| F|  |TAMS 0x0000000084000000, 0x0000000084000000| Untracked 
|  65|0x0000000084100000, 0x0000000084100000, 0x0000000084200000|  0%| F|  |TAMS 0x0000000084100000, 0x0000000084100000| Untracked 
|  66|0x0000000084200000, 0x0000000084200000, 0x0000000084300000|  0%| F|  |TAMS 0x0000000084200000, 0x0000000084200000| Untracked 
|  67|0x0000000084300000, 0x0000000084300000, 0x0000000084400000|  0%| F|  |TAMS 0x0000000084300000, 0x0000000084300000| Untracked 
|  68|0x0000000084400000, 0x0000000084400000, 0x0000000084500000|  0%| F|  |TAMS 0x0000000084400000, 0x0000000084400000| Untracked 
|  69|0x0000000084500000, 0x0000000084500000, 0x0000000084600000|  0%| F|  |TAMS 0x0000000084500000, 0x0000000084500000| Untracked 
|  70|0x0000000084600000, 0x000000008469c378, 0x0000000084700000| 61%| S|CS|TAMS 0x0000000084600000, 0x0000000084600000| Complete 
|  71|0x0000000084700000, 0x0000000084800000, 0x0000000084800000|100%| S|CS|TAMS 0x0000000084700000, 0x0000000084700000| Complete 
|  72|0x0000000084800000, 0x0000000084900000, 0x0000000084900000|100%| S|CS|TAMS 0x0000000084800000, 0x0000000084800000| Complete 
|  73|0x0000000084900000, 0x0000000084a00000, 0x0000000084a00000|100%| S|CS|TAMS 0x0000000084900000, 0x0000000084900000| Complete 
|  74|0x0000000084a00000, 0x0000000084b00000, 0x0000000084b00000|100%| S|CS|TAMS 0x0000000084a00000, 0x0000000084a00000| Complete 
|  75|0x0000000084b00000, 0x0000000084c00000, 0x0000000084c00000|100%| S|CS|TAMS 0x0000000084b00000, 0x0000000084b00000| Complete 
|  76|0x0000000084c00000, 0x0000000084d00000, 0x0000000084d00000|100%| S|CS|TAMS 0x0000000084c00000, 0x0000000084c00000| Complete 
|  77|0x0000000084d00000, 0x0000000084d00000, 0x0000000084e00000|  0%| F|  |TAMS 0x0000000084d00000, 0x0000000084d00000| Untracked 
|  78|0x0000000084e00000, 0x0000000084e00000, 0x0000000084f00000|  0%| F|  |TAMS 0x0000000084e00000, 0x0000000084e00000| Untracked 
|  79|0x0000000084f00000, 0x0000000084f00000, 0x0000000085000000|  0%| F|  |TAMS 0x0000000084f00000, 0x0000000084f00000| Untracked 
|  80|0x0000000085000000, 0x0000000085000000, 0x0000000085100000|  0%| F|  |TAMS 0x0000000085000000, 0x0000000085000000| Untracked 
|  81|0x0000000085100000, 0x0000000085200000, 0x0000000085200000|100%| S|CS|TAMS 0x0000000085100000, 0x0000000085100000| Complete 
|  82|0x0000000085200000, 0x0000000085200000, 0x0000000085300000|  0%| F|  |TAMS 0x0000000085200000, 0x0000000085200000| Untracked 
|  83|0x0000000085300000, 0x0000000085300000, 0x0000000085400000|  0%| F|  |TAMS 0x0000000085300000, 0x0000000085300000| Untracked 
|  84|0x0000000085400000, 0x0000000085400000, 0x0000000085500000|  0%| F|  |TAMS 0x0000000085400000, 0x0000000085400000| Untracked 
|  85|0x0000000085500000, 0x0000000085500000, 0x0000000085600000|  0%| F|  |TAMS 0x0000000085500000, 0x0000000085500000| Untracked 
|  86|0x0000000085600000, 0x0000000085600000, 0x0000000085700000|  0%| F|  |TAMS 0x0000000085600000, 0x0000000085600000| Untracked 
|  87|0x0000000085700000, 0x0000000085700000, 0x0000000085800000|  0%| F|  |TAMS 0x0000000085700000, 0x0000000085700000| Untracked 
|  88|0x0000000085800000, 0x0000000085800000, 0x0000000085900000|  0%| F|  |TAMS 0x0000000085800000, 0x0000000085800000| Untracked 
|  89|0x0000000085900000, 0x0000000085900000, 0x0000000085a00000|  0%| F|  |TAMS 0x0000000085900000, 0x0000000085900000| Untracked 
|  90|0x0000000085a00000, 0x0000000085a00000, 0x0000000085b00000|  0%| F|  |TAMS 0x0000000085a00000, 0x0000000085a00000| Untracked 
|  91|0x0000000085b00000, 0x0000000085b00000, 0x0000000085c00000|  0%| F|  |TAMS 0x0000000085b00000, 0x0000000085b00000| Untracked 
|  92|0x0000000085c00000, 0x0000000085c00000, 0x0000000085d00000|  0%| F|  |TAMS 0x0000000085c00000, 0x0000000085c00000| Untracked 
|  93|0x0000000085d00000, 0x0000000085d00000, 0x0000000085e00000|  0%| F|  |TAMS 0x0000000085d00000, 0x0000000085d00000| Untracked 
|  94|0x0000000085e00000, 0x0000000085e00000, 0x0000000085f00000|  0%| F|  |TAMS 0x0000000085e00000, 0x0000000085e00000| Untracked 
|  95|0x0000000085f00000, 0x0000000085f00000, 0x0000000086000000|  0%| F|  |TAMS 0x0000000085f00000, 0x0000000085f00000| Untracked 
|  96|0x0000000086000000, 0x0000000086000000, 0x0000000086100000|  0%| F|  |TAMS 0x0000000086000000, 0x0000000086000000| Untracked 
|  97|0x0000000086100000, 0x0000000086100000, 0x0000000086200000|  0%| F|  |TAMS 0x0000000086100000, 0x0000000086100000| Untracked 
|  98|0x0000000086200000, 0x0000000086200000, 0x0000000086300000|  0%| F|  |TAMS 0x0000000086200000, 0x0000000086200000| Untracked 
|  99|0x0000000086300000, 0x0000000086300000, 0x0000000086400000|  0%| F|  |TAMS 0x0000000086300000, 0x0000000086300000| Untracked 
| 100|0x0000000086400000, 0x0000000086400000, 0x0000000086500000|  0%| F|  |TAMS 0x0000000086400000, 0x0000000086400000| Untracked 
| 101|0x0000000086500000, 0x0000000086500000, 0x0000000086600000|  0%| F|  |TAMS 0x0000000086500000, 0x0000000086500000| Untracked 
| 102|0x0000000086600000, 0x0000000086600000, 0x0000000086700000|  0%| F|  |TAMS 0x0000000086600000, 0x0000000086600000| Untracked 
| 103|0x0000000086700000, 0x0000000086780610, 0x0000000086800000| 50%| E|  |TAMS 0x0000000086700000, 0x0000000086700000| Complete 
| 104|0x0000000086800000, 0x0000000086900000, 0x0000000086900000|100%| E|CS|TAMS 0x0000000086800000, 0x0000000086800000| Complete 
| 105|0x0000000086900000, 0x0000000086a00000, 0x0000000086a00000|100%| E|CS|TAMS 0x0000000086900000, 0x0000000086900000| Complete 
| 106|0x0000000086a00000, 0x0000000086b00000, 0x0000000086b00000|100%| E|CS|TAMS 0x0000000086a00000, 0x0000000086a00000| Complete 
| 107|0x0000000086b00000, 0x0000000086c00000, 0x0000000086c00000|100%| E|CS|TAMS 0x0000000086b00000, 0x0000000086b00000| Complete 
| 108|0x0000000086c00000, 0x0000000086d00000, 0x0000000086d00000|100%| E|CS|TAMS 0x0000000086c00000, 0x0000000086c00000| Complete 
| 109|0x0000000086d00000, 0x0000000086e00000, 0x0000000086e00000|100%| E|CS|TAMS 0x0000000086d00000, 0x0000000086d00000| Complete 
| 110|0x0000000086e00000, 0x0000000086f00000, 0x0000000086f00000|100%| E|CS|TAMS 0x0000000086e00000, 0x0000000086e00000| Complete 
| 111|0x0000000086f00000, 0x0000000087000000, 0x0000000087000000|100%| E|CS|TAMS 0x0000000086f00000, 0x0000000086f00000| Complete 
| 112|0x0000000087000000, 0x0000000087100000, 0x0000000087100000|100%| E|CS|TAMS 0x0000000087000000, 0x0000000087000000| Complete 
| 113|0x0000000087100000, 0x0000000087200000, 0x0000000087200000|100%| E|CS|TAMS 0x0000000087100000, 0x0000000087100000| Complete 
| 114|0x0000000087200000, 0x0000000087300000, 0x0000000087300000|100%| E|CS|TAMS 0x0000000087200000, 0x0000000087200000| Complete 
| 115|0x0000000087300000, 0x0000000087400000, 0x0000000087400000|100%| E|CS|TAMS 0x0000000087300000, 0x0000000087300000| Complete 
| 116|0x0000000087400000, 0x0000000087500000, 0x0000000087500000|100%| E|CS|TAMS 0x0000000087400000, 0x0000000087400000| Complete 
| 117|0x0000000087500000, 0x0000000087600000, 0x0000000087600000|100%| E|CS|TAMS 0x0000000087500000, 0x0000000087500000| Complete 
| 118|0x0000000087600000, 0x0000000087700000, 0x0000000087700000|100%| E|CS|TAMS 0x0000000087600000, 0x0000000087600000| Complete 
| 119|0x0000000087700000, 0x0000000087800000, 0x0000000087800000|100%| E|CS|TAMS 0x0000000087700000, 0x0000000087700000| Complete 
| 120|0x0000000087800000, 0x0000000087900000, 0x0000000087900000|100%| E|CS|TAMS 0x0000000087800000, 0x0000000087800000| Complete 
| 121|0x0000000087900000, 0x0000000087a00000, 0x0000000087a00000|100%| E|CS|TAMS 0x0000000087900000, 0x0000000087900000| Complete 
| 122|0x0000000087a00000, 0x0000000087b00000, 0x0000000087b00000|100%| E|CS|TAMS 0x0000000087a00000, 0x0000000087a00000| Complete 
| 123|0x0000000087b00000, 0x0000000087c00000, 0x0000000087c00000|100%| E|CS|TAMS 0x0000000087b00000, 0x0000000087b00000| Complete 
| 124|0x0000000087c00000, 0x0000000087d00000, 0x0000000087d00000|100%| E|CS|TAMS 0x0000000087c00000, 0x0000000087c00000| Complete 
| 125|0x0000000087d00000, 0x0000000087e00000, 0x0000000087e00000|100%| E|CS|TAMS 0x0000000087d00000, 0x0000000087d00000| Complete 
| 126|0x0000000087e00000, 0x0000000087f00000, 0x0000000087f00000|100%| E|CS|TAMS 0x0000000087e00000, 0x0000000087e00000| Complete 
| 127|0x0000000087f00000, 0x0000000088000000, 0x0000000088000000|100%| E|CS|TAMS 0x0000000087f00000, 0x0000000087f00000| Complete 
| 128|0x0000000088000000, 0x0000000088100000, 0x0000000088100000|100%| E|CS|TAMS 0x0000000088000000, 0x0000000088000000| Complete 
| 129|0x0000000088100000, 0x0000000088200000, 0x0000000088200000|100%| E|CS|TAMS 0x0000000088100000, 0x0000000088100000| Complete 
| 130|0x0000000088200000, 0x0000000088300000, 0x0000000088300000|100%| E|CS|TAMS 0x0000000088200000, 0x0000000088200000| Complete 
| 131|0x0000000088300000, 0x0000000088400000, 0x0000000088400000|100%| E|CS|TAMS 0x0000000088300000, 0x0000000088300000| Complete 
| 132|0x0000000088400000, 0x0000000088500000, 0x0000000088500000|100%| E|CS|TAMS 0x0000000088400000, 0x0000000088400000| Complete 
| 133|0x0000000088500000, 0x0000000088600000, 0x0000000088600000|100%| E|CS|TAMS 0x0000000088500000, 0x0000000088500000| Complete 
| 134|0x0000000088600000, 0x0000000088700000, 0x0000000088700000|100%| E|CS|TAMS 0x0000000088600000, 0x0000000088600000| Complete 
| 135|0x0000000088700000, 0x0000000088800000, 0x0000000088800000|100%| E|CS|TAMS 0x0000000088700000, 0x0000000088700000| Complete 
| 136|0x0000000088800000, 0x0000000088900000, 0x0000000088900000|100%| E|CS|TAMS 0x0000000088800000, 0x0000000088800000| Complete 
| 137|0x0000000088900000, 0x0000000088a00000, 0x0000000088a00000|100%| E|CS|TAMS 0x0000000088900000, 0x0000000088900000| Complete 
| 138|0x0000000088a00000, 0x0000000088b00000, 0x0000000088b00000|100%| E|CS|TAMS 0x0000000088a00000, 0x0000000088a00000| Complete 

Card table byte_map: [0x0000017373910000,0x0000017373d10000] _byte_map_base: 0x0000017373510000

Marking Bits (Prev, Next): (CMBitMap*) 0x00000173700a89c0, (CMBitMap*) 0x00000173700a8a00
 Prev Bits: [0x0000017374110000, 0x0000017376110000)
 Next Bits: [0x0000017376110000, 0x0000017378110000)

Polling page: 0x000001736df20000

Metaspace:

Usage:
  Non-class:     67.36 MB used.
      Class:     10.59 MB used.
       Both:     77.95 MB used.

Virtual space:
  Non-class space:       72.00 MB reserved,      67.63 MB ( 94%) committed,  9 nodes.
      Class space:        1.00 GB reserved,      10.88 MB (  1%) committed,  1 nodes.
             Both:        1.07 GB reserved,      78.50 MB (  7%) committed. 

Chunk freelists:
   Non-Class:  3.52 MB
       Class:  1.11 MB
        Both:  4.63 MB

MaxMetaspaceSize: unlimited
CompressedClassSpaceSize: 1.00 GB
Initial GC threshold: 21.00 MB
Current GC threshold: 92.31 MB
CDS: off
MetaspaceReclaimPolicy: balanced
 - commit_granule_bytes: 65536.
 - commit_granule_words: 8192.
 - virtual_space_node_default_size: 1048576.
 - enlarge_chunks_in_place: 1.
 - new_chunks_are_fully_committed: 0.
 - uncommit_free_chunks: 1.
 - use_allocation_guard: 0.
 - handle_deallocations: 1.


Internal statistics:

num_allocs_failed_limit: 9.
num_arena_births: 698.
num_arena_deaths: 0.
num_vsnodes_births: 10.
num_vsnodes_deaths: 0.
num_space_committed: 1256.
num_space_uncommitted: 0.
num_chunks_returned_to_freelist: 9.
num_chunks_taken_from_freelist: 3474.
num_chunk_merges: 3.
num_chunk_splits: 2301.
num_chunks_enlarged: 1553.
num_purges: 0.
num_inconsistent_stats: 0.

CodeHeap 'non-profiled nmethods': size=120000Kb used=3842Kb max_used=3842Kb free=116157Kb
 bounds [0x0000017307ad0000, 0x0000017307ea0000, 0x000001730f000000]
CodeHeap 'profiled nmethods': size=120000Kb used=14168Kb max_used=14168Kb free=105831Kb
 bounds [0x0000017300000000, 0x0000017300de0000, 0x0000017307530000]
CodeHeap 'non-nmethods': size=5760Kb used=2368Kb max_used=2450Kb free=3391Kb
 bounds [0x0000017307530000, 0x00000173077b0000, 0x0000017307ad0000]
 total_blobs=8098 nmethods=7202 adapters=806
 compilation: enabled
              stopped_count=0, restarted_count=0
 full_count=0

Compilation events (20 events):
Event: 13.567 Thread 0x000001737b037cb0 8046       2       org.gradle.api.internal.provider.DefaultProviderFactory::of (27 bytes)
Event: 13.567 Thread 0x000001737b037cb0 nmethod 8046 0x0000017300dbeb90 code [0x0000017300dbed40, 0x0000017300dbef58]
Event: 13.567 Thread 0x000001737b037cb0 8047       2       org.gradle.api.internal.provider.DefaultValueSourceProviderFactory$DefaultValueSourceSpec_Decorated::<init> (10 bytes)
Event: 13.568 Thread 0x000001737b037cb0 nmethod 8047 0x0000017300dbf090 code [0x0000017300dbf240, 0x0000017300dbf488]
Event: 13.568 Thread 0x000001737b037cb0 8048       2       com.google.common.collect.Sets::newTreeSet (8 bytes)
Event: 13.568 Thread 0x000001737b037cb0 nmethod 8048 0x0000017300dbf590 code [0x0000017300dbf720, 0x0000017300dbf918]
Event: 13.568 Thread 0x000001737b037cb0 8049       2       org.gradle.api.internal.tasks.properties.bean.AbstractNestedRuntimeBeanNode$BeanPropertyValue::<init> (35 bytes)
Event: 13.569 Thread 0x000001737b037cb0 nmethod 8049 0x0000017300dbfa10 code [0x0000017300dbfbe0, 0x0000017300dbff98]
Event: 13.569 Thread 0x000001737b037cb0 8050       2       org.gradle.api.internal.tasks.properties.bean.AbstractNestedRuntimeBeanNode$BeanPropertyValue$1::<init> (10 bytes)
Event: 13.569 Thread 0x000001737b037cb0 nmethod 8050 0x0000017300dc0190 code [0x0000017300dc0320, 0x0000017300dc0478]
Event: 13.572 Thread 0x000001737b037cb0 8051       2       java.util.ArrayList::forEach (74 bytes)
Event: 13.573 Thread 0x000001737b037cb0 nmethod 8051 0x0000017300dc0510 code [0x0000017300dc06e0, 0x0000017300dc0a68]
Event: 13.573 Thread 0x000001737b037cb0 8053       2       org.gradle.api.reflect.TypeOf::<init> (6 bytes)
Event: 13.573 Thread 0x000001737b037cb0 nmethod 8053 0x0000017300dc0c90 code [0x0000017300dc0e20, 0x0000017300dc0f78]
Event: 13.573 Thread 0x000001737b037cb0 8052       1       org.gradle.api.internal.tasks.properties.annotations.InputPropertyAnnotationHandler::getAnnotationType (3 bytes)
Event: 13.573 Thread 0x000001737b037cb0 nmethod 8052 0x0000017307e8f710 code [0x0000017307e8f8a0, 0x0000017307e8f978]
Event: 13.577 Thread 0x000001737b037cb0 8054       2       org.gradle.internal.instantiation.generator.AbstractClassGenerator$InjectionAnnotationValidator::validateMethod (502 bytes)
Event: 13.580 Thread 0x000001737b037cb0 nmethod 8054 0x0000017300dc1010 code [0x0000017300dc1660, 0x0000017300dc34c8]
Event: 13.584 Thread 0x000001737b037cb0 8055       2       org.gradle.api.internal.file.collections.DefaultConfigurableFileCollection::<init> (65 bytes)
Event: 13.585 Thread 0x000001737b037cb0 nmethod 8055 0x0000017300dc4690 code [0x0000017300dc4860, 0x0000017300dc4ed8]

GC Heap History (20 events):
Event: 7.306 GC heap before
{Heap before GC invocations=14 (full 0):
 garbage-first heap   total 78848K, used 60610K [0x0000000080000000, 0x0000000100000000)
  region size 1024K, 30 young (30720K), 2 survivors (2048K)
 Metaspace       used 48502K, committed 48896K, reserved 1097728K
  class space    used 6413K, committed 6592K, reserved 1048576K
}
Event: 7.310 GC heap after
{Heap after GC invocations=15 (full 0):
 garbage-first heap   total 78848K, used 32242K [0x0000000080000000, 0x0000000100000000)
  region size 1024K, 4 young (4096K), 4 survivors (4096K)
 Metaspace       used 48502K, committed 48896K, reserved 1097728K
  class space    used 6413K, committed 6592K, reserved 1048576K
}
Event: 8.017 GC heap before
{Heap before GC invocations=15 (full 0):
 garbage-first heap   total 78848K, used 58866K [0x0000000080000000, 0x0000000100000000)
  region size 1024K, 31 young (31744K), 4 survivors (4096K)
 Metaspace       used 50409K, committed 50752K, reserved 1097728K
  class space    used 6652K, committed 6784K, reserved 1048576K
}
Event: 8.024 GC heap after
{Heap after GC invocations=16 (full 0):
 garbage-first heap   total 78848K, used 34131K [0x0000000080000000, 0x0000000100000000)
  region size 1024K, 4 young (4096K), 4 survivors (4096K)
 Metaspace       used 50409K, committed 50752K, reserved 1097728K
  class space    used 6652K, committed 6784K, reserved 1048576K
}
Event: 8.642 GC heap before
{Heap before GC invocations=16 (full 0):
 garbage-first heap   total 78848K, used 63827K [0x0000000080000000, 0x0000000100000000)
  region size 1024K, 31 young (31744K), 4 survivors (4096K)
 Metaspace       used 52576K, committed 52992K, reserved 1097728K
  class space    used 6943K, committed 7104K, reserved 1048576K
}
Event: 8.652 GC heap after
{Heap after GC invocations=17 (full 0):
 garbage-first heap   total 78848K, used 42325K [0x0000000080000000, 0x0000000100000000)
  region size 1024K, 4 young (4096K), 4 survivors (4096K)
 Metaspace       used 52576K, committed 52992K, reserved 1097728K
  class space    used 6943K, committed 7104K, reserved 1048576K
}
Event: 9.039 GC heap before
{Heap before GC invocations=17 (full 0):
 garbage-first heap   total 78848K, used 60757K [0x0000000080000000, 0x0000000100000000)
  region size 1024K, 22 young (22528K), 4 survivors (4096K)
 Metaspace       used 55489K, committed 55936K, reserved 1097728K
  class space    used 7298K, committed 7488K, reserved 1048576K
}
Event: 9.043 GC heap after
{Heap after GC invocations=18 (full 0):
 garbage-first heap   total 78848K, used 43250K [0x0000000080000000, 0x0000000100000000)
  region size 1024K, 1 young (1024K), 1 survivors (1024K)
 Metaspace       used 55489K, committed 55936K, reserved 1097728K
  class space    used 7298K, committed 7488K, reserved 1048576K
}
Event: 9.546 GC heap before
{Heap before GC invocations=19 (full 0):
 garbage-first heap   total 80896K, used 61682K [0x0000000080000000, 0x0000000100000000)
  region size 1024K, 19 young (19456K), 1 survivors (1024K)
 Metaspace       used 59028K, committed 59520K, reserved 1105920K
  class space    used 7784K, committed 8000K, reserved 1048576K
}
Event: 9.552 GC heap after
{Heap after GC invocations=20 (full 0):
 garbage-first heap   total 80896K, used 44071K [0x0000000080000000, 0x0000000100000000)
  region size 1024K, 2 young (2048K), 2 survivors (2048K)
 Metaspace       used 59028K, committed 59520K, reserved 1105920K
  class space    used 7784K, committed 8000K, reserved 1048576K
}
Event: 9.573 GC heap before
{Heap before GC invocations=20 (full 0):
 garbage-first heap   total 80896K, used 45095K [0x0000000080000000, 0x0000000100000000)
  region size 1024K, 3 young (3072K), 2 survivors (2048K)
 Metaspace       used 59142K, committed 59584K, reserved 1105920K
  class space    used 7805K, committed 8000K, reserved 1048576K
}
Event: 9.579 GC heap after
{Heap after GC invocations=21 (full 0):
 garbage-first heap   total 80896K, used 44122K [0x0000000080000000, 0x0000000100000000)
  region size 1024K, 1 young (1024K), 1 survivors (1024K)
 Metaspace       used 59142K, committed 59584K, reserved 1105920K
  class space    used 7805K, committed 8000K, reserved 1048576K
}
Event: 9.826 GC heap before
{Heap before GC invocations=21 (full 0):
 garbage-first heap   total 80896K, used 52314K [0x0000000080000000, 0x0000000100000000)
  region size 1024K, 10 young (10240K), 1 survivors (1024K)
 Metaspace       used 61047K, committed 61568K, reserved 1105920K
  class space    used 8036K, committed 8320K, reserved 1048576K
}
Event: 9.828 GC heap after
{Heap after GC invocations=22 (full 0):
 garbage-first heap   total 142336K, used 45366K [0x0000000080000000, 0x0000000100000000)
  region size 1024K, 2 young (2048K), 2 survivors (2048K)
 Metaspace       used 61047K, committed 61568K, reserved 1105920K
  class space    used 8036K, committed 8320K, reserved 1048576K
}
Event: 10.927 GC heap before
{Heap before GC invocations=22 (full 0):
 garbage-first heap   total 142336K, used 118070K [0x0000000080000000, 0x0000000100000000)
  region size 1024K, 66 young (67584K), 2 survivors (2048K)
 Metaspace       used 65695K, committed 66304K, reserved 1114112K
  class space    used 8640K, committed 8896K, reserved 1048576K
}
Event: 10.940 GC heap after
{Heap after GC invocations=23 (full 0):
 garbage-first heap   total 142336K, used 51164K [0x0000000080000000, 0x0000000100000000)
  region size 1024K, 8 young (8192K), 8 survivors (8192K)
 Metaspace       used 65695K, committed 66304K, reserved 1114112K
  class space    used 8640K, committed 8896K, reserved 1048576K
}
Event: 11.927 GC heap before
{Heap before GC invocations=23 (full 0):
 garbage-first heap   total 142336K, used 110556K [0x0000000080000000, 0x0000000100000000)
  region size 1024K, 66 young (67584K), 8 survivors (8192K)
 Metaspace       used 69864K, committed 70400K, reserved 1114112K
  class space    used 9383K, committed 9600K, reserved 1048576K
}
Event: 11.940 GC heap after
{Heap after GC invocations=24 (full 0):
 garbage-first heap   total 142336K, used 55165K [0x0000000080000000, 0x0000000100000000)
  region size 1024K, 4 young (4096K), 4 survivors (4096K)
 Metaspace       used 69864K, committed 70400K, reserved 1114112K
  class space    used 9383K, committed 9600K, reserved 1048576K
}
Event: 12.954 GC heap before
{Heap before GC invocations=24 (full 0):
 garbage-first heap   total 142336K, used 113533K [0x0000000080000000, 0x0000000100000000)
  region size 1024K, 61 young (62464K), 4 survivors (4096K)
 Metaspace       used 76260K, committed 76800K, reserved 1122304K
  class space    used 10403K, committed 10624K, reserved 1048576K
}
Event: 12.967 GC heap after
{Heap after GC invocations=25 (full 0):
 garbage-first heap   total 142336K, used 58862K [0x0000000080000000, 0x0000000100000000)
  region size 1024K, 8 young (8192K), 8 survivors (8192K)
 Metaspace       used 76260K, committed 76800K, reserved 1122304K
  class space    used 10403K, committed 10624K, reserved 1048576K
}

Dll operation events (2 events):
Event: 0.005 Loaded shared library C:\Program Files\Android\Android Studio\jbr\bin\java.dll
Event: 0.545 Loaded shared library C:\Program Files\Android\Android Studio\jbr\bin\verify.dll

Deoptimization events (20 events):
Event: 13.205 Thread 0x000001737c0776d0 Uncommon trap: trap_request=0xfffffff4 fr.pc=0x0000017307e537e8 relative=0x0000000000000068
Event: 13.205 Thread 0x000001737c0776d0 Uncommon trap: reason=null_check action=make_not_entrant pc=0x0000017307e537e8 method=java.lang.Class.isAnnotation()Z @ 1 c2
Event: 13.205 Thread 0x000001737c0776d0 DEOPT PACKING pc=0x0000017307e537e8 sp=0x00000029ff0f7b40
Event: 13.205 Thread 0x000001737c0776d0 DEOPT UNPACKING pc=0x00000173075869a3 sp=0x00000029ff0f7ad0 mode 2
Event: 13.235 Thread 0x000001737c0776d0 DEOPT PACKING pc=0x0000017300b937f6 sp=0x00000029ff0f7a00
Event: 13.235 Thread 0x000001737c0776d0 DEOPT UNPACKING pc=0x0000017307587143 sp=0x00000029ff0f6fa0 mode 0
Event: 13.245 Thread 0x000001737c0776d0 Uncommon trap: trap_request=0xffffff45 fr.pc=0x0000017307d6e058 relative=0x0000000000000778
Event: 13.245 Thread 0x000001737c0776d0 Uncommon trap: reason=unstable_if action=reinterpret pc=0x0000017307d6e058 method=java.util.HashMap.putVal(ILjava/lang/Object;Ljava/lang/Object;ZZ)Ljava/lang/Object; @ 109 c2
Event: 13.245 Thread 0x000001737c0776d0 DEOPT PACKING pc=0x0000017307d6e058 sp=0x00000029ff0f7740
Event: 13.245 Thread 0x000001737c0776d0 DEOPT UNPACKING pc=0x00000173075869a3 sp=0x00000029ff0f7658 mode 2
Event: 13.245 Thread 0x000001737c0776d0 Uncommon trap: trap_request=0xffffff45 fr.pc=0x0000017307c73950 relative=0x00000000000006f0
Event: 13.245 Thread 0x000001737c0776d0 Uncommon trap: reason=unstable_if action=reinterpret pc=0x0000017307c73950 method=java.util.HashMap.putVal(ILjava/lang/Object;Ljava/lang/Object;ZZ)Ljava/lang/Object; @ 109 c2
Event: 13.245 Thread 0x000001737c0776d0 DEOPT PACKING pc=0x0000017307c73950 sp=0x00000029ff0f7690
Event: 13.245 Thread 0x000001737c0776d0 DEOPT UNPACKING pc=0x00000173075869a3 sp=0x00000029ff0f7648 mode 2
Event: 13.261 Thread 0x000001737c0776d0 DEOPT PACKING pc=0x0000017300b937f6 sp=0x00000029ff0f6cb0
Event: 13.261 Thread 0x000001737c0776d0 DEOPT UNPACKING pc=0x0000017307587143 sp=0x00000029ff0f6250 mode 0
Event: 13.443 Thread 0x000001737c0776d0 DEOPT PACKING pc=0x0000017300b937f6 sp=0x00000029ff0f90d0
Event: 13.443 Thread 0x000001737c0776d0 DEOPT UNPACKING pc=0x0000017307587143 sp=0x00000029ff0f8670 mode 0
Event: 13.577 Thread 0x000001737c0776d0 DEOPT PACKING pc=0x0000017300b93893 sp=0x00000029ff0f8f50
Event: 13.577 Thread 0x000001737c0776d0 DEOPT UNPACKING pc=0x0000017307587143 sp=0x00000029ff0f84f0 mode 0

Classes unloaded (0 events):
No events

Classes redefined (0 events):
No events

Internal exceptions (20 events):
Event: 11.200 Thread 0x000001737c0776d0 Exception <a 'java/lang/ClassNotFoundException'{0x00000000870733c0}: org/gradle/api/internal/artifacts/dsl/dependencies/DefaultDependencyHandlerBeanInfo> (0x00000000870733c0) 
thrown [s\src\hotspot\share\classfile\systemDictionary.cpp, line 256]
Event: 11.202 Thread 0x000001737c0776d0 Exception <a 'java/lang/ClassNotFoundException'{0x000000008708a908}: org/gradle/api/internal/artifacts/dsl/dependencies/DefaultDependencyHandlerCustomizer> (0x000000008708a908) 
thrown [s\src\hotspot\share\classfile\systemDictionary.cpp, line 256]
Event: 11.204 Thread 0x000001737c0776d0 Exception <a 'java/lang/ClassNotFoundException'{0x00000000870ca2c0}: org/gradle/api/internal/artifacts/dsl/dependencies/DefaultDependencyHandler_DecoratedCustomizer> (0x00000000870ca2c0) 
thrown [s\src\hotspot\share\classfile\systemDictionary.cpp, line 256]
Event: 12.253 Thread 0x000001737c0776d0 Exception <a 'java/lang/ClassNotFoundException'{0x0000000087a6e718}: com/android/build/gradle/internal/api/ApkVariantOutputImpl_DecoratedBeanInfo> (0x0000000087a6e718) 
thrown [s\src\hotspot\share\classfile\systemDictionary.cpp, line 256]
Event: 12.253 Thread 0x000001737c0776d0 Exception <a 'java/lang/ClassNotFoundException'{0x0000000087a7a228}: com/android/build/gradle/internal/api/ApkVariantOutputImplBeanInfo> (0x0000000087a7a228) 
thrown [s\src\hotspot\share\classfile\systemDictionary.cpp, line 256]
Event: 12.254 Thread 0x000001737c0776d0 Exception <a 'java/lang/ClassNotFoundException'{0x0000000087a86d08}: com/android/build/gradle/internal/api/BaseVariantOutputImplBeanInfo> (0x0000000087a86d08) 
thrown [s\src\hotspot\share\classfile\systemDictionary.cpp, line 256]
Event: 12.254 Thread 0x000001737c0776d0 Exception <a 'java/lang/ClassNotFoundException'{0x0000000087a92800}: com/android/build/gradle/internal/api/BaseVariantOutputImplCustomizer> (0x0000000087a92800) 
thrown [s\src\hotspot\share\classfile\systemDictionary.cpp, line 256]
Event: 12.255 Thread 0x000001737c0776d0 Exception <a 'java/lang/ClassNotFoundException'{0x0000000087ab0f50}: com/android/build/gradle/internal/api/ApkVariantOutputImplCustomizer> (0x0000000087ab0f50) 
thrown [s\src\hotspot\share\classfile\systemDictionary.cpp, line 256]
Event: 12.256 Thread 0x000001737c0776d0 Exception <a 'java/lang/ClassNotFoundException'{0x0000000087aca670}: com/android/build/gradle/internal/api/ApkVariantOutputImpl_DecoratedCustomizer> (0x0000000087aca670) 
thrown [s\src\hotspot\share\classfile\systemDictionary.cpp, line 256]
Event: 12.264 Thread 0x000001737c0776d0 Exception <a 'java/lang/NoClassDefFoundError'{0x00000000879ad210}: org/jetbrains/kotlin/gradle/plugin/KotlinBasePluginWrapper> (0x00000000879ad210) 
thrown [s\src\hotspot\share\classfile\systemDictionary.cpp, line 245]
Event: 12.310 Thread 0x000001737c0776d0 Implicit null exception at 0x0000017307bf0060 to 0x0000017307bf00ec
Event: 12.366 Thread 0x000001737c0776d0 Exception <a 'java/lang/NoSuchMethodError'{0x0000000087350ac0}: 'java.lang.Object java.lang.invoke.DirectMethodHandle$Holder.invokeStatic(java.lang.Object, int, java.lang.Object)'> (0x0000000087350ac0) 
thrown [s\src\hotspot\share\interpreter\linkResolver.cpp, line 771]
Event: 12.711 Thread 0x000001737c0776d0 Exception <a 'sun/nio/fs/WindowsException'{0x0000000085f49290}> (0x0000000085f49290) 
thrown [s\src\hotspot\share\prims\jni.cpp, line 517]
Event: 12.836 Thread 0x000001737c0776d0 Exception <a 'java/lang/NullPointerException'{0x000000008586a818}> (0x000000008586a818) 
thrown [s\src\hotspot\share\interpreter\linkResolver.cpp, line 1447]
Event: 12.914 Thread 0x000001737c0776d0 Implicit null exception at 0x0000017307bb7da1 to 0x0000017307bba094
Event: 13.167 Thread 0x000001737c0776d0 Exception <a 'sun/nio/fs/WindowsException'{0x0000000088381b78}> (0x0000000088381b78) 
thrown [s\src\hotspot\share\prims\jni.cpp, line 517]
Event: 13.167 Thread 0x000001737c0776d0 Exception <a 'sun/nio/fs/WindowsException'{0x0000000088382f08}> (0x0000000088382f08) 
thrown [s\src\hotspot\share\prims\jni.cpp, line 517]
Event: 13.168 Thread 0x000001737c0776d0 Exception <a 'sun/nio/fs/WindowsException'{0x00000000883842d0}> (0x00000000883842d0) 
thrown [s\src\hotspot\share\prims\jni.cpp, line 517]
Event: 13.168 Thread 0x000001737c0776d0 Exception <a 'sun/nio/fs/WindowsException'{0x0000000088385698}> (0x0000000088385698) 
thrown [s\src\hotspot\share\prims\jni.cpp, line 517]
Event: 13.268 Thread 0x000001737c0776d0 Exception <a 'java/lang/NoSuchMethodError'{0x0000000087d5f6a8}: 'java.lang.Object java.lang.invoke.DirectMethodHandle$Holder.newInvokeSpecial(java.lang.Object, java.lang.Object, int)'> (0x0000000087d5f6a8) 
thrown [s\src\hotspot\share\interpreter\linkResolver.cpp, line 771]

VM Operations (20 events):
Event: 12.222 Executing VM operation: ICBufferFull
Event: 12.223 Executing VM operation: ICBufferFull done
Event: 12.520 Executing VM operation: ICBufferFull
Event: 12.521 Executing VM operation: ICBufferFull done
Event: 12.800 Executing VM operation: HandshakeAllThreads
Event: 12.800 Executing VM operation: HandshakeAllThreads done
Event: 12.912 Executing VM operation: HandshakeAllThreads
Event: 12.912 Executing VM operation: HandshakeAllThreads done
Event: 12.926 Executing VM operation: HandshakeAllThreads
Event: 12.926 Executing VM operation: HandshakeAllThreads done
Event: 12.954 Executing VM operation: G1CollectForAllocation
Event: 12.967 Executing VM operation: G1CollectForAllocation done
Event: 13.128 Executing VM operation: HandshakeAllThreads
Event: 13.128 Executing VM operation: HandshakeAllThreads done
Event: 13.185 Executing VM operation: HandshakeAllThreads
Event: 13.185 Executing VM operation: HandshakeAllThreads done
Event: 13.354 Executing VM operation: ICBufferFull
Event: 13.354 Executing VM operation: ICBufferFull done
Event: 13.553 Executing VM operation: HandshakeAllThreads
Event: 13.553 Executing VM operation: HandshakeAllThreads done

Events (20 events):
Event: 13.151 loading class java/util/regex/Pattern$Neg
Event: 13.151 loading class java/util/regex/Pattern$Neg done
Event: 13.160 loading class javax/xml/datatype/DatatypeConfigurationException
Event: 13.160 loading class javax/xml/datatype/DatatypeConfigurationException done
Event: 13.161 loading class jdk/internal/reflect/UnsafeIntegerFieldAccessorImpl
Event: 13.162 loading class jdk/internal/reflect/UnsafeIntegerFieldAccessorImpl done
Event: 13.163 loading class com/sun/org/apache/xerces/internal/impl/io/MalformedByteSequenceException
Event: 13.164 loading class java/io/CharConversionException
Event: 13.164 loading class java/io/CharConversionException done
Event: 13.164 loading class com/sun/org/apache/xerces/internal/impl/io/MalformedByteSequenceException done
Event: 13.168 loading class java/util/EnumMap$EntrySet
Event: 13.168 loading class java/util/EnumMap$EntrySet done
Event: 13.168 loading class java/util/EnumMap$EntryIterator
Event: 13.169 loading class java/util/EnumMap$EnumMapIterator
Event: 13.169 loading class java/util/EnumMap$EnumMapIterator done
Event: 13.169 loading class java/util/EnumMap$EntryIterator done
Event: 13.169 loading class java/util/EnumMap$EntryIterator$Entry
Event: 13.169 loading class java/util/EnumMap$EntryIterator$Entry done
Event: 13.180 loading class jdk/internal/reflect/UnsafeBooleanFieldAccessorImpl
Event: 13.180 loading class jdk/internal/reflect/UnsafeBooleanFieldAccessorImpl done


Dynamic libraries:
0x00007ff6e7f90000 - 0x00007ff6e7f9a000 	C:\Program Files\Android\Android Studio\jbr\bin\java.exe
0x00007ff8ccca0000 - 0x00007ff8cce90000 	C:\Windows\SYSTEM32\ntdll.dll
0x00007ff8cb510000 - 0x00007ff8cb5c2000 	C:\Windows\System32\KERNEL32.DLL
0x00007ff8ca9d0000 - 0x00007ff8cac72000 	C:\Windows\System32\KERNELBASE.dll
0x00007ff8ca5b0000 - 0x00007ff8ca6aa000 	C:\Windows\System32\ucrtbase.dll
0x00007ff8ae950000 - 0x00007ff8ae96b000 	C:\Program Files\Android\Android Studio\jbr\bin\VCRUNTIME140.dll
0x00007ff8ae930000 - 0x00007ff8ae947000 	C:\Program Files\Android\Android Studio\jbr\bin\jli.dll
0x00007ff8cb020000 - 0x00007ff8cb1b3000 	C:\Windows\System32\USER32.dll
0x00007ff8caca0000 - 0x00007ff8cacc1000 	C:\Windows\System32\win32u.dll
0x00007ff8b3230000 - 0x00007ff8b34b5000 	C:\Windows\WinSxS\amd64_microsoft.windows.common-controls_6595b64144ccf1df_6.0.18362.30_none_a1435978519dce7f\COMCTL32.dll
0x00007ff8cb400000 - 0x00007ff8cb49e000 	C:\Windows\System32\msvcrt.dll
0x00007ff8cb630000 - 0x00007ff8cb656000 	C:\Windows\System32\GDI32.dll
0x00007ff8ca800000 - 0x00007ff8ca994000 	C:\Windows\System32\gdi32full.dll
0x00007ff8cc880000 - 0x00007ff8ccbb6000 	C:\Windows\System32\combase.dll
0x00007ff8ca4c0000 - 0x00007ff8ca55e000 	C:\Windows\System32\msvcp_win.dll
0x00007ff8cb6d0000 - 0x00007ff8cb7f0000 	C:\Windows\System32\RPCRT4.dll
0x00007ff8cacd0000 - 0x00007ff8cad51000 	C:\Windows\System32\bcryptPrimitives.dll
0x00007ff8cb270000 - 0x00007ff8cb29e000 	C:\Windows\System32\IMM32.DLL
0x00007ff8bad50000 - 0x00007ff8bad5c000 	C:\Program Files\Android\Android Studio\jbr\bin\vcruntime140_1.dll
0x00007ff8ad7e0000 - 0x00007ff8ad86d000 	C:\Program Files\Android\Android Studio\jbr\bin\msvcp140.dll
0x00007ff864df0000 - 0x00007ff865a5d000 	C:\Program Files\Android\Android Studio\jbr\bin\server\jvm.dll
0x00007ff8cba10000 - 0x00007ff8cbab3000 	C:\Windows\System32\ADVAPI32.dll
0x00007ff8ccbc0000 - 0x00007ff8ccc57000 	C:\Windows\System32\sechost.dll
0x00007ff8c6070000 - 0x00007ff8c6094000 	C:\Windows\SYSTEM32\WINMM.dll
0x00007ff8a0c60000 - 0x00007ff8a0c69000 	C:\Windows\SYSTEM32\WSOCK32.dll
0x00007ff8bf920000 - 0x00007ff8bf92a000 	C:\Windows\SYSTEM32\VERSION.dll
0x00007ff8cb8c0000 - 0x00007ff8cb92f000 	C:\Windows\System32\WS2_32.dll
0x00007ff8c5f90000 - 0x00007ff8c5fbd000 	C:\Windows\SYSTEM32\WINMMBASE.dll
0x00007ff8ca560000 - 0x00007ff8ca5aa000 	C:\Windows\System32\cfgmgr32.dll
0x00007ff8c9b80000 - 0x00007ff8c9b91000 	C:\Windows\System32\kernel.appcore.dll
0x00007ff89b0f0000 - 0x00007ff89b0fa000 	C:\Program Files\Android\Android Studio\jbr\bin\jimage.dll
0x00007ff8c8380000 - 0x00007ff8c8574000 	C:\Windows\SYSTEM32\DBGHELP.DLL
0x00007ff8b7510000 - 0x00007ff8b753a000 	C:\Windows\SYSTEM32\dbgcore.DLL
0x00007ff880fa0000 - 0x00007ff880fc5000 	C:\Program Files\Android\Android Studio\jbr\bin\java.dll
0x00007ff88ec70000 - 0x00007ff88ec88000 	C:\Program Files\Android\Android Studio\jbr\bin\zip.dll
0x00007ff8cbfb0000 - 0x00007ff8cc690000 	C:\Windows\System32\SHELL32.dll
0x00007ff8cadc0000 - 0x00007ff8cae69000 	C:\Windows\System32\shcore.dll
0x00007ff8c9c30000 - 0x00007ff8ca3ab000 	C:\Windows\System32\windows.storage.dll
0x00007ff8c9bf0000 - 0x00007ff8c9c0f000 	C:\Windows\System32\profapi.dll
0x00007ff8c9ba0000 - 0x00007ff8c9bea000 	C:\Windows\System32\powrprof.dll
0x00007ff8c9b70000 - 0x00007ff8c9b80000 	C:\Windows\System32\UMPDC.dll
0x00007ff8cad60000 - 0x00007ff8cadb2000 	C:\Windows\System32\shlwapi.dll
0x00007ff8cac80000 - 0x00007ff8cac97000 	C:\Windows\System32\cryptsp.dll
0x00007ff880f80000 - 0x00007ff880f99000 	C:\Program Files\Android\Android Studio\jbr\bin\net.dll
0x00007ff8bc080000 - 0x00007ff8bc16f000 	C:\Windows\SYSTEM32\WINHTTP.dll
0x00007ff8c93e0000 - 0x00007ff8c9447000 	C:\Windows\system32\mswsock.dll
0x00007ff880f60000 - 0x00007ff880f76000 	C:\Program Files\Android\Android Studio\jbr\bin\nio.dll
0x00007ff880f50000 - 0x00007ff880f60000 	C:\Program Files\Android\Android Studio\jbr\bin\verify.dll
0x00007ff8819f0000 - 0x00007ff881a17000 	C:\Users\ascom\.gradle\native\e1d6ef7f7dcc3fd88c89a11ec53ec762bb8ba0a96d01ffa2cd45eb1d1d8dd5c5\windows-amd64\native-platform.dll
0x00007ff89afa0000 - 0x00007ff89b0e4000 	C:\Users\ascom\.gradle\native\0d407fdbe67a94daf76414ababcb853783967236a71b16ec16e742cd7a986fd3\windows-amd64\native-platform-file-events.dll
0x00007ff89ad80000 - 0x00007ff89ad89000 	C:\Program Files\Android\Android Studio\jbr\bin\management.dll
0x00007ff881a30000 - 0x00007ff881a3b000 	C:\Program Files\Android\Android Studio\jbr\bin\management_ext.dll
0x00007ff8cba00000 - 0x00007ff8cba08000 	C:\Windows\System32\PSAPI.DLL
0x00007ff8c8fa0000 - 0x00007ff8c8fd3000 	C:\Windows\system32\rsaenh.dll
0x00007ff8ca9a0000 - 0x00007ff8ca9c6000 	C:\Windows\System32\bcrypt.dll
0x00007ff8c9a60000 - 0x00007ff8c9a85000 	C:\Windows\SYSTEM32\USERENV.dll
0x00007ff8c95b0000 - 0x00007ff8c95bc000 	C:\Windows\SYSTEM32\CRYPTBASE.dll
0x00007ff8c9140000 - 0x00007ff8c917a000 	C:\Windows\SYSTEM32\IPHLPAPI.DLL
0x00007ff8cb6c0000 - 0x00007ff8cb6c8000 	C:\Windows\System32\NSI.dll
0x00007ff8bfcc0000 - 0x00007ff8bfcd6000 	C:\Windows\SYSTEM32\dhcpcsvc6.DLL
0x00007ff8bfca0000 - 0x00007ff8bfcbc000 	C:\Windows\SYSTEM32\dhcpcsvc.DLL
0x00007ff8c9180000 - 0x00007ff8c924a000 	C:\Windows\SYSTEM32\DNSAPI.dll
0x00007ff880b00000 - 0x00007ff880b07000 	C:\Windows\system32\wshunix.dll

dbghelp: loaded successfully - version: 4.0.5 - missing functions: none
symbol engine: initialized successfully - sym options: 0x614 - pdb path: .;C:\Program Files\Android\Android Studio\jbr\bin;C:\Windows\SYSTEM32;C:\Windows\WinSxS\amd64_microsoft.windows.common-controls_6595b64144ccf1df_6.0.18362.30_none_a1435978519dce7f;C:\Program Files\Android\Android Studio\jbr\bin\server;C:\Users\ascom\.gradle\native\e1d6ef7f7dcc3fd88c89a11ec53ec762bb8ba0a96d01ffa2cd45eb1d1d8dd5c5\windows-amd64;C:\Users\ascom\.gradle\native\0d407fdbe67a94daf76414ababcb853783967236a71b16ec16e742cd7a986fd3\windows-amd64

VM Arguments:
jvm_args: --add-opens=java.base/java.util=ALL-UNNAMED --add-opens=java.base/java.lang=ALL-UNNAMED --add-opens=java.base/java.lang.invoke=ALL-UNNAMED --add-opens=java.base/java.util=ALL-UNNAMED --add-opens=java.prefs/java.util.prefs=ALL-UNNAMED --add-opens=java.prefs/java.util.prefs=ALL-UNNAMED --add-opens=java.base/java.nio.charset=ALL-UNNAMED --add-opens=java.base/java.net=ALL-UNNAMED --add-opens=java.base/java.util.concurrent.atomic=ALL-UNNAMED -Xmx2048m -Dfile.encoding=UTF-8 -Duser.country=US -Duser.language=en -Duser.variant 
java_command: org.gradle.launcher.daemon.bootstrap.GradleDaemon 7.5
java_class_path (initial): C:\Users\ascom\.gradle\wrapper\dists\gradle-7.5-bin\f1w0cc9nuo0eivz97x2xlu9sv\gradle-7.5\lib\gradle-launcher-7.5.jar
Launcher Type: SUN_STANDARD

[Global flags]
     intx CICompilerCount                          = 3                                         {product} {ergonomic}
     uint ConcGCThreads                            = 1                                         {product} {ergonomic}
     uint G1ConcRefinementThreads                  = 4                                         {product} {ergonomic}
   size_t G1HeapRegionSize                         = 1048576                                   {product} {ergonomic}
    uintx GCDrainStackTargetSize                   = 64                                        {product} {ergonomic}
   size_t InitialHeapSize                          = 134217728                                 {product} {ergonomic}
   size_t MarkStackSize                            = 4194304                                   {product} {ergonomic}
   size_t MaxHeapSize                              = 2147483648                                {product} {command line}
   size_t MaxNewSize                               = 1287651328                                {product} {ergonomic}
   size_t MinHeapDeltaBytes                        = 1048576                                   {product} {ergonomic}
   size_t MinHeapSize                              = 8388608                                   {product} {ergonomic}
    uintx NonNMethodCodeHeapSize                   = 5832780                                {pd product} {ergonomic}
    uintx NonProfiledCodeHeapSize                  = 122912730                              {pd product} {ergonomic}
    uintx ProfiledCodeHeapSize                     = 122912730                              {pd product} {ergonomic}
    uintx ReservedCodeCacheSize                    = 251658240                              {pd product} {ergonomic}
     bool SegmentedCodeCache                       = true                                      {product} {ergonomic}
   size_t SoftMaxHeapSize                          = 2147483648                             {manageable} {ergonomic}
     bool UseCompressedClassPointers               = true                           {product lp64_product} {ergonomic}
     bool UseCompressedOops                        = true                           {product lp64_product} {ergonomic}
     bool UseG1GC                                  = true                                      {product} {ergonomic}
     bool UseLargePagesIndividualAllocation        = false                                  {pd product} {ergonomic}

Logging:
Log output configuration:
 #0: stdout all=warning uptime,level,tags
 #1: stderr all=off uptime,level,tags

Environment Variables:
PATH=C:\Program Files (x86)\VMware\VMware Workstation\bin\;C:\ProgramData\Oracle\Java\javapath;C:\Program Files\Common Files\Oracle\Java\javapath;C:\Windows\system32;C:\Windows;C:\Windows\System32\Wbem;C:\Windows\System32\WindowsPowerShell\v1.0\;C:\Windows\System32\OpenSSH\;C:\Program Files\Java\jdk1.8.0_111\bin;C:\Program Files\Git\cmd;;C:\minikube;C:\Program Files\nodejs\;C:\Users\ascom\AppData\Local\Programs\Python\Python311\Scripts\;C:\Users\ascom\AppData\Local\Programs\Python\Python311\;C:\Users\ascom\AppData\Local\Microsoft\WindowsApps;;C:\Users\ascom\AppData\Local\Programs\Microsoft VS Code\bin;C:\Users\ascom\AppData\Roaming\npm
USERNAME=ascom
OS=Windows_NT
PROCESSOR_IDENTIFIER=Intel64 Family 6 Model 142 Stepping 9, GenuineIntel
TMP=C:\Users\ascom\AppData\Local\Temp
TEMP=C:\Users\ascom\AppData\Local\Temp



---------------  S Y S T E M  ---------------

OS:
 Windows 10 , 64 bit Build 18362 (10.0.18362.1)
OS uptime: 0 days 0:30 hours

CPU: total 4 (initial active 4) (2 cores per cpu, 2 threads per core) family 6 model 142 stepping 9 microcode 0xca, cx8, cmov, fxsr, ht, mmx, 3dnowpref, sse, sse2, sse3, ssse3, sse4.1, sse4.2, popcnt, lzcnt, tsc, tscinvbit, avx, avx2, aes, erms, clmul, bmi1, bmi2, adx, fma, vzeroupper, clflush, clflushopt

Memory: 4k page, system-wide physical 8108M (561M free)
TotalPageFile size 10156M (AvailPageFile size 5M)
current process WorkingSet (physical memory assigned to process): 366M, peak: 367M
current process commit charge ("private bytes"): 394M, peak: 395M

vm_info: OpenJDK 64-Bit Server VM (17.0.6+0-b2043.56-9586694) for windows-amd64 JRE (17.0.6+0-b2043.56-9586694), built on Feb  9 2023 20:06:20 by "androidbuild" with MS VC++ 16.10 / 16.11 (VS2019)

END.
