#
# There is insufficient memory for the Java Runtime Environment to continue.
# Native memory allocation (malloc) failed to allocate 918208 bytes for Chunk::new
# Possible reasons:
#   The system is out of physical RAM or swap space
#   The process is running with CompressedOops enabled, and the Java Heap may be blocking the growth of the native heap
# Possible solutions:
#   Reduce memory load on the system
#   Increase physical memory or swap space
#   Check if swap backing store is full
#   Decrease Java heap size (-Xmx/-Xms)
#   Decrease number of Java threads
#   Decrease Java thread stack sizes (-Xss)
#   Set larger code cache with -XX:ReservedCodeCacheSize=
#   JVM is running with Unscaled Compressed Oops mode in which the Java heap is
#     placed in the first 4GB address space. The Java Heap base address is the
#     maximum limit for the native heap growth. Please use -XX:HeapBaseMinAddress
#     to set the Java Heap base and to place the Java Heap above 4GB virtual address.
# This output file may be truncated or incomplete.
#
#  Out of Memory Error (arena.cpp:189), pid=11100, tid=8764
#
# JRE version: OpenJDK Runtime Environment (17.0.6) (build 17.0.6+0-b2043.56-9586694)
# Java VM: OpenJDK 64-Bit Server VM (17.0.6+0-b2043.56-9586694, mixed mode, tiered, compressed oops, compressed class ptrs, g1 gc, windows-amd64)
# No core dump will be written. Minidumps are not enabled by default on client versions of Windows
#

---------------  S U M M A R Y ------------

Command Line: --add-opens=java.base/java.util=ALL-UNNAMED --add-opens=java.base/java.lang=ALL-UNNAMED --add-opens=java.base/java.lang.invoke=ALL-UNNAMED --add-opens=java.base/java.util=ALL-UNNAMED --add-opens=java.prefs/java.util.prefs=ALL-UNNAMED --add-opens=java.prefs/java.util.prefs=ALL-UNNAMED --add-opens=java.base/java.nio.charset=ALL-UNNAMED --add-opens=java.base/java.net=ALL-UNNAMED --add-opens=java.base/java.util.concurrent.atomic=ALL-UNNAMED -Xmx2048m -Dfile.encoding=UTF-8 -Duser.country=US -Duser.language=en -Duser.variant org.gradle.launcher.daemon.bootstrap.GradleDaemon 7.5

Host: Intel(R) Core(TM) i5-7200U CPU @ 2.50GHz, 4 cores, 7G,  Windows 10 , 64 bit Build 18362 (10.0.18362.1)
Time: Fri May 19 23:21:14 2023 Egypt Standard Time elapsed time: 19.341729 seconds (0d 0h 0m 19s)

---------------  T H R E A D  ---------------

Current thread (0x0000011839c3eaa0):  JavaThread "C2 CompilerThread0" daemon [_thread_in_native, id=8764, stack(0x0000000f8aa00000,0x0000000f8ab00000)]


Current CompileTask:
C2:  19341 10112       4       sun.invoke.util.VerifyAccess::isClassAccessible (230 bytes)

Stack: [0x0000000f8aa00000,0x0000000f8ab00000]
Native frames: (J=compiled Java code, j=interpreted, Vv=VM code, C=native code)
V  [jvm.dll+0x683b4a]
V  [jvm.dll+0x842654]
V  [jvm.dll+0x843dfe]
V  [jvm.dll+0x844463]
V  [jvm.dll+0x249b75]
V  [jvm.dll+0xabcac]
V  [jvm.dll+0xac27c]
V  [jvm.dll+0x368857]
V  [jvm.dll+0x332f31]
V  [jvm.dll+0x3323da]
V  [jvm.dll+0x21c201]
V  [jvm.dll+0x21b621]
V  [jvm.dll+0x1a4fdd]
V  [jvm.dll+0x22b098]
V  [jvm.dll+0x229159]
V  [jvm.dll+0x7f809c]
V  [jvm.dll+0x7f25fa]
V  [jvm.dll+0x682985]
C  [ucrtbase.dll+0x1d912]
C  [KERNEL32.DLL+0x17944]
C  [ntdll.dll+0x6ce71]


---------------  P R O C E S S  ---------------

Threads class SMR info:
_java_thread_list=0x0000011844502100, length=87, elements={
0x000001181dabf950, 0x0000011839038260, 0x0000011839c011f0, 0x0000011839c38470,
0x0000011839c38d30, 0x0000011839c2b0a0, 0x0000011839c2d580, 0x0000011839c3eaa0,
0x0000011839c47bc0, 0x0000011839c4ace0, 0x0000011839dd0010, 0x0000011839dd08f0,
0x000001183c17f3a0, 0x000001183c21acb0, 0x000001183a416920, 0x000001183a96ff50,
0x000001183c1f1ae0, 0x000001183a91ecc0, 0x000001183a91f190, 0x000001183a91f660,
0x000001183a921810, 0x000001183a9209a0, 0x000001183a920000, 0x000001183a91e7f0,
0x000001183a920e70, 0x000001183d1f0af0, 0x000001183a91de50, 0x000001183a91fb30,
0x000001183a9204d0, 0x000001183d4c5f60, 0x000001183d4bff20, 0x000001183d4c2f40,
0x000001183d4c03f0, 0x000001183d4c4280, 0x000001183d4c20d0, 0x000001183d4c1730,
0x000001183d4c3410, 0x000001183d4bf580, 0x000001183d4c5a90, 0x000001183d4c08c0,
0x000001183d4bf0b0, 0x000001183d4c4c20, 0x000001183d4c50f0, 0x000001183d4c38e0,
0x000001183d4c3db0, 0x000001183d4be710, 0x000001183d4c25a0, 0x000001183d4c1260,
0x000001183d4c1c00, 0x000001183d4c2a70, 0x000001183d174ec0, 0x000001183d176ba0,
0x000001183d17a090, 0x000001183d178d50, 0x000001183d172d10, 0x000001183d1796f0,
0x000001183d1731e0, 0x000001183d1783b0, 0x000001183d1736b0, 0x000001183d174050,
0x000001183d178880, 0x000001183d179220, 0x000001183d17a560, 0x000001183d1749f0,
0x000001183d177a10, 0x000001183d179bc0, 0x000001183d173b80, 0x000001183d176200,
0x000001183d1766d0, 0x000001183d174520, 0x000001183d175390, 0x000001183d175860,
0x000001183d177070, 0x000001183d175d30, 0x000001183d177540, 0x000001183d177ee0,
0x000001183f147230, 0x000001183f1480a0, 0x000001183f143870, 0x000001183f1463c0,
0x000001183f142a00, 0x000001183f146890, 0x000001183f145550, 0x000001183f1493e0,
0x000001183f146d60, 0x000001183f148a40, 0x000001183f142530
}

Java Threads: ( => current thread )
  0x000001181dabf950 JavaThread "main" [_thread_blocked, id=9880, stack(0x0000000f89d00000,0x0000000f89e00000)]
  0x0000011839038260 JavaThread "Reference Handler" daemon [_thread_blocked, id=1620, stack(0x0000000f8a400000,0x0000000f8a500000)]
  0x0000011839c011f0 JavaThread "Finalizer" daemon [_thread_blocked, id=5108, stack(0x0000000f8a500000,0x0000000f8a600000)]
  0x0000011839c38470 JavaThread "Signal Dispatcher" daemon [_thread_blocked, id=7280, stack(0x0000000f8a600000,0x0000000f8a700000)]
  0x0000011839c38d30 JavaThread "Attach Listener" daemon [_thread_blocked, id=8416, stack(0x0000000f8a700000,0x0000000f8a800000)]
  0x0000011839c2b0a0 JavaThread "Service Thread" daemon [_thread_blocked, id=7576, stack(0x0000000f8a800000,0x0000000f8a900000)]
  0x0000011839c2d580 JavaThread "Monitor Deflation Thread" daemon [_thread_blocked, id=6520, stack(0x0000000f8a900000,0x0000000f8aa00000)]
=>0x0000011839c3eaa0 JavaThread "C2 CompilerThread0" daemon [_thread_in_native, id=8764, stack(0x0000000f8aa00000,0x0000000f8ab00000)]
  0x0000011839c47bc0 JavaThread "C1 CompilerThread0" daemon [_thread_blocked, id=11408, stack(0x0000000f8ab00000,0x0000000f8ac00000)]
  0x0000011839c4ace0 JavaThread "Sweeper thread" daemon [_thread_blocked, id=11208, stack(0x0000000f8ac00000,0x0000000f8ad00000)]
  0x0000011839dd0010 JavaThread "Common-Cleaner" daemon [_thread_blocked, id=6984, stack(0x0000000f8ad00000,0x0000000f8ae00000)]
  0x0000011839dd08f0 JavaThread "Notification Thread" daemon [_thread_blocked, id=3500, stack(0x0000000f8ae00000,0x0000000f8af00000)]
  0x000001183c17f3a0 JavaThread "Daemon health stats" [_thread_blocked, id=10208, stack(0x0000000f8b400000,0x0000000f8b500000)]
  0x000001183c21acb0 JavaThread "Incoming local TCP Connector on port 50205" [_thread_in_native, id=11200, stack(0x0000000f8b000000,0x0000000f8b100000)]
  0x000001183a416920 JavaThread "Daemon periodic checks" [_thread_blocked, id=1564, stack(0x0000000f8b500000,0x0000000f8b600000)]
  0x000001183a96ff50 JavaThread "Daemon" [_thread_blocked, id=6308, stack(0x0000000f8b600000,0x0000000f8b700000)]
  0x000001183c1f1ae0 JavaThread "Handler for socket connection from /127.0.0.1:50205 to /127.0.0.1:50206" [_thread_in_native, id=3456, stack(0x0000000f8b700000,0x0000000f8b800000)]
  0x000001183a91ecc0 JavaThread "Cancel handler" [_thread_blocked, id=8928, stack(0x0000000f8b800000,0x0000000f8b900000)]
  0x000001183a91f190 JavaThread "Daemon worker" [_thread_blocked, id=9624, stack(0x0000000f8b900000,0x0000000f8ba00000)]
  0x000001183a91f660 JavaThread "Asynchronous log dispatcher for DefaultDaemonConnection: socket connection from /127.0.0.1:50205 to /127.0.0.1:50206" [_thread_blocked, id=8944, stack(0x0000000f8ba00000,0x0000000f8bb00000)]
  0x000001183a921810 JavaThread "Stdin handler" [_thread_blocked, id=9704, stack(0x0000000f8bb00000,0x0000000f8bc00000)]
  0x000001183a9209a0 JavaThread "Daemon client event forwarder" [_thread_blocked, id=7372, stack(0x0000000f8bc00000,0x0000000f8bd00000)]
  0x000001183a920000 JavaThread "Cache worker for journal cache (C:\Users\ascom\.gradle\caches\journal-1)" [_thread_blocked, id=8100, stack(0x0000000f8bd00000,0x0000000f8be00000)]
  0x000001183a91e7f0 JavaThread "File lock request listener" [_thread_in_native, id=912, stack(0x0000000f8be00000,0x0000000f8bf00000)]
  0x000001183a920e70 JavaThread "Cache worker for file hash cache (C:\Users\ascom\.gradle\caches\7.5\fileHashes)" [_thread_blocked, id=2484, stack(0x0000000f8bf00000,0x0000000f8c000000)]
  0x000001183d1f0af0 JavaThread "C2 CompilerThread1" daemon [_thread_in_native, id=7884, stack(0x0000000f8c000000,0x0000000f8c100000)]
  0x000001183a91de50 JavaThread "File watcher server" daemon [_thread_in_native, id=9376, stack(0x0000000f8c100000,0x0000000f8c200000)]
  0x000001183a91fb30 JavaThread "File watcher consumer" daemon [_thread_blocked, id=852, stack(0x0000000f8c200000,0x0000000f8c300000)]
  0x000001183a9204d0 JavaThread "Cache worker for checksums cache (C:\Users\ascom\Desktop\Pack-Your-Bag-main\.gradle\7.5\checksums)" [_thread_blocked, id=6636, stack(0x0000000f8c300000,0x0000000f8c400000)]
  0x000001183d4c5f60 JavaThread "Cache worker for cache directory md-rule (C:\Users\ascom\.gradle\caches\7.5\md-rule)" [_thread_blocked, id=2016, stack(0x0000000f8c400000,0x0000000f8c500000)]
  0x000001183d4bff20 JavaThread "Cache worker for file content cache (C:\Users\ascom\.gradle\caches\7.5\fileContent)" [_thread_blocked, id=8724, stack(0x0000000f8c500000,0x0000000f8c600000)]
  0x000001183d4c2f40 JavaThread "Cache worker for file hash cache (C:\Users\ascom\Desktop\Pack-Your-Bag-main\.gradle\7.5\fileHashes)" [_thread_blocked, id=3812, stack(0x0000000f8c600000,0x0000000f8c700000)]
  0x000001183d4c03f0 JavaThread "Cache worker for cache directory md-supplier (C:\Users\ascom\.gradle\caches\7.5\md-supplier)" [_thread_blocked, id=6856, stack(0x0000000f8c700000,0x0000000f8c800000)]
  0x000001183d4c4280 JavaThread "Cache worker for execution history cache (C:\Users\ascom\.gradle\caches\7.5\executionHistory)" [_thread_blocked, id=6268, stack(0x0000000f8c800000,0x0000000f8c900000)]
  0x000001183d4c20d0 JavaThread "jar transforms" [_thread_blocked, id=9292, stack(0x0000000f8c900000,0x0000000f8ca00000)]
  0x000001183d4c1730 JavaThread "jar transforms Thread 2" [_thread_blocked, id=6264, stack(0x0000000f8ca00000,0x0000000f8cb00000)]
  0x000001183d4c3410 JavaThread "jar transforms Thread 3" [_thread_blocked, id=5392, stack(0x0000000f8cb00000,0x0000000f8cc00000)]
  0x000001183d4bf580 JavaThread "jar transforms Thread 4" [_thread_blocked, id=7112, stack(0x0000000f8cd00000,0x0000000f8ce00000)]
  0x000001183d4c5a90 JavaThread "Cache worker for dependencies-accessors (C:\Users\ascom\Desktop\Pack-Your-Bag-main\.gradle\7.5\dependencies-accessors)" [_thread_blocked, id=5428, stack(0x0000000f8ce00000,0x0000000f8cf00000)]
  0x000001183d4c08c0 JavaThread "Cache worker for Build Output Cleanup Cache (C:\Users\ascom\Desktop\Pack-Your-Bag-main\.gradle\buildOutputCleanup)" [_thread_blocked, id=8872, stack(0x0000000f8cf00000,0x0000000f8d000000)]
  0x000001183d4bf0b0 JavaThread "Unconstrained build operations" [_thread_blocked, id=9060, stack(0x0000000f8d000000,0x0000000f8d100000)]
  0x000001183d4c4c20 JavaThread "Unconstrained build operations Thread 2" [_thread_blocked, id=9112, stack(0x0000000f8d100000,0x0000000f8d200000)]
  0x000001183d4c50f0 JavaThread "Unconstrained build operations Thread 3" [_thread_blocked, id=1520, stack(0x0000000f8d200000,0x0000000f8d300000)]
  0x000001183d4c38e0 JavaThread "Unconstrained build operations Thread 4" [_thread_blocked, id=7148, stack(0x0000000f8d300000,0x0000000f8d400000)]
  0x000001183d4c3db0 JavaThread "Unconstrained build operations Thread 5" [_thread_blocked, id=10204, stack(0x0000000f8d400000,0x0000000f8d500000)]
  0x000001183d4be710 JavaThread "Unconstrained build operations Thread 6" [_thread_blocked, id=8176, stack(0x0000000f8d500000,0x0000000f8d600000)]
  0x000001183d4c25a0 JavaThread "Unconstrained build operations Thread 7" [_thread_blocked, id=8784, stack(0x0000000f8d600000,0x0000000f8d700000)]
  0x000001183d4c1260 JavaThread "Unconstrained build operations Thread 8" [_thread_blocked, id=4176, stack(0x0000000f8d700000,0x0000000f8d800000)]
  0x000001183d4c1c00 JavaThread "Unconstrained build operations Thread 9" [_thread_blocked, id=8920, stack(0x0000000f8d800000,0x0000000f8d900000)]
  0x000001183d4c2a70 JavaThread "Unconstrained build operations Thread 10" [_thread_blocked, id=9652, stack(0x0000000f8d900000,0x0000000f8da00000)]
  0x000001183d174ec0 JavaThread "Unconstrained build operations Thread 11" [_thread_blocked, id=1204, stack(0x0000000f8da00000,0x0000000f8db00000)]
  0x000001183d176ba0 JavaThread "Unconstrained build operations Thread 12" [_thread_blocked, id=1920, stack(0x0000000f8db00000,0x0000000f8dc00000)]
  0x000001183d17a090 JavaThread "Unconstrained build operations Thread 13" [_thread_blocked, id=2020, stack(0x0000000f8dc00000,0x0000000f8dd00000)]
  0x000001183d178d50 JavaThread "Unconstrained build operations Thread 14" [_thread_blocked, id=8148, stack(0x0000000f8dd00000,0x0000000f8de00000)]
  0x000001183d172d10 JavaThread "Unconstrained build operations Thread 15" [_thread_blocked, id=10212, stack(0x0000000f8de00000,0x0000000f8df00000)]
  0x000001183d1796f0 JavaThread "Unconstrained build operations Thread 16" [_thread_blocked, id=2372, stack(0x0000000f8df00000,0x0000000f8e000000)]
  0x000001183d1731e0 JavaThread "Unconstrained build operations Thread 17" [_thread_blocked, id=10508, stack(0x0000000f8e000000,0x0000000f8e100000)]
  0x000001183d1783b0 JavaThread "Unconstrained build operations Thread 18" [_thread_blocked, id=2100, stack(0x0000000f8e100000,0x0000000f8e200000)]
  0x000001183d1736b0 JavaThread "Unconstrained build operations Thread 19" [_thread_blocked, id=11092, stack(0x0000000f8e200000,0x0000000f8e300000)]
  0x000001183d174050 JavaThread "Unconstrained build operations Thread 20" [_thread_blocked, id=9496, stack(0x0000000f8e300000,0x0000000f8e400000)]
  0x000001183d178880 JavaThread "Unconstrained build operations Thread 21" [_thread_blocked, id=11480, stack(0x0000000f8e400000,0x0000000f8e500000)]
  0x000001183d179220 JavaThread "Unconstrained build operations Thread 22" [_thread_blocked, id=10512, stack(0x0000000f8e500000,0x0000000f8e600000)]
  0x000001183d17a560 JavaThread "Unconstrained build operations Thread 23" [_thread_blocked, id=7872, stack(0x0000000f8e600000,0x0000000f8e700000)]
  0x000001183d1749f0 JavaThread "Unconstrained build operations Thread 24" [_thread_blocked, id=9168, stack(0x0000000f8e700000,0x0000000f8e800000)]
  0x000001183d177a10 JavaThread "Unconstrained build operations Thread 25" [_thread_blocked, id=11624, stack(0x0000000f8e800000,0x0000000f8e900000)]
  0x000001183d179bc0 JavaThread "Unconstrained build operations Thread 26" [_thread_blocked, id=2276, stack(0x0000000f8e900000,0x0000000f8ea00000)]
  0x000001183d173b80 JavaThread "Unconstrained build operations Thread 27" [_thread_blocked, id=4512, stack(0x0000000f8ea00000,0x0000000f8eb00000)]
  0x000001183d176200 JavaThread "Unconstrained build operations Thread 28" [_thread_blocked, id=3772, stack(0x0000000f8eb00000,0x0000000f8ec00000)]
  0x000001183d1766d0 JavaThread "Unconstrained build operations Thread 29" [_thread_blocked, id=4728, stack(0x0000000f8ec00000,0x0000000f8ed00000)]
  0x000001183d174520 JavaThread "Unconstrained build operations Thread 30" [_thread_blocked, id=8140, stack(0x0000000f8ed00000,0x0000000f8ee00000)]
  0x000001183d175390 JavaThread "Unconstrained build operations Thread 31" [_thread_blocked, id=10344, stack(0x0000000f8ee00000,0x0000000f8ef00000)]
  0x000001183d175860 JavaThread "Unconstrained build operations Thread 32" [_thread_blocked, id=2844, stack(0x0000000f8ef00000,0x0000000f8f000000)]
  0x000001183d177070 JavaThread "Unconstrained build operations Thread 33" [_thread_blocked, id=6400, stack(0x0000000f8f000000,0x0000000f8f100000)]
  0x000001183d175d30 JavaThread "Unconstrained build operations Thread 34" [_thread_blocked, id=6524, stack(0x0000000f8f100000,0x0000000f8f200000)]
  0x000001183d177540 JavaThread "Unconstrained build operations Thread 35" [_thread_blocked, id=11632, stack(0x0000000f8f200000,0x0000000f8f300000)]
  0x000001183d177ee0 JavaThread "Unconstrained build operations Thread 36" [_thread_blocked, id=9824, stack(0x0000000f8f300000,0x0000000f8f400000)]
  0x000001183f147230 JavaThread "Unconstrained build operations Thread 37" [_thread_blocked, id=4708, stack(0x0000000f8f400000,0x0000000f8f500000)]
  0x000001183f1480a0 JavaThread "Unconstrained build operations Thread 38" [_thread_blocked, id=11936, stack(0x0000000f8f500000,0x0000000f8f600000)]
  0x000001183f143870 JavaThread "Unconstrained build operations Thread 39" [_thread_blocked, id=7120, stack(0x0000000f8f600000,0x0000000f8f700000)]
  0x000001183f1463c0 JavaThread "Unconstrained build operations Thread 40" [_thread_blocked, id=8812, stack(0x0000000f8f700000,0x0000000f8f800000)]
  0x000001183f142a00 JavaThread "build event listener" [_thread_blocked, id=1060, stack(0x0000000f8f800000,0x0000000f8f900000)]
  0x000001183f146890 JavaThread "Memory manager" [_thread_blocked, id=8132, stack(0x0000000f8f900000,0x0000000f8fa00000)]
  0x000001183f145550 JavaThread "included builds" [_thread_blocked, id=10992, stack(0x0000000f8fa00000,0x0000000f8fb00000)]
  0x000001183f1493e0 JavaThread "Execution worker" [_thread_blocked, id=5596, stack(0x0000000f8fb00000,0x0000000f8fc00000)]
  0x000001183f146d60 JavaThread "Execution worker Thread 2" [_thread_blocked, id=6668, stack(0x0000000f8fc00000,0x0000000f8fd00000)]
  0x000001183f148a40 JavaThread "Execution worker Thread 3" [_thread_blocked, id=3128, stack(0x0000000f8fd00000,0x0000000f8fe00000)]
  0x000001183f142530 JavaThread "Cache worker for execution history cache (C:\Users\ascom\Desktop\Pack-Your-Bag-main\.gradle\7.5\executionHistory)" [_thread_blocked, id=11084, stack(0x0000000f8fe00000,0x0000000f8ff00000)]

Other Threads:
  0x0000011839012940 VMThread "VM Thread" [stack: 0x0000000f8a300000,0x0000000f8a400000] [id=7928]
  0x0000011839cd15d0 WatcherThread [stack: 0x0000000f8af00000,0x0000000f8b000000] [id=5136]
  0x000001181db19b00 GCTaskThread "GC Thread#0" [stack: 0x0000000f89e00000,0x0000000f89f00000] [id=2340]
  0x0000011839eb1280 GCTaskThread "GC Thread#1" [stack: 0x0000000f8b100000,0x0000000f8b200000] [id=7536]
  0x0000011839f79300 GCTaskThread "GC Thread#2" [stack: 0x0000000f8b200000,0x0000000f8b300000] [id=6396]
  0x0000011839fb31c0 GCTaskThread "GC Thread#3" [stack: 0x0000000f8b300000,0x0000000f8b400000] [id=10648]
  0x000001181db2a950 ConcurrentGCThread "G1 Main Marker" [stack: 0x0000000f89f00000,0x0000000f8a000000] [id=4400]
  0x000001181db2ba10 ConcurrentGCThread "G1 Conc#0" [stack: 0x0000000f8a000000,0x0000000f8a100000] [id=7040]
  0x000001181db7d580 ConcurrentGCThread "G1 Refine#0" [stack: 0x0000000f8a100000,0x0000000f8a200000] [id=68]
  0x000001183d246790 ConcurrentGCThread "G1 Refine#1" [stack: 0x0000000f8cc00000,0x0000000f8cd00000] [id=6296]
  0x0000011838e644c0 ConcurrentGCThread "G1 Service" [stack: 0x0000000f8a200000,0x0000000f8a300000] [id=1756]

Threads with active compile tasks:
C2 CompilerThread0    19380 10112       4       sun.invoke.util.VerifyAccess::isClassAccessible (230 bytes)
C2 CompilerThread1    19380 10185   !   4       java.util.concurrent.locks.AbstractQueuedSynchronizer::acquire (407 bytes)

VM state: not at safepoint (normal execution)

VM Mutex/Monitor currently owned by a thread: None

Heap address: 0x0000000080000000, size: 2048 MB, Compressed Oops mode: 32-bit

CDS archive(s) not mapped
Compressed class space mapped at: 0x0000000100000000-0x0000000140000000, reserved size: 1073741824
Narrow klass base: 0x0000000000000000, Narrow klass shift: 3, Narrow klass range: 0x140000000

GC Precious Log:
 CPUs: 4 total, 4 available
 Memory: 8108M
 Large Page Support: Disabled
 NUMA Support: Disabled
 Compressed Oops: Enabled (32-bit)
 Heap Region Size: 1M
 Heap Min Capacity: 8M
 Heap Initial Capacity: 128M
 Heap Max Capacity: 2G
 Pre-touch: Disabled
 Parallel Workers: 4
 Concurrent Workers: 1
 Concurrent Refinement Workers: 4
 Periodic GC: Disabled

Heap:
 garbage-first heap   total 132096K, used 95217K [0x0000000080000000, 0x0000000100000000)
  region size 1024K, 25 young (25600K), 5 survivors (5120K)
 Metaspace       used 83679K, committed 84288K, reserved 1122304K
  class space    used 11431K, committed 11712K, reserved 1048576K

Heap Regions: E=young(eden), S=young(survivor), O=old, HS=humongous(starts), HC=humongous(continues), CS=collection set, F=free, OA=open archive, CA=closed archive, TAMS=top-at-mark-start (previous, next)
|   0|0x0000000080000000, 0x0000000080100000, 0x0000000080100000|100%|HS|  |TAMS 0x0000000080100000, 0x0000000080000000| Complete 
|   1|0x0000000080100000, 0x0000000080200000, 0x0000000080200000|100%|HC|  |TAMS 0x0000000080200000, 0x0000000080100000| Complete 
|   2|0x0000000080200000, 0x0000000080300000, 0x0000000080300000|100%|HC|  |TAMS 0x0000000080300000, 0x0000000080200000| Complete 
|   3|0x0000000080300000, 0x0000000080400000, 0x0000000080400000|100%| O|  |TAMS 0x0000000080400000, 0x0000000080300000| Untracked 
|   4|0x0000000080400000, 0x0000000080500000, 0x0000000080500000|100%| O|  |TAMS 0x0000000080500000, 0x0000000080400000| Untracked 
|   5|0x0000000080500000, 0x0000000080600000, 0x0000000080600000|100%| O|  |TAMS 0x0000000080600000, 0x0000000080500000| Untracked 
|   6|0x0000000080600000, 0x0000000080700000, 0x0000000080700000|100%| O|  |TAMS 0x0000000080700000, 0x0000000080600000| Untracked 
|   7|0x0000000080700000, 0x0000000080800000, 0x0000000080800000|100%| O|  |TAMS 0x0000000080800000, 0x0000000080700000| Untracked 
|   8|0x0000000080800000, 0x0000000080900000, 0x0000000080900000|100%| O|  |TAMS 0x0000000080900000, 0x0000000080800000| Untracked 
|   9|0x0000000080900000, 0x0000000080a00000, 0x0000000080a00000|100%| O|  |TAMS 0x0000000080a00000, 0x0000000080900000| Untracked 
|  10|0x0000000080a00000, 0x0000000080b00000, 0x0000000080b00000|100%|HS|  |TAMS 0x0000000080b00000, 0x0000000080a00000| Complete 
|  11|0x0000000080b00000, 0x0000000080c00000, 0x0000000080c00000|100%| O|  |TAMS 0x0000000080c00000, 0x0000000080b00000| Untracked 
|  12|0x0000000080c00000, 0x0000000080d00000, 0x0000000080d00000|100%| O|  |TAMS 0x0000000080d00000, 0x0000000080c00000| Untracked 
|  13|0x0000000080d00000, 0x0000000080e00000, 0x0000000080e00000|100%| O|  |TAMS 0x0000000080e00000, 0x0000000080d00000| Untracked 
|  14|0x0000000080e00000, 0x0000000080f00000, 0x0000000080f00000|100%| O|  |TAMS 0x0000000080f00000, 0x0000000080e00000| Untracked 
|  15|0x0000000080f00000, 0x0000000081000000, 0x0000000081000000|100%| O|  |TAMS 0x0000000081000000, 0x0000000080f00000| Untracked 
|  16|0x0000000081000000, 0x0000000081100000, 0x0000000081100000|100%| O|  |TAMS 0x0000000081100000, 0x0000000081000000| Untracked 
|  17|0x0000000081100000, 0x0000000081200000, 0x0000000081200000|100%| O|  |TAMS 0x0000000081200000, 0x0000000081100000| Untracked 
|  18|0x0000000081200000, 0x0000000081300000, 0x0000000081300000|100%| O|  |TAMS 0x0000000081300000, 0x0000000081200000| Untracked 
|  19|0x0000000081300000, 0x0000000081400000, 0x0000000081400000|100%| O|  |TAMS 0x0000000081400000, 0x0000000081300000| Untracked 
|  20|0x0000000081400000, 0x0000000081500000, 0x0000000081500000|100%| O|  |TAMS 0x0000000081500000, 0x0000000081400000| Untracked 
|  21|0x0000000081500000, 0x0000000081600000, 0x0000000081600000|100%| O|  |TAMS 0x0000000081600000, 0x0000000081500000| Untracked 
|  22|0x0000000081600000, 0x0000000081700000, 0x0000000081700000|100%| O|  |TAMS 0x0000000081700000, 0x0000000081600000| Untracked 
|  23|0x0000000081700000, 0x0000000081800000, 0x0000000081800000|100%| O|  |TAMS 0x0000000081800000, 0x0000000081700000| Untracked 
|  24|0x0000000081800000, 0x0000000081900000, 0x0000000081900000|100%| O|  |TAMS 0x0000000081900000, 0x0000000081800000| Untracked 
|  25|0x0000000081900000, 0x0000000081a00000, 0x0000000081a00000|100%| O|  |TAMS 0x0000000081a00000, 0x0000000081900000| Untracked 
|  26|0x0000000081a00000, 0x0000000081b00000, 0x0000000081b00000|100%| O|  |TAMS 0x0000000081b00000, 0x0000000081a00000| Untracked 
|  27|0x0000000081b00000, 0x0000000081c00000, 0x0000000081c00000|100%| O|  |TAMS 0x0000000081c00000, 0x0000000081b00000| Untracked 
|  28|0x0000000081c00000, 0x0000000081d00000, 0x0000000081d00000|100%| O|  |TAMS 0x0000000081d00000, 0x0000000081c00000| Untracked 
|  29|0x0000000081d00000, 0x0000000081e00000, 0x0000000081e00000|100%| O|  |TAMS 0x0000000081e00000, 0x0000000081d00000| Untracked 
|  30|0x0000000081e00000, 0x0000000081f00000, 0x0000000081f00000|100%|HS|  |TAMS 0x0000000081f00000, 0x0000000081e00000| Complete 
|  31|0x0000000081f00000, 0x0000000082000000, 0x0000000082000000|100%| O|  |TAMS 0x0000000082000000, 0x0000000081f00000| Untracked 
|  32|0x0000000082000000, 0x0000000082100000, 0x0000000082100000|100%| O|  |TAMS 0x0000000082100000, 0x0000000082000000| Untracked 
|  33|0x0000000082100000, 0x0000000082200000, 0x0000000082200000|100%| O|  |TAMS 0x0000000082200000, 0x0000000082100000| Untracked 
|  34|0x0000000082200000, 0x0000000082300000, 0x0000000082300000|100%| O|  |TAMS 0x0000000082300000, 0x0000000082200000| Untracked 
|  35|0x0000000082300000, 0x0000000082400000, 0x0000000082400000|100%| O|  |TAMS 0x0000000082400000, 0x0000000082300000| Untracked 
|  36|0x0000000082400000, 0x0000000082500000, 0x0000000082500000|100%| O|  |TAMS 0x0000000082500000, 0x0000000082400000| Untracked 
|  37|0x0000000082500000, 0x0000000082600000, 0x0000000082600000|100%| O|  |TAMS 0x0000000082600000, 0x0000000082500000| Untracked 
|  38|0x0000000082600000, 0x0000000082700000, 0x0000000082700000|100%| O|  |TAMS 0x0000000082700000, 0x0000000082600000| Untracked 
|  39|0x0000000082700000, 0x0000000082800000, 0x0000000082800000|100%| O|  |TAMS 0x0000000082800000, 0x0000000082700000| Untracked 
|  40|0x0000000082800000, 0x0000000082900000, 0x0000000082900000|100%| O|  |TAMS 0x0000000082900000, 0x0000000082800000| Untracked 
|  41|0x0000000082900000, 0x0000000082a00000, 0x0000000082a00000|100%| O|  |TAMS 0x0000000082a00000, 0x0000000082900000| Untracked 
|  42|0x0000000082a00000, 0x0000000082b00000, 0x0000000082b00000|100%| O|  |TAMS 0x0000000082b00000, 0x0000000082a00000| Untracked 
|  43|0x0000000082b00000, 0x0000000082c00000, 0x0000000082c00000|100%| O|  |TAMS 0x0000000082c00000, 0x0000000082b00000| Untracked 
|  44|0x0000000082c00000, 0x0000000082d00000, 0x0000000082d00000|100%| O|  |TAMS 0x0000000082d00000, 0x0000000082c00000| Untracked 
|  45|0x0000000082d00000, 0x0000000082e00000, 0x0000000082e00000|100%| O|  |TAMS 0x0000000082e00000, 0x0000000082d00000| Untracked 
|  46|0x0000000082e00000, 0x0000000082f00000, 0x0000000082f00000|100%| O|  |TAMS 0x0000000082f00000, 0x0000000082e00000| Untracked 
|  47|0x0000000082f00000, 0x0000000083000000, 0x0000000083000000|100%| O|  |TAMS 0x0000000083000000, 0x0000000082f00000| Untracked 
|  48|0x0000000083000000, 0x0000000083100000, 0x0000000083100000|100%| O|  |TAMS 0x0000000083100000, 0x0000000083000000| Untracked 
|  49|0x0000000083100000, 0x0000000083200000, 0x0000000083200000|100%| O|  |TAMS 0x0000000083200000, 0x0000000083100000| Untracked 
|  50|0x0000000083200000, 0x0000000083300000, 0x0000000083300000|100%| O|  |TAMS 0x0000000083300000, 0x0000000083200000| Untracked 
|  51|0x0000000083300000, 0x0000000083400000, 0x0000000083400000|100%| O|  |TAMS 0x0000000083400000, 0x0000000083300000| Untracked 
|  52|0x0000000083400000, 0x0000000083500000, 0x0000000083500000|100%| O|  |TAMS 0x0000000083500000, 0x0000000083400000| Untracked 
|  53|0x0000000083500000, 0x0000000083600000, 0x0000000083600000|100%| O|  |TAMS 0x0000000083600000, 0x0000000083500000| Untracked 
|  54|0x0000000083600000, 0x0000000083700000, 0x0000000083700000|100%| O|  |TAMS 0x0000000083700000, 0x0000000083600000| Untracked 
|  55|0x0000000083700000, 0x0000000083800000, 0x0000000083800000|100%| O|  |TAMS 0x0000000083800000, 0x0000000083700000| Untracked 
|  56|0x0000000083800000, 0x0000000083900000, 0x0000000083900000|100%| O|  |TAMS 0x0000000083900000, 0x0000000083800000| Untracked 
|  57|0x0000000083900000, 0x0000000083a00000, 0x0000000083a00000|100%| O|  |TAMS 0x0000000083a00000, 0x0000000083900000| Untracked 
|  58|0x0000000083a00000, 0x0000000083b00000, 0x0000000083b00000|100%| O|  |TAMS 0x0000000083b00000, 0x0000000083a00000| Untracked 
|  59|0x0000000083b00000, 0x0000000083c00000, 0x0000000083c00000|100%| O|  |TAMS 0x0000000083c00000, 0x0000000083b00000| Untracked 
|  60|0x0000000083c00000, 0x0000000083d00000, 0x0000000083d00000|100%| O|  |TAMS 0x0000000083d00000, 0x0000000083c00000| Untracked 
|  61|0x0000000083d00000, 0x0000000083e00000, 0x0000000083e00000|100%| O|  |TAMS 0x0000000083e00000, 0x0000000083d00000| Untracked 
|  62|0x0000000083e00000, 0x0000000083f00000, 0x0000000083f00000|100%| O|  |TAMS 0x0000000083f00000, 0x0000000083e00000| Untracked 
|  63|0x0000000083f00000, 0x0000000084000000, 0x0000000084000000|100%| O|  |TAMS 0x0000000084000000, 0x0000000083f00000| Untracked 
|  64|0x0000000084000000, 0x0000000084100000, 0x0000000084100000|100%| O|  |TAMS 0x0000000084100000, 0x0000000084000000| Untracked 
|  65|0x0000000084100000, 0x0000000084200000, 0x0000000084200000|100%| O|  |TAMS 0x00000000841bea00, 0x0000000084100000| Untracked 
|  66|0x0000000084200000, 0x0000000084300000, 0x0000000084300000|100%| O|  |TAMS 0x0000000084200000, 0x0000000084200000| Untracked 
|  67|0x0000000084300000, 0x0000000084400000, 0x0000000084400000|100%| O|  |TAMS 0x0000000084300000, 0x0000000084300000| Untracked 
|  68|0x0000000084400000, 0x0000000084500000, 0x0000000084500000|100%| O|  |TAMS 0x0000000084400000, 0x0000000084400000| Untracked 
|  69|0x0000000084500000, 0x0000000084600000, 0x0000000084600000|100%| O|  |TAMS 0x0000000084500000, 0x0000000084500000| Untracked 
|  70|0x0000000084600000, 0x0000000084674000, 0x0000000084700000| 45%| O|  |TAMS 0x0000000084600000, 0x0000000084600000| Untracked 
|  71|0x0000000084700000, 0x0000000084700000, 0x0000000084800000|  0%| F|  |TAMS 0x0000000084700000, 0x0000000084700000| Untracked 
|  72|0x0000000084800000, 0x0000000084800000, 0x0000000084900000|  0%| F|  |TAMS 0x0000000084800000, 0x0000000084800000| Untracked 
|  73|0x0000000084900000, 0x0000000084900000, 0x0000000084a00000|  0%| F|  |TAMS 0x0000000084900000, 0x0000000084900000| Untracked 
|  74|0x0000000084a00000, 0x0000000084a00000, 0x0000000084b00000|  0%| F|  |TAMS 0x0000000084a00000, 0x0000000084a00000| Untracked 
|  75|0x0000000084b00000, 0x0000000084b00000, 0x0000000084c00000|  0%| F|  |TAMS 0x0000000084b00000, 0x0000000084b00000| Untracked 
|  76|0x0000000084c00000, 0x0000000084c00000, 0x0000000084d00000|  0%| F|  |TAMS 0x0000000084c00000, 0x0000000084c00000| Untracked 
|  77|0x0000000084d00000, 0x0000000084d00000, 0x0000000084e00000|  0%| F|  |TAMS 0x0000000084d00000, 0x0000000084d00000| Untracked 
|  78|0x0000000084e00000, 0x0000000084e00000, 0x0000000084f00000|  0%| F|  |TAMS 0x0000000084e00000, 0x0000000084e00000| Untracked 
|  79|0x0000000084f00000, 0x0000000084f00000, 0x0000000085000000|  0%| F|  |TAMS 0x0000000084f00000, 0x0000000084f00000| Untracked 
|  80|0x0000000085000000, 0x0000000085000000, 0x0000000085100000|  0%| F|  |TAMS 0x0000000085000000, 0x0000000085000000| Untracked 
|  81|0x0000000085100000, 0x0000000085100000, 0x0000000085200000|  0%| F|  |TAMS 0x0000000085100000, 0x0000000085100000| Untracked 
|  82|0x0000000085200000, 0x0000000085200000, 0x0000000085300000|  0%| F|  |TAMS 0x0000000085200000, 0x0000000085200000| Untracked 
|  83|0x0000000085300000, 0x0000000085300000, 0x0000000085400000|  0%| F|  |TAMS 0x0000000085300000, 0x0000000085300000| Untracked 
|  84|0x0000000085400000, 0x0000000085400000, 0x0000000085500000|  0%| F|  |TAMS 0x0000000085400000, 0x0000000085400000| Untracked 
|  85|0x0000000085500000, 0x0000000085500000, 0x0000000085600000|  0%| F|  |TAMS 0x0000000085500000, 0x0000000085500000| Untracked 
|  86|0x0000000085600000, 0x0000000085600000, 0x0000000085700000|  0%| F|  |TAMS 0x0000000085600000, 0x0000000085600000| Untracked 
|  87|0x0000000085700000, 0x0000000085700000, 0x0000000085800000|  0%| F|  |TAMS 0x0000000085700000, 0x0000000085700000| Untracked 
|  88|0x0000000085800000, 0x0000000085800000, 0x0000000085900000|  0%| F|  |TAMS 0x0000000085800000, 0x0000000085800000| Untracked 
|  89|0x0000000085900000, 0x0000000085900000, 0x0000000085a00000|  0%| F|  |TAMS 0x0000000085900000, 0x0000000085900000| Untracked 
|  90|0x0000000085a00000, 0x0000000085a88480, 0x0000000085b00000| 53%| S|CS|TAMS 0x0000000085a00000, 0x0000000085a00000| Complete 
|  91|0x0000000085b00000, 0x0000000085c00000, 0x0000000085c00000|100%| S|CS|TAMS 0x0000000085b00000, 0x0000000085b00000| Complete 
|  92|0x0000000085c00000, 0x0000000085c00000, 0x0000000085d00000|  0%| F|  |TAMS 0x0000000085c00000, 0x0000000085c00000| Untracked 
|  93|0x0000000085d00000, 0x0000000085d00000, 0x0000000085e00000|  0%| F|  |TAMS 0x0000000085d00000, 0x0000000085d00000| Untracked 
|  94|0x0000000085e00000, 0x0000000085e00000, 0x0000000085f00000|  0%| F|  |TAMS 0x0000000085e00000, 0x0000000085e00000| Untracked 
|  95|0x0000000085f00000, 0x0000000086000000, 0x0000000086000000|100%| S|CS|TAMS 0x0000000085f00000, 0x0000000085f00000| Complete 
|  96|0x0000000086000000, 0x0000000086100000, 0x0000000086100000|100%| S|CS|TAMS 0x0000000086000000, 0x0000000086000000| Complete 
|  97|0x0000000086100000, 0x0000000086200000, 0x0000000086200000|100%| S|CS|TAMS 0x0000000086100000, 0x0000000086100000| Complete 
|  98|0x0000000086200000, 0x0000000086200000, 0x0000000086300000|  0%| F|  |TAMS 0x0000000086200000, 0x0000000086200000| Untracked 
|  99|0x0000000086300000, 0x0000000086300000, 0x0000000086400000|  0%| F|  |TAMS 0x0000000086300000, 0x0000000086300000| Untracked 
| 100|0x0000000086400000, 0x0000000086400000, 0x0000000086500000|  0%| F|  |TAMS 0x0000000086400000, 0x0000000086400000| Untracked 
| 101|0x0000000086500000, 0x0000000086500000, 0x0000000086600000|  0%| F|  |TAMS 0x0000000086500000, 0x0000000086500000| Untracked 
| 102|0x0000000086600000, 0x0000000086600000, 0x0000000086700000|  0%| F|  |TAMS 0x0000000086600000, 0x0000000086600000| Untracked 
| 103|0x0000000086700000, 0x0000000086700000, 0x0000000086800000|  0%| F|  |TAMS 0x0000000086700000, 0x0000000086700000| Untracked 
| 104|0x0000000086800000, 0x0000000086800000, 0x0000000086900000|  0%| F|  |TAMS 0x0000000086800000, 0x0000000086800000| Untracked 
| 105|0x0000000086900000, 0x0000000086900000, 0x0000000086a00000|  0%| F|  |TAMS 0x0000000086900000, 0x0000000086900000| Untracked 
| 106|0x0000000086a00000, 0x0000000086a00000, 0x0000000086b00000|  0%| F|  |TAMS 0x0000000086a00000, 0x0000000086a00000| Untracked 
| 107|0x0000000086b00000, 0x0000000086b00000, 0x0000000086c00000|  0%| F|  |TAMS 0x0000000086b00000, 0x0000000086b00000| Untracked 
| 108|0x0000000086c00000, 0x0000000086c2d2b0, 0x0000000086d00000| 17%| E|  |TAMS 0x0000000086c00000, 0x0000000086c00000| Complete 
| 109|0x0000000086d00000, 0x0000000086e00000, 0x0000000086e00000|100%| E|CS|TAMS 0x0000000086d00000, 0x0000000086d00000| Complete 
| 110|0x0000000086e00000, 0x0000000086f00000, 0x0000000086f00000|100%| E|CS|TAMS 0x0000000086e00000, 0x0000000086e00000| Complete 
| 111|0x0000000086f00000, 0x0000000087000000, 0x0000000087000000|100%| E|CS|TAMS 0x0000000086f00000, 0x0000000086f00000| Complete 
| 112|0x0000000087000000, 0x0000000087100000, 0x0000000087100000|100%| E|  |TAMS 0x0000000087000000, 0x0000000087000000| Complete 
| 113|0x0000000087100000, 0x0000000087200000, 0x0000000087200000|100%| E|CS|TAMS 0x0000000087100000, 0x0000000087100000| Complete 
| 114|0x0000000087200000, 0x0000000087300000, 0x0000000087300000|100%| E|CS|TAMS 0x0000000087200000, 0x0000000087200000| Complete 
| 115|0x0000000087300000, 0x0000000087400000, 0x0000000087400000|100%| E|CS|TAMS 0x0000000087300000, 0x0000000087300000| Complete 
| 116|0x0000000087400000, 0x0000000087500000, 0x0000000087500000|100%| E|CS|TAMS 0x0000000087400000, 0x0000000087400000| Complete 
| 117|0x0000000087500000, 0x0000000087600000, 0x0000000087600000|100%| E|CS|TAMS 0x0000000087500000, 0x0000000087500000| Complete 
| 118|0x0000000087600000, 0x0000000087700000, 0x0000000087700000|100%| E|CS|TAMS 0x0000000087600000, 0x0000000087600000| Complete 
| 119|0x0000000087700000, 0x0000000087800000, 0x0000000087800000|100%| E|CS|TAMS 0x0000000087700000, 0x0000000087700000| Complete 
| 120|0x0000000087800000, 0x0000000087900000, 0x0000000087900000|100%| E|CS|TAMS 0x0000000087800000, 0x0000000087800000| Complete 
| 121|0x0000000087900000, 0x0000000087a00000, 0x0000000087a00000|100%| E|CS|TAMS 0x0000000087900000, 0x0000000087900000| Complete 
| 122|0x0000000087a00000, 0x0000000087b00000, 0x0000000087b00000|100%| E|CS|TAMS 0x0000000087a00000, 0x0000000087a00000| Complete 
| 123|0x0000000087b00000, 0x0000000087c00000, 0x0000000087c00000|100%| E|CS|TAMS 0x0000000087b00000, 0x0000000087b00000| Complete 
| 124|0x0000000087c00000, 0x0000000087d00000, 0x0000000087d00000|100%| E|CS|TAMS 0x0000000087c00000, 0x0000000087c00000| Complete 
| 125|0x0000000087d00000, 0x0000000087e00000, 0x0000000087e00000|100%| E|CS|TAMS 0x0000000087d00000, 0x0000000087d00000| Complete 
| 126|0x0000000087e00000, 0x0000000087f00000, 0x0000000087f00000|100%| E|CS|TAMS 0x0000000087e00000, 0x0000000087e00000| Complete 
| 127|0x0000000087f00000, 0x0000000088000000, 0x0000000088000000|100%| E|CS|TAMS 0x0000000087f00000, 0x0000000087f00000| Complete 
| 128|0x0000000088000000, 0x0000000088100000, 0x0000000088100000|100%| E|CS|TAMS 0x0000000088000000, 0x0000000088000000| Complete 

Card table byte_map: [0x00000118321b0000,0x00000118325b0000] _byte_map_base: 0x0000011831db0000

Marking Bits (Prev, Next): (CMBitMap*) 0x000001181db1a060, (CMBitMap*) 0x000001181db1a020
 Prev Bits: [0x00000118349b0000, 0x00000118369b0000)
 Next Bits: [0x00000118329b0000, 0x00000118349b0000)

Polling page: 0x000001181db80000

Metaspace:

Usage:
  Non-class:     70.55 MB used.
      Class:     11.16 MB used.
       Both:     81.72 MB used.

Virtual space:
  Non-class space:       72.00 MB reserved,      70.88 MB ( 98%) committed,  9 nodes.
      Class space:        1.00 GB reserved,      11.44 MB (  1%) committed,  1 nodes.
             Both:        1.07 GB reserved,      82.31 MB (  8%) committed. 

Chunk freelists:
   Non-Class:  706.00 KB
       Class:  424.00 KB
        Both:  1.10 MB

MaxMetaspaceSize: unlimited
CompressedClassSpaceSize: 1.00 GB
Initial GC threshold: 21.00 MB
Current GC threshold: 136.19 MB
CDS: off
MetaspaceReclaimPolicy: balanced
 - commit_granule_bytes: 65536.
 - commit_granule_words: 8192.
 - virtual_space_node_default_size: 1048576.
 - enlarge_chunks_in_place: 1.
 - new_chunks_are_fully_committed: 0.
 - uncommit_free_chunks: 1.
 - use_allocation_guard: 0.
 - handle_deallocations: 1.


Internal statistics:

num_allocs_failed_limit: 9.
num_arena_births: 808.
num_arena_deaths: 0.
num_vsnodes_births: 10.
num_vsnodes_deaths: 0.
num_space_committed: 1317.
num_space_uncommitted: 0.
num_chunks_returned_to_freelist: 9.
num_chunks_taken_from_freelist: 3827.
num_chunk_merges: 3.
num_chunk_splits: 2486.
num_chunks_enlarged: 1630.
num_purges: 0.
num_inconsistent_stats: 0.

CodeHeap 'non-profiled nmethods': size=120000Kb used=5322Kb max_used=5322Kb free=114677Kb
 bounds [0x000001182a260000, 0x000001182a7a0000, 0x0000011831790000]
CodeHeap 'profiled nmethods': size=120000Kb used=18360Kb max_used=18360Kb free=101639Kb
 bounds [0x0000011822790000, 0x0000011823980000, 0x0000011829cc0000]
CodeHeap 'non-nmethods': size=5760Kb used=2369Kb max_used=2478Kb free=3390Kb
 bounds [0x0000011829cc0000, 0x0000011829f30000, 0x000001182a260000]
 total_blobs=10211 nmethods=9310 adapters=813
 compilation: enabled
              stopped_count=0, restarted_count=0
 full_count=0

Compilation events (20 events):
Event: 19.294 Thread 0x000001183d1f0af0 nmethod 10161 0x000001182a790990 code [0x000001182a790b20, 0x000001182a790c58]
Event: 19.295 Thread 0x000001183d1f0af0 10176       4       java.util.ArrayDeque$DeqIterator::next (62 bytes)
Event: 19.296 Thread 0x000001183d1f0af0 nmethod 10176 0x000001182a790d90 code [0x000001182a790f20, 0x000001182a791038]
Event: 19.296 Thread 0x000001183d1f0af0 10177       4       com.google.common.collect.ImmutableList$Builder::build (17 bytes)
Event: 19.300 Thread 0x0000011839c47bc0 10179       3       com.google.common.collect.RegularImmutableList::copyIntoArray (23 bytes)
Event: 19.300 Thread 0x0000011839c47bc0 nmethod 10179 0x000001182396fe90 code [0x0000011823970040, 0x00000118239702e8]
Event: 19.300 Thread 0x0000011839c47bc0 10180       3       sun.nio.cs.StreamDecoder::forInputStreamReader (11 bytes)
Event: 19.300 Thread 0x0000011839c47bc0 nmethod 10180 0x0000011823970410 code [0x00000118239705c0, 0x0000011823970748]
Event: 19.301 Thread 0x0000011839c47bc0 10181       3       org.gradle.internal.work.DefaultWorkerLeaseService::acquireLocksWithoutWorkerLeaseWhileBlocked (22 bytes)
Event: 19.301 Thread 0x000001183d1f0af0 nmethod 10177 0x000001182a791190 code [0x000001182a791320, 0x000001182a7917d8]
Event: 19.301 Thread 0x0000011839c47bc0 nmethod 10181 0x0000011823970810 code [0x00000118239709e0, 0x0000011823970db8]
Event: 19.301 Thread 0x000001183d1f0af0 10184       4       java.util.concurrent.locks.LockSupport::unpark (12 bytes)
Event: 19.301 Thread 0x0000011839c47bc0 10182       3       org.gradle.internal.resources.DefaultResourceLockCoordinationService::tryLock (10 bytes)
Event: 19.301 Thread 0x0000011839c47bc0 nmethod 10182 0x0000011823970f90 code [0x0000011823971140, 0x0000011823971398]
Event: 19.301 Thread 0x0000011839c47bc0 10183       3       org.gradle.internal.work.DefaultWorkerLeaseService::runAsWorkerThread (37 bytes)
Event: 19.302 Thread 0x000001183d1f0af0 nmethod 10184 0x000001182a791a10 code [0x000001182a791ba0, 0x000001182a791c48]
Event: 19.302 Thread 0x000001183d1f0af0 10178       4       java.util.stream.Collectors$$Lambda$61/0x00000001001699f8::accept (14 bytes)
Event: 19.302 Thread 0x0000011839c47bc0 nmethod 10183 0x0000011823971490 code [0x00000118239716e0, 0x0000011823971ed8]
Event: 19.313 Thread 0x000001183d1f0af0 nmethod 10178 0x000001182a791d10 code [0x000001182a791ea0, 0x000001182a7926f8]
Event: 19.313 Thread 0x000001183d1f0af0 10185   !   4       java.util.concurrent.locks.AbstractQueuedSynchronizer::acquire (407 bytes)

GC Heap History (20 events):
Event: 12.050 GC heap before
{Heap before GC invocations=22 (full 0):
 garbage-first heap   total 106496K, used 83098K [0x0000000080000000, 0x0000000100000000)
  region size 1024K, 36 young (36864K), 5 survivors (5120K)
 Metaspace       used 65900K, committed 66432K, reserved 1114112K
  class space    used 8657K, committed 8896K, reserved 1048576K
}
Event: 12.061 GC heap after
{Heap after GC invocations=23 (full 0):
 garbage-first heap   total 106496K, used 53907K [0x0000000080000000, 0x0000000100000000)
  region size 1024K, 5 young (5120K), 5 survivors (5120K)
 Metaspace       used 65900K, committed 66432K, reserved 1114112K
  class space    used 8657K, committed 8896K, reserved 1048576K
}
Event: 13.023 GC heap before
{Heap before GC invocations=23 (full 0):
 garbage-first heap   total 106496K, used 84627K [0x0000000080000000, 0x0000000100000000)
  region size 1024K, 35 young (35840K), 5 survivors (5120K)
 Metaspace       used 69860K, committed 70400K, reserved 1114112K
  class space    used 9381K, committed 9600K, reserved 1048576K
}
Event: 13.039 GC heap after
{Heap after GC invocations=24 (full 0):
 garbage-first heap   total 106496K, used 55897K [0x0000000080000000, 0x0000000100000000)
  region size 1024K, 5 young (5120K), 5 survivors (5120K)
 Metaspace       used 69860K, committed 70400K, reserved 1114112K
  class space    used 9381K, committed 9600K, reserved 1048576K
}
Event: 14.416 GC heap before
{Heap before GC invocations=25 (full 0):
 garbage-first heap   total 106496K, used 85593K [0x0000000080000000, 0x0000000100000000)
  region size 1024K, 34 young (34816K), 5 survivors (5120K)
 Metaspace       used 73158K, committed 73728K, reserved 1114112K
  class space    used 9897K, committed 10176K, reserved 1048576K
}
Event: 14.427 GC heap after
{Heap after GC invocations=26 (full 0):
 garbage-first heap   total 106496K, used 58037K [0x0000000080000000, 0x0000000100000000)
  region size 1024K, 4 young (4096K), 4 survivors (4096K)
 Metaspace       used 73158K, committed 73728K, reserved 1114112K
  class space    used 9897K, committed 10176K, reserved 1048576K
}
Event: 15.001 GC heap before
{Heap before GC invocations=26 (full 0):
 garbage-first heap   total 106496K, used 86709K [0x0000000080000000, 0x0000000100000000)
  region size 1024K, 32 young (32768K), 4 survivors (4096K)
 Metaspace       used 76262K, committed 76800K, reserved 1122304K
  class space    used 10401K, committed 10624K, reserved 1048576K
}
Event: 15.010 GC heap after
{Heap after GC invocations=27 (full 0):
 garbage-first heap   total 106496K, used 59607K [0x0000000080000000, 0x0000000100000000)
  region size 1024K, 2 young (2048K), 2 survivors (2048K)
 Metaspace       used 76262K, committed 76800K, reserved 1122304K
  class space    used 10401K, committed 10624K, reserved 1048576K
}
Event: 15.793 GC heap before
{Heap before GC invocations=28 (full 0):
 garbage-first heap   total 106496K, used 87255K [0x0000000080000000, 0x0000000100000000)
  region size 1024K, 29 young (29696K), 2 survivors (2048K)
 Metaspace       used 79412K, committed 80000K, reserved 1122304K
  class space    used 10798K, committed 11072K, reserved 1048576K
}
Event: 15.800 GC heap after
{Heap after GC invocations=29 (full 0):
 garbage-first heap   total 106496K, used 61923K [0x0000000080000000, 0x0000000100000000)
  region size 1024K, 4 young (4096K), 4 survivors (4096K)
 Metaspace       used 79412K, committed 80000K, reserved 1122304K
  class space    used 10798K, committed 11072K, reserved 1048576K
}
Event: 15.812 GC heap before
{Heap before GC invocations=29 (full 0):
 garbage-first heap   total 106496K, used 62947K [0x0000000080000000, 0x0000000100000000)
  region size 1024K, 5 young (5120K), 4 survivors (4096K)
 Metaspace       used 79493K, committed 80064K, reserved 1122304K
  class space    used 10806K, committed 11072K, reserved 1048576K
}
Event: 15.819 GC heap after
{Heap after GC invocations=30 (full 0):
 garbage-first heap   total 128000K, used 61985K [0x0000000080000000, 0x0000000100000000)
  region size 1024K, 1 young (1024K), 1 survivors (1024K)
 Metaspace       used 79493K, committed 80064K, reserved 1122304K
  class space    used 10806K, committed 11072K, reserved 1048576K
}
Event: 16.418 GC heap before
{Heap before GC invocations=30 (full 0):
 garbage-first heap   total 128000K, used 102945K [0x0000000080000000, 0x0000000100000000)
  region size 1024K, 41 young (41984K), 1 survivors (1024K)
 Metaspace       used 80538K, committed 81152K, reserved 1122304K
  class space    used 10931K, committed 11200K, reserved 1048576K
}
Event: 16.429 GC heap after
{Heap after GC invocations=31 (full 0):
 garbage-first heap   total 128000K, used 67437K [0x0000000080000000, 0x0000000100000000)
  region size 1024K, 6 young (6144K), 6 survivors (6144K)
 Metaspace       used 80538K, committed 81152K, reserved 1122304K
  class space    used 10931K, committed 11200K, reserved 1048576K
}
Event: 17.609 GC heap before
{Heap before GC invocations=32 (full 0):
 garbage-first heap   total 130048K, used 103277K [0x0000000080000000, 0x0000000100000000)
  region size 1024K, 41 young (41984K), 6 survivors (6144K)
 Metaspace       used 82488K, committed 83072K, reserved 1122304K
  class space    used 11298K, committed 11584K, reserved 1048576K
}
Event: 17.624 GC heap after
{Heap after GC invocations=33 (full 0):
 garbage-first heap   total 130048K, used 72130K [0x0000000080000000, 0x0000000100000000)
  region size 1024K, 5 young (5120K), 5 survivors (5120K)
 Metaspace       used 82488K, committed 83072K, reserved 1122304K
  class space    used 11298K, committed 11584K, reserved 1048576K
}
Event: 18.292 GC heap before
{Heap before GC invocations=33 (full 0):
 garbage-first heap   total 130048K, used 103874K [0x0000000080000000, 0x0000000100000000)
  region size 1024K, 37 young (37888K), 5 survivors (5120K)
 Metaspace       used 83027K, committed 83648K, reserved 1122304K
  class space    used 11381K, committed 11648K, reserved 1048576K
}
Event: 18.302 GC heap after
{Heap after GC invocations=34 (full 0):
 garbage-first heap   total 130048K, used 74882K [0x0000000080000000, 0x0000000100000000)
  region size 1024K, 3 young (3072K), 3 survivors (3072K)
 Metaspace       used 83027K, committed 83648K, reserved 1122304K
  class space    used 11381K, committed 11648K, reserved 1048576K
}
Event: 19.124 GC heap before
{Heap before GC invocations=35 (full 0):
 garbage-first heap   total 132096K, used 105602K [0x0000000080000000, 0x0000000100000000)
  region size 1024K, 34 young (34816K), 3 survivors (3072K)
 Metaspace       used 83451K, committed 84032K, reserved 1122304K
  class space    used 11416K, committed 11648K, reserved 1048576K
}
Event: 19.133 GC heap after
{Heap after GC invocations=36 (full 0):
 garbage-first heap   total 132096K, used 76785K [0x0000000080000000, 0x0000000100000000)
  region size 1024K, 5 young (5120K), 5 survivors (5120K)
 Metaspace       used 83451K, committed 84032K, reserved 1122304K
  class space    used 11416K, committed 11648K, reserved 1048576K
}

Dll operation events (2 events):
Event: 0.017 Loaded shared library C:\Program Files\Android\Android Studio\jbr\bin\java.dll
Event: 0.607 Loaded shared library C:\Program Files\Android\Android Studio\jbr\bin\verify.dll

Deoptimization events (20 events):
Event: 19.084 Thread 0x000001183f1493e0 Uncommon trap: trap_request=0xffffffd6 fr.pc=0x000001182a770748 relative=0x0000000000000788
Event: 19.084 Thread 0x000001183f1493e0 Uncommon trap: reason=array_check action=maybe_recompile pc=0x000001182a770748 method=java.util.TimSort.binarySort([Ljava/lang/Object;IIILjava/util/Comparator;)V @ 215 c2
Event: 19.084 Thread 0x000001183f1493e0 DEOPT PACKING pc=0x000001182a770748 sp=0x0000000f8fbfab00
Event: 19.084 Thread 0x000001183f1493e0 DEOPT UNPACKING pc=0x0000011829d169a3 sp=0x0000000f8fbfaa98 mode 2
Event: 19.084 Thread 0x000001183f1493e0 Uncommon trap: trap_request=0xffffffd6 fr.pc=0x000001182a770748 relative=0x0000000000000788
Event: 19.084 Thread 0x000001183f1493e0 Uncommon trap: reason=array_check action=maybe_recompile pc=0x000001182a770748 method=java.util.TimSort.binarySort([Ljava/lang/Object;IIILjava/util/Comparator;)V @ 215 c2
Event: 19.084 Thread 0x000001183f1493e0 DEOPT PACKING pc=0x000001182a770748 sp=0x0000000f8fbfa6c0
Event: 19.084 Thread 0x000001183f1493e0 DEOPT UNPACKING pc=0x0000011829d169a3 sp=0x0000000f8fbfa658 mode 2
Event: 19.243 Thread 0x000001183f1493e0 Uncommon trap: trap_request=0xffffffd6 fr.pc=0x000001182a77cb8c relative=0x000000000000096c
Event: 19.243 Thread 0x000001183f1493e0 Uncommon trap: reason=array_check action=maybe_recompile pc=0x000001182a77cb8c method=java.util.TimSort.binarySort([Ljava/lang/Object;IIILjava/util/Comparator;)V @ 183 c2
Event: 19.243 Thread 0x000001183f1493e0 DEOPT PACKING pc=0x000001182a77cb8c sp=0x0000000f8fbfbad0
Event: 19.243 Thread 0x000001183f1493e0 DEOPT UNPACKING pc=0x0000011829d169a3 sp=0x0000000f8fbfba78 mode 2
Event: 19.243 Thread 0x000001183f1493e0 Uncommon trap: trap_request=0xffffffd6 fr.pc=0x000001182a77cb8c relative=0x000000000000096c
Event: 19.243 Thread 0x000001183f1493e0 Uncommon trap: reason=array_check action=maybe_recompile pc=0x000001182a77cb8c method=java.util.TimSort.binarySort([Ljava/lang/Object;IIILjava/util/Comparator;)V @ 183 c2
Event: 19.243 Thread 0x000001183f1493e0 DEOPT PACKING pc=0x000001182a77cb8c sp=0x0000000f8fbfbad0
Event: 19.243 Thread 0x000001183f1493e0 DEOPT UNPACKING pc=0x0000011829d169a3 sp=0x0000000f8fbfba78 mode 2
Event: 19.265 Thread 0x000001183d4c4280 Uncommon trap: trap_request=0xffffff45 fr.pc=0x000001182a761d60 relative=0x0000000000000420
Event: 19.265 Thread 0x000001183d4c4280 Uncommon trap: reason=unstable_if action=reinterpret pc=0x000001182a761d60 method=com.esotericsoftware.kryo.io.Input.readVarLong(Z)J @ 152 c2
Event: 19.265 Thread 0x000001183d4c4280 DEOPT PACKING pc=0x000001182a761d60 sp=0x0000000f8c8fe160
Event: 19.265 Thread 0x000001183d4c4280 DEOPT UNPACKING pc=0x0000011829d169a3 sp=0x0000000f8c8fe100 mode 2

Classes unloaded (0 events):
No events

Classes redefined (0 events):
No events

Internal exceptions (20 events):
Event: 16.991 Thread 0x000001183f142a00 Exception <a 'java/lang/NoSuchMethodError'{0x00000000866d8160}: 'void java.lang.invoke.DirectMethodHandle$Holder.invokeSpecial(java.lang.Object, java.lang.Object, java.lang.Object, int)'> (0x00000000866d8160) 
thrown [s\src\hotspot\share\interpreter\linkResolver.cpp, line 771]
Event: 17.025 Thread 0x000001183a9209a0 Exception <a 'java/lang/NoSuchMethodError'{0x0000000086546de0}: static Lorg/gradle/internal/build/event/types/DefaultTaskSkippedResult;.<clinit>()V> (0x0000000086546de0) 
thrown [s\src\hotspot\share\prims\jni.cpp, line 1108]
Event: 17.078 Thread 0x000001183f1493e0 Exception <a 'java/lang/NoSuchMethodError'{0x00000000865de7d8}: 'int java.lang.invoke.DirectMethodHandle$Holder.invokeSpecial(java.lang.Object, java.lang.Object, java.lang.Object, java.lang.Object, java.lang.Object)'> (0x00000000865de7d8) 
thrown [s\src\hotspot\share\interpreter\linkResolver.cpp, line 771]
Event: 17.633 Thread 0x000001183f1493e0 Exception <a 'java/lang/NoSuchMethodError'{0x0000000087f616c8}: 'void java.lang.invoke.DirectMethodHandle$Holder.invokeStatic(java.lang.Object, java.lang.Object, java.lang.Object, java.lang.Object, int, java.lang.Object, java.lang.Object)'> (0x0000000087f616c8) 
thrown [s\src\hotspot\share\interpreter\linkResolver.cpp, line 771]
Event: 17.648 Thread 0x000001183d177a10 Implicit null exception at 0x000001182a6cdac0 to 0x000001182a6ce4f0
Event: 17.648 Thread 0x000001183d177a10 Implicit null exception at 0x000001182a6cdac0 to 0x000001182a6ce4f0
Event: 17.649 Thread 0x000001183d179bc0 Implicit null exception at 0x000001182a6cdac0 to 0x000001182a6ce4f0
Event: 17.649 Thread 0x000001183d179bc0 Implicit null exception at 0x000001182a6cdac0 to 0x000001182a6ce4f0
Event: 17.670 Thread 0x000001183d177a10 Exception <a 'java/lang/NoSuchMethodError'{0x0000000087b2f6d8}: 'java.lang.Object java.lang.invoke.DirectMethodHandle$Holder.invokeSpecialIFC(java.lang.Object, java.lang.Object, java.lang.Object)'> (0x0000000087b2f6d8) 
thrown [s\src\hotspot\share\interpreter\linkResolver.cpp, line 771]
Event: 17.670 Thread 0x000001183d173b80 Exception <a 'java/lang/NoSuchMethodError'{0x0000000087b23ff0}: 'java.lang.Object java.lang.invoke.DirectMethodHandle$Holder.invokeSpecialIFC(java.lang.Object, java.lang.Object, java.lang.Object)'> (0x0000000087b23ff0) 
thrown [s\src\hotspot\share\interpreter\linkResolver.cpp, line 771]
Event: 17.670 Thread 0x000001183f1493e0 Exception <a 'java/lang/NoSuchMethodError'{0x0000000087ca6708}: 'java.lang.Object java.lang.invoke.DirectMethodHandle$Holder.invokeSpecialIFC(java.lang.Object, java.lang.Object, java.lang.Object)'> (0x0000000087ca6708) 
thrown [s\src\hotspot\share\interpreter\linkResolver.cpp, line 771]
Event: 17.670 Thread 0x000001183d179bc0 Exception <a 'java/lang/NoSuchMethodError'{0x0000000087b1ea38}: 'java.lang.Object java.lang.invoke.DirectMethodHandle$Holder.invokeSpecialIFC(java.lang.Object, java.lang.Object, java.lang.Object)'> (0x0000000087b1ea38) 
thrown [s\src\hotspot\share\interpreter\linkResolver.cpp, line 771]
Event: 17.736 Thread 0x000001183f1493e0 Implicit null exception at 0x000001182a6f0204 to 0x000001182a6f0c88
Event: 18.861 Thread 0x000001183f1493e0 Exception <a 'java/lang/NoSuchMethodError'{0x0000000086c008e8}: 'void java.lang.invoke.DirectMethodHandle$Holder.invokeInterface(java.lang.Object, java.lang.Object, java.lang.Object, java.lang.Object)'> (0x0000000086c008e8) 
thrown [s\src\hotspot\share\interpreter\linkResolver.cpp, line 771]
Event: 19.242 Thread 0x000001183f1493e0 Exception <a 'java/lang/NoSuchMethodError'{0x0000000087a6c870}: static Lcom/android/build/gradle/internal/scope/InternalArtifactType;.<clinit>()V> (0x0000000087a6c870) 
thrown [s\src\hotspot\share\prims\jni.cpp, line 1108]
Event: 19.242 Thread 0x000001183f1493e0 Exception <a 'java/lang/NoSuchMethodError'{0x0000000087a6dfc8}: static Lcom/android/build/gradle/internal/scope/InternalArtifactType;.<clinit>()V> (0x0000000087a6dfc8) 
thrown [s\src\hotspot\share\prims\jni.cpp, line 1108]
Event: 19.243 Thread 0x000001183f1493e0 Exception <a 'java/lang/NoSuchMethodError'{0x0000000087a71168}: static Lcom/android/build/api/artifact/Artifact$Single;.<clinit>()V> (0x0000000087a71168) 
thrown [s\src\hotspot\share\prims\jni.cpp, line 1108]
Event: 19.243 Thread 0x000001183f1493e0 Exception <a 'java/lang/NoSuchMethodError'{0x0000000087a736f8}: static Ljava/lang/Object;.<clinit>()V> (0x0000000087a736f8) 
thrown [s\src\hotspot\share\prims\jni.cpp, line 1108]
Event: 19.245 Thread 0x000001183f1493e0 Exception <a 'java/lang/NoSuchMethodError'{0x0000000087a8a6e0}: static Lcom/android/build/api/artifact/ArtifactKind;.<clinit>()V> (0x0000000087a8a6e0) 
thrown [s\src\hotspot\share\prims\jni.cpp, line 1108]
Event: 19.245 Thread 0x000001183f1493e0 Exception <a 'java/lang/NoSuchMethodError'{0x0000000087a8b8a0}: static Lcom/android/build/api/artifact/ArtifactKind;.<clinit>()V> (0x0000000087a8b8a0) 
thrown [s\src\hotspot\share\prims\jni.cpp, line 1108]

VM Operations (20 events):
Event: 17.609 Executing VM operation: G1CollectForAllocation
Event: 17.625 Executing VM operation: G1CollectForAllocation done
Event: 18.053 Executing VM operation: ICBufferFull
Event: 18.054 Executing VM operation: ICBufferFull done
Event: 18.292 Executing VM operation: G1CollectForAllocation
Event: 18.305 Executing VM operation: G1CollectForAllocation done
Event: 18.510 Executing VM operation: G1Concurrent
Event: 18.517 Executing VM operation: G1Concurrent done
Event: 18.598 Executing VM operation: G1Concurrent
Event: 18.598 Executing VM operation: G1Concurrent done
Event: 18.823 Executing VM operation: ICBufferFull
Event: 18.824 Executing VM operation: ICBufferFull done
Event: 18.907 Executing VM operation: HandshakeAllThreads
Event: 18.907 Executing VM operation: HandshakeAllThreads done
Event: 19.124 Executing VM operation: G1CollectForAllocation
Event: 19.137 Executing VM operation: G1CollectForAllocation done
Event: 19.249 Executing VM operation: HandshakeAllThreads
Event: 19.249 Executing VM operation: HandshakeAllThreads done
Event: 19.260 Executing VM operation: HandshakeAllThreads
Event: 19.260 Executing VM operation: HandshakeAllThreads done

Events (20 events):
Event: 17.023 loading class java/io/ObjectInputStream$FieldValues
Event: 17.036 loading class java/io/ObjectInputStream$GetField
Event: 17.036 loading class java/io/ObjectInputStream$GetField done
Event: 17.036 loading class java/io/ObjectInputStream$FieldValues done
Event: 17.148 loading class java/util/stream/ReferencePipeline$4
Event: 17.148 loading class java/util/stream/ReferencePipeline$4 done
Event: 17.149 loading class java/util/function/IntBinaryOperator
Event: 17.149 loading class java/util/function/IntBinaryOperator done
Event: 17.149 loading class java/util/stream/ReduceOps$6
Event: 17.157 loading class java/util/stream/ReduceOps$6 done
Event: 17.157 loading class java/util/stream/ReduceOps$5ReducingSink
Event: 17.157 loading class java/util/stream/ReduceOps$5ReducingSink done
Event: 17.157 loading class java/util/stream/ReferencePipeline$4$1
Event: 17.157 loading class java/util/stream/ReferencePipeline$4$1 done
Event: 18.852 loading class java/util/stream/SortedOps$SizedRefSortingSink
Event: 18.852 loading class java/util/stream/SortedOps$SizedRefSortingSink done
Event: 19.238 loading class java/util/concurrent/ConcurrentSkipListMap$KeySet
Event: 19.238 loading class java/util/concurrent/ConcurrentSkipListMap$KeySet done
Event: 19.238 loading class java/util/concurrent/ConcurrentSkipListMap$KeyIterator
Event: 19.238 loading class java/util/concurrent/ConcurrentSkipListMap$KeyIterator done


Dynamic libraries:
0x00007ff7709f0000 - 0x00007ff7709fa000 	C:\Program Files\Android\Android Studio\jbr\bin\java.exe
0x00007ff8ccca0000 - 0x00007ff8cce90000 	C:\Windows\SYSTEM32\ntdll.dll
0x00007ff8cb510000 - 0x00007ff8cb5c2000 	C:\Windows\System32\KERNEL32.DLL
0x00007ff8ca9d0000 - 0x00007ff8cac72000 	C:\Windows\System32\KERNELBASE.dll
0x00007ff8ca5b0000 - 0x00007ff8ca6aa000 	C:\Windows\System32\ucrtbase.dll
0x00007ff8ae950000 - 0x00007ff8ae967000 	C:\Program Files\Android\Android Studio\jbr\bin\jli.dll
0x00007ff8ae930000 - 0x00007ff8ae94b000 	C:\Program Files\Android\Android Studio\jbr\bin\VCRUNTIME140.dll
0x00007ff8cb020000 - 0x00007ff8cb1b3000 	C:\Windows\System32\USER32.dll
0x00007ff8b3230000 - 0x00007ff8b34b5000 	C:\Windows\WinSxS\amd64_microsoft.windows.common-controls_6595b64144ccf1df_6.0.18362.30_none_a1435978519dce7f\COMCTL32.dll
0x00007ff8caca0000 - 0x00007ff8cacc1000 	C:\Windows\System32\win32u.dll
0x00007ff8cb400000 - 0x00007ff8cb49e000 	C:\Windows\System32\msvcrt.dll
0x00007ff8cb630000 - 0x00007ff8cb656000 	C:\Windows\System32\GDI32.dll
0x00007ff8cc880000 - 0x00007ff8ccbb6000 	C:\Windows\System32\combase.dll
0x00007ff8ca800000 - 0x00007ff8ca994000 	C:\Windows\System32\gdi32full.dll
0x00007ff8cb6d0000 - 0x00007ff8cb7f0000 	C:\Windows\System32\RPCRT4.dll
0x00007ff8ca4c0000 - 0x00007ff8ca55e000 	C:\Windows\System32\msvcp_win.dll
0x00007ff8cacd0000 - 0x00007ff8cad51000 	C:\Windows\System32\bcryptPrimitives.dll
0x00007ff8cb270000 - 0x00007ff8cb29e000 	C:\Windows\System32\IMM32.DLL
0x00007ff8b3190000 - 0x00007ff8b319c000 	C:\Program Files\Android\Android Studio\jbr\bin\vcruntime140_1.dll
0x00007ff8a57e0000 - 0x00007ff8a586d000 	C:\Program Files\Android\Android Studio\jbr\bin\msvcp140.dll
0x00007ff864df0000 - 0x00007ff865a5d000 	C:\Program Files\Android\Android Studio\jbr\bin\server\jvm.dll
0x00007ff8cba10000 - 0x00007ff8cbab3000 	C:\Windows\System32\ADVAPI32.dll
0x00007ff8ccbc0000 - 0x00007ff8ccc57000 	C:\Windows\System32\sechost.dll
0x00007ff8a0c60000 - 0x00007ff8a0c69000 	C:\Windows\SYSTEM32\WSOCK32.dll
0x00007ff8c6070000 - 0x00007ff8c6094000 	C:\Windows\SYSTEM32\WINMM.dll
0x00007ff8cb8c0000 - 0x00007ff8cb92f000 	C:\Windows\System32\WS2_32.dll
0x00007ff8bf920000 - 0x00007ff8bf92a000 	C:\Windows\SYSTEM32\VERSION.dll
0x00007ff8c5f90000 - 0x00007ff8c5fbd000 	C:\Windows\SYSTEM32\WINMMBASE.dll
0x00007ff8ca560000 - 0x00007ff8ca5aa000 	C:\Windows\System32\cfgmgr32.dll
0x00007ff8c9b80000 - 0x00007ff8c9b91000 	C:\Windows\System32\kernel.appcore.dll
0x00007ff89b0f0000 - 0x00007ff89b0fa000 	C:\Program Files\Android\Android Studio\jbr\bin\jimage.dll
0x00007ff8c8380000 - 0x00007ff8c8574000 	C:\Windows\SYSTEM32\DBGHELP.DLL
0x00007ff8b7510000 - 0x00007ff8b753a000 	C:\Windows\SYSTEM32\dbgcore.DLL
0x00007ff880fa0000 - 0x00007ff880fc5000 	C:\Program Files\Android\Android Studio\jbr\bin\java.dll
0x00007ff88ec70000 - 0x00007ff88ec88000 	C:\Program Files\Android\Android Studio\jbr\bin\zip.dll
0x00007ff8cbfb0000 - 0x00007ff8cc690000 	C:\Windows\System32\SHELL32.dll
0x00007ff8cadc0000 - 0x00007ff8cae69000 	C:\Windows\System32\shcore.dll
0x00007ff8c9c30000 - 0x00007ff8ca3ab000 	C:\Windows\System32\windows.storage.dll
0x00007ff8c9bf0000 - 0x00007ff8c9c0f000 	C:\Windows\System32\profapi.dll
0x00007ff8c9ba0000 - 0x00007ff8c9bea000 	C:\Windows\System32\powrprof.dll
0x00007ff8c9b70000 - 0x00007ff8c9b80000 	C:\Windows\System32\UMPDC.dll
0x00007ff8cad60000 - 0x00007ff8cadb2000 	C:\Windows\System32\shlwapi.dll
0x00007ff8cac80000 - 0x00007ff8cac97000 	C:\Windows\System32\cryptsp.dll
0x00007ff880f80000 - 0x00007ff880f99000 	C:\Program Files\Android\Android Studio\jbr\bin\net.dll
0x00007ff8bc080000 - 0x00007ff8bc16f000 	C:\Windows\SYSTEM32\WINHTTP.dll
0x00007ff8c93e0000 - 0x00007ff8c9447000 	C:\Windows\system32\mswsock.dll
0x00007ff880f60000 - 0x00007ff880f76000 	C:\Program Files\Android\Android Studio\jbr\bin\nio.dll
0x00007ff880f50000 - 0x00007ff880f60000 	C:\Program Files\Android\Android Studio\jbr\bin\verify.dll
0x00007ff8819f0000 - 0x00007ff881a17000 	C:\Users\ascom\.gradle\native\e1d6ef7f7dcc3fd88c89a11ec53ec762bb8ba0a96d01ffa2cd45eb1d1d8dd5c5\windows-amd64\native-platform.dll
0x00007ff88ba80000 - 0x00007ff88bbc4000 	C:\Users\ascom\.gradle\native\0d407fdbe67a94daf76414ababcb853783967236a71b16ec16e742cd7a986fd3\windows-amd64\native-platform-file-events.dll
0x00007ff89ad80000 - 0x00007ff89ad89000 	C:\Program Files\Android\Android Studio\jbr\bin\management.dll
0x00007ff881a30000 - 0x00007ff881a3b000 	C:\Program Files\Android\Android Studio\jbr\bin\management_ext.dll
0x00007ff8cba00000 - 0x00007ff8cba08000 	C:\Windows\System32\PSAPI.DLL
0x00007ff8c8fa0000 - 0x00007ff8c8fd3000 	C:\Windows\system32\rsaenh.dll
0x00007ff8ca9a0000 - 0x00007ff8ca9c6000 	C:\Windows\System32\bcrypt.dll
0x00007ff8c9a60000 - 0x00007ff8c9a85000 	C:\Windows\SYSTEM32\USERENV.dll
0x00007ff8c95b0000 - 0x00007ff8c95bc000 	C:\Windows\SYSTEM32\CRYPTBASE.dll
0x00007ff8c9140000 - 0x00007ff8c917a000 	C:\Windows\SYSTEM32\IPHLPAPI.DLL
0x00007ff8cb6c0000 - 0x00007ff8cb6c8000 	C:\Windows\System32\NSI.dll
0x00007ff8bfcc0000 - 0x00007ff8bfcd6000 	C:\Windows\SYSTEM32\dhcpcsvc6.DLL
0x00007ff8bfca0000 - 0x00007ff8bfcbc000 	C:\Windows\SYSTEM32\dhcpcsvc.DLL
0x00007ff8c9180000 - 0x00007ff8c924a000 	C:\Windows\SYSTEM32\DNSAPI.dll
0x00007ff880b00000 - 0x00007ff880b07000 	C:\Windows\system32\wshunix.dll

dbghelp: loaded successfully - version: 4.0.5 - missing functions: none
symbol engine: initialized successfully - sym options: 0x614 - pdb path: .;C:\Program Files\Android\Android Studio\jbr\bin;C:\Windows\SYSTEM32;C:\Windows\WinSxS\amd64_microsoft.windows.common-controls_6595b64144ccf1df_6.0.18362.30_none_a1435978519dce7f;C:\Program Files\Android\Android Studio\jbr\bin\server;C:\Users\ascom\.gradle\native\e1d6ef7f7dcc3fd88c89a11ec53ec762bb8ba0a96d01ffa2cd45eb1d1d8dd5c5\windows-amd64;C:\Users\ascom\.gradle\native\0d407fdbe67a94daf76414ababcb853783967236a71b16ec16e742cd7a986fd3\windows-amd64

VM Arguments:
jvm_args: --add-opens=java.base/java.util=ALL-UNNAMED --add-opens=java.base/java.lang=ALL-UNNAMED --add-opens=java.base/java.lang.invoke=ALL-UNNAMED --add-opens=java.base/java.util=ALL-UNNAMED --add-opens=java.prefs/java.util.prefs=ALL-UNNAMED --add-opens=java.prefs/java.util.prefs=ALL-UNNAMED --add-opens=java.base/java.nio.charset=ALL-UNNAMED --add-opens=java.base/java.net=ALL-UNNAMED --add-opens=java.base/java.util.concurrent.atomic=ALL-UNNAMED -Xmx2048m -Dfile.encoding=UTF-8 -Duser.country=US -Duser.language=en -Duser.variant 
java_command: org.gradle.launcher.daemon.bootstrap.GradleDaemon 7.5
java_class_path (initial): C:\Users\ascom\.gradle\wrapper\dists\gradle-7.5-bin\f1w0cc9nuo0eivz97x2xlu9sv\gradle-7.5\lib\gradle-launcher-7.5.jar
Launcher Type: SUN_STANDARD

[Global flags]
     intx CICompilerCount                          = 3                                         {product} {ergonomic}
     uint ConcGCThreads                            = 1                                         {product} {ergonomic}
     uint G1ConcRefinementThreads                  = 4                                         {product} {ergonomic}
   size_t G1HeapRegionSize                         = 1048576                                   {product} {ergonomic}
    uintx GCDrainStackTargetSize                   = 64                                        {product} {ergonomic}
   size_t InitialHeapSize                          = 134217728                                 {product} {ergonomic}
   size_t MarkStackSize                            = 4194304                                   {product} {ergonomic}
   size_t MaxHeapSize                              = 2147483648                                {product} {command line}
   size_t MaxNewSize                               = 1287651328                                {product} {ergonomic}
   size_t MinHeapDeltaBytes                        = 1048576                                   {product} {ergonomic}
   size_t MinHeapSize                              = 8388608                                   {product} {ergonomic}
    uintx NonNMethodCodeHeapSize                   = 5832780                                {pd product} {ergonomic}
    uintx NonProfiledCodeHeapSize                  = 122912730                              {pd product} {ergonomic}
    uintx ProfiledCodeHeapSize                     = 122912730                              {pd product} {ergonomic}
    uintx ReservedCodeCacheSize                    = 251658240                              {pd product} {ergonomic}
     bool SegmentedCodeCache                       = true                                      {product} {ergonomic}
   size_t SoftMaxHeapSize                          = 2147483648                             {manageable} {ergonomic}
     bool UseCompressedClassPointers               = true                           {product lp64_product} {ergonomic}
     bool UseCompressedOops                        = true                           {product lp64_product} {ergonomic}
     bool UseG1GC                                  = true                                      {product} {ergonomic}
     bool UseLargePagesIndividualAllocation        = false                                  {pd product} {ergonomic}

Logging:
Log output configuration:
 #0: stdout all=warning uptime,level,tags
 #1: stderr all=off uptime,level,tags

Environment Variables:
PATH=C:\Program Files (x86)\VMware\VMware Workstation\bin\;C:\ProgramData\Oracle\Java\javapath;C:\Program Files\Common Files\Oracle\Java\javapath;C:\Windows\system32;C:\Windows;C:\Windows\System32\Wbem;C:\Windows\System32\WindowsPowerShell\v1.0\;C:\Windows\System32\OpenSSH\;C:\Program Files\Java\jdk1.8.0_111\bin;C:\Program Files\Git\cmd;;C:\minikube;C:\Program Files\nodejs\;C:\Users\ascom\AppData\Local\Programs\Python\Python311\Scripts\;C:\Users\ascom\AppData\Local\Programs\Python\Python311\;C:\Users\ascom\AppData\Local\Microsoft\WindowsApps;;C:\Users\ascom\AppData\Local\Programs\Microsoft VS Code\bin;C:\Users\ascom\AppData\Roaming\npm
USERNAME=ascom
OS=Windows_NT
PROCESSOR_IDENTIFIER=Intel64 Family 6 Model 142 Stepping 9, GenuineIntel
TMP=C:\Users\ascom\AppData\Local\Temp
TEMP=C:\Users\ascom\AppData\Local\Temp



---------------  S Y S T E M  ---------------

OS:
 Windows 10 , 64 bit Build 18362 (10.0.18362.1)
OS uptime: 0 days 0:28 hours

CPU: total 4 (initial active 4) (2 cores per cpu, 2 threads per core) family 6 model 142 stepping 9 microcode 0xca, cx8, cmov, fxsr, ht, mmx, 3dnowpref, sse, sse2, sse3, ssse3, sse4.1, sse4.2, popcnt, lzcnt, tsc, tscinvbit, avx, avx2, aes, erms, clmul, bmi1, bmi2, adx, fma, vzeroupper, clflush, clflushopt

Memory: 4k page, system-wide physical 8108M (515M free)
TotalPageFile size 10156M (AvailPageFile size 0M)
current process WorkingSet (physical memory assigned to process): 367M, peak: 367M
current process commit charge ("private bytes"): 393M, peak: 393M

vm_info: OpenJDK 64-Bit Server VM (17.0.6+0-b2043.56-9586694) for windows-amd64 JRE (17.0.6+0-b2043.56-9586694), built on Feb  9 2023 20:06:20 by "androidbuild" with MS VC++ 16.10 / 16.11 (VS2019)

END.
