#
# There is insufficient memory for the Java Runtime Environment to continue.
# Native memory allocation (malloc) failed to allocate 1223040 bytes for Chunk::new
# Possible reasons:
#   The system is out of physical RAM or swap space
#   The process is running with CompressedOops enabled, and the Java Heap may be blocking the growth of the native heap
# Possible solutions:
#   Reduce memory load on the system
#   Increase physical memory or swap space
#   Check if swap backing store is full
#   Decrease Java heap size (-Xmx/-Xms)
#   Decrease number of Java threads
#   Decrease Java thread stack sizes (-Xss)
#   Set larger code cache with -XX:ReservedCodeCacheSize=
#   JVM is running with Unscaled Compressed Oops mode in which the Java heap is
#     placed in the first 4GB address space. The Java Heap base address is the
#     maximum limit for the native heap growth. Please use -XX:HeapBaseMinAddress
#     to set the Java Heap base and to place the Java Heap above 4GB virtual address.
# This output file may be truncated or incomplete.
#
#  Out of Memory Error (arena.cpp:189), pid=3648, tid=2952
#
# JRE version: OpenJDK Runtime Environment (17.0.6) (build 17.0.6+0-b2043.56-9586694)
# Java VM: OpenJDK 64-Bit Server VM (17.0.6+0-b2043.56-9586694, mixed mode, tiered, compressed oops, compressed class ptrs, g1 gc, windows-amd64)
# No core dump will be written. Minidumps are not enabled by default on client versions of Windows
#

---------------  S U M M A R Y ------------

Command Line: --add-opens=java.base/java.util=ALL-UNNAMED --add-opens=java.base/java.lang=ALL-UNNAMED --add-opens=java.base/java.lang.invoke=ALL-UNNAMED --add-opens=java.base/java.util=ALL-UNNAMED --add-opens=java.prefs/java.util.prefs=ALL-UNNAMED --add-opens=java.prefs/java.util.prefs=ALL-UNNAMED --add-opens=java.base/java.nio.charset=ALL-UNNAMED --add-opens=java.base/java.net=ALL-UNNAMED --add-opens=java.base/java.util.concurrent.atomic=ALL-UNNAMED -Xmx2048m -Dfile.encoding=UTF-8 -Duser.country=US -Duser.language=en -Duser.variant org.gradle.launcher.daemon.bootstrap.GradleDaemon 7.5

Host: Intel(R) Core(TM) i5-7200U CPU @ 2.50GHz, 4 cores, 7G,  Windows 10 , 64 bit Build 18362 (10.0.18362.1)
Time: Fri May 19 23:53:26 2023 Egypt Standard Time elapsed time: 14.339443 seconds (0d 0h 0m 14s)

---------------  T H R E A D  ---------------

Current thread (0x0000029b22029a60):  JavaThread "C2 CompilerThread0" daemon [_thread_in_native, id=2952, stack(0x000000c10b000000,0x000000c10b100000)]


Current CompileTask:
C2:  14339 7165 %     4       org.gradle.internal.instantiation.generator.AbstractClassGenerator::inspectType @ 250 (560 bytes)

Stack: [0x000000c10b000000,0x000000c10b100000]
Native frames: (J=compiled Java code, j=interpreted, Vv=VM code, C=native code)
V  [jvm.dll+0x683b4a]
V  [jvm.dll+0x842654]
V  [jvm.dll+0x843dfe]
V  [jvm.dll+0x844463]
V  [jvm.dll+0x249b75]
V  [jvm.dll+0xabcac]
V  [jvm.dll+0xac27c]
V  [jvm.dll+0x368857]
V  [jvm.dll+0x1bd0b8]
V  [jvm.dll+0x21c359]
V  [jvm.dll+0x21b621]
V  [jvm.dll+0x1a4fdd]
V  [jvm.dll+0x22b098]
V  [jvm.dll+0x229159]
V  [jvm.dll+0x7f809c]
V  [jvm.dll+0x7f25fa]
V  [jvm.dll+0x682985]
C  [ucrtbase.dll+0x1d912]
C  [KERNEL32.DLL+0x17944]
C  [ntdll.dll+0x6ce71]


---------------  P R O C E S S  ---------------

Threads class SMR info:
_java_thread_list=0x0000029b22946fd0, length=82, elements={
0x0000029b07f2d810, 0x0000029b214ee3e0, 0x0000029b214f12f0, 0x0000029b2151e620,
0x0000029b22023980, 0x0000029b220249e0, 0x0000029b220262b0, 0x0000029b22029a60,
0x0000029b22040780, 0x0000029b22043fd0, 0x0000029b22197650, 0x0000029b2219cf80,
0x0000029b23619000, 0x0000029b244f8070, 0x0000029b24748f80, 0x0000029b24d7db60,
0x0000029b23a20020, 0x0000029b23a55040, 0x0000029b24719210, 0x0000029b24b2d6a0,
0x0000029b24b2b4f0, 0x0000029b24b2be90, 0x0000029b24b2ab50, 0x0000029b24b2e510,
0x0000029b24b2b020, 0x0000029b24b2c830, 0x0000029b24b2e040, 0x0000029b24b2db70,
0x0000029b24b2c360, 0x0000029b24b2cd00, 0x0000029b24b2d1d0, 0x0000029b26a99490,
0x0000029b26a9eb30, 0x0000029b26a9d320, 0x0000029b26a9c4b0, 0x0000029b26a9d7f0,
0x0000029b26a9f4d0, 0x0000029b26a99960, 0x0000029b26a9a300, 0x0000029b26a99e30,
0x0000029b26a9b170, 0x0000029b26a98fc0, 0x0000029b26a9ce50, 0x0000029b26a9bfe0,
0x0000029b26a9e190, 0x0000029b26a9c980, 0x0000029b26a9e660, 0x0000029b26a9f000,
0x0000029b26a9f9a0, 0x0000029b26a9fe70, 0x0000029b265e2ae0, 0x0000029b265de2b0,
0x0000029b265e2140, 0x0000029b265e3950, 0x0000029b265dff90, 0x0000029b265e42f0,
0x0000029b265e0e00, 0x0000029b265e3480, 0x0000029b265e0930, 0x0000029b265e2fb0,
0x0000029b265e2610, 0x0000029b265e0460, 0x0000029b265e3e20, 0x0000029b265ddde0,
0x0000029b265e47c0, 0x0000029b265e5160, 0x0000029b265e12d0, 0x0000029b265e4c90,
0x0000029b265dec50, 0x0000029b265df5f0, 0x0000029b265dfac0, 0x0000029b265e5630,
0x0000029b265e17a0, 0x0000029b265de780, 0x0000029b265df120, 0x0000029b265e1c70,
0x0000029b27eb8cf0, 0x0000029b27eb79b0, 0x0000029b27eb9b60, 0x0000029b232a37d0,
0x0000029b27eb4990, 0x0000029b27eba500
}

Java Threads: ( => current thread )
  0x0000029b07f2d810 JavaThread "main" [_thread_blocked, id=8516, stack(0x000000c10a300000,0x000000c10a400000)]
  0x0000029b214ee3e0 JavaThread "Reference Handler" daemon [_thread_blocked, id=2504, stack(0x000000c10aa00000,0x000000c10ab00000)]
  0x0000029b214f12f0 JavaThread "Finalizer" daemon [_thread_blocked, id=10580, stack(0x000000c10ab00000,0x000000c10ac00000)]
  0x0000029b2151e620 JavaThread "Signal Dispatcher" daemon [_thread_blocked, id=3840, stack(0x000000c10ac00000,0x000000c10ad00000)]
  0x0000029b22023980 JavaThread "Attach Listener" daemon [_thread_blocked, id=2128, stack(0x000000c10ad00000,0x000000c10ae00000)]
  0x0000029b220249e0 JavaThread "Service Thread" daemon [_thread_blocked, id=7420, stack(0x000000c10ae00000,0x000000c10af00000)]
  0x0000029b220262b0 JavaThread "Monitor Deflation Thread" daemon [_thread_blocked, id=7244, stack(0x000000c10af00000,0x000000c10b000000)]
=>0x0000029b22029a60 JavaThread "C2 CompilerThread0" daemon [_thread_in_native, id=2952, stack(0x000000c10b000000,0x000000c10b100000)]
  0x0000029b22040780 JavaThread "C1 CompilerThread0" daemon [_thread_blocked, id=9560, stack(0x000000c10b100000,0x000000c10b200000)]
  0x0000029b22043fd0 JavaThread "Sweeper thread" daemon [_thread_blocked, id=2236, stack(0x000000c10b200000,0x000000c10b300000)]
  0x0000029b22197650 JavaThread "Common-Cleaner" daemon [_thread_blocked, id=11948, stack(0x000000c10b300000,0x000000c10b400000)]
  0x0000029b2219cf80 JavaThread "Notification Thread" daemon [_thread_blocked, id=11988, stack(0x000000c10b400000,0x000000c10b500000)]
  0x0000029b23619000 JavaThread "Daemon health stats" [_thread_blocked, id=4152, stack(0x000000c10ba00000,0x000000c10bb00000)]
  0x0000029b244f8070 JavaThread "Incoming local TCP Connector on port 50516" [_thread_in_native, id=4932, stack(0x000000c10bb00000,0x000000c10bc00000)]
  0x0000029b24748f80 JavaThread "Daemon periodic checks" [_thread_blocked, id=3980, stack(0x000000c10bc00000,0x000000c10bd00000)]
  0x0000029b24d7db60 JavaThread "Daemon" [_thread_blocked, id=964, stack(0x000000c10bd00000,0x000000c10be00000)]
  0x0000029b23a20020 JavaThread "Handler for socket connection from /127.0.0.1:50516 to /127.0.0.1:50517" [_thread_in_native, id=6200, stack(0x000000c10be00000,0x000000c10bf00000)]
  0x0000029b23a55040 JavaThread "Cancel handler" [_thread_blocked, id=7508, stack(0x000000c10bf00000,0x000000c10c000000)]
  0x0000029b24719210 JavaThread "Daemon worker" [_thread_in_vm, id=9636, stack(0x000000c10c000000,0x000000c10c100000)]
  0x0000029b24b2d6a0 JavaThread "Asynchronous log dispatcher for DefaultDaemonConnection: socket connection from /127.0.0.1:50516 to /127.0.0.1:50517" [_thread_blocked, id=4436, stack(0x000000c10c100000,0x000000c10c200000)]
  0x0000029b24b2b4f0 JavaThread "Stdin handler" [_thread_blocked, id=4488, stack(0x000000c10c200000,0x000000c10c300000)]
  0x0000029b24b2be90 JavaThread "Daemon client event forwarder" [_thread_blocked, id=10444, stack(0x000000c10c300000,0x000000c10c400000)]
  0x0000029b24b2ab50 JavaThread "Cache worker for journal cache (C:\Users\ascom\.gradle\caches\journal-1)" [_thread_blocked, id=6088, stack(0x000000c10c400000,0x000000c10c500000)]
  0x0000029b24b2e510 JavaThread "File lock request listener" [_thread_in_native, id=4976, stack(0x000000c10c500000,0x000000c10c600000)]
  0x0000029b24b2b020 JavaThread "Cache worker for file hash cache (C:\Users\ascom\.gradle\caches\7.5\fileHashes)" [_thread_blocked, id=11704, stack(0x000000c10c600000,0x000000c10c700000)]
  0x0000029b24b2c830 JavaThread "File watcher server" daemon [_thread_in_native, id=1204, stack(0x000000c10c700000,0x000000c10c800000)]
  0x0000029b24b2e040 JavaThread "File watcher consumer" daemon [_thread_blocked, id=2228, stack(0x000000c10c800000,0x000000c10c900000)]
  0x0000029b24b2db70 JavaThread "Cache worker for checksums cache (C:\Users\ascom\Desktop\Pack-Your-Bag-main\.gradle\7.5\checksums)" [_thread_blocked, id=12084, stack(0x000000c10c900000,0x000000c10ca00000)]
  0x0000029b24b2c360 JavaThread "Cache worker for cache directory md-rule (C:\Users\ascom\.gradle\caches\7.5\md-rule)" [_thread_blocked, id=9472, stack(0x000000c10ca00000,0x000000c10cb00000)]
  0x0000029b24b2cd00 JavaThread "Cache worker for file content cache (C:\Users\ascom\.gradle\caches\7.5\fileContent)" [_thread_blocked, id=968, stack(0x000000c10cb00000,0x000000c10cc00000)]
  0x0000029b24b2d1d0 JavaThread "Cache worker for file hash cache (C:\Users\ascom\Desktop\Pack-Your-Bag-main\.gradle\7.5\fileHashes)" [_thread_blocked, id=3304, stack(0x000000c10cc00000,0x000000c10cd00000)]
  0x0000029b26a99490 JavaThread "Cache worker for cache directory md-supplier (C:\Users\ascom\.gradle\caches\7.5\md-supplier)" [_thread_blocked, id=9324, stack(0x000000c10cd00000,0x000000c10ce00000)]
  0x0000029b26a9eb30 JavaThread "Cache worker for execution history cache (C:\Users\ascom\.gradle\caches\7.5\executionHistory)" [_thread_blocked, id=12160, stack(0x000000c10ce00000,0x000000c10cf00000)]
  0x0000029b26a9d320 JavaThread "jar transforms" [_thread_blocked, id=5888, stack(0x000000c10cf00000,0x000000c10d000000)]
  0x0000029b26a9c4b0 JavaThread "jar transforms Thread 2" [_thread_blocked, id=9844, stack(0x000000c10d000000,0x000000c10d100000)]
  0x0000029b26a9d7f0 JavaThread "jar transforms Thread 3" [_thread_blocked, id=9356, stack(0x000000c10d200000,0x000000c10d300000)]
  0x0000029b26a9f4d0 JavaThread "jar transforms Thread 4" [_thread_blocked, id=3404, stack(0x000000c10d300000,0x000000c10d400000)]
  0x0000029b26a99960 JavaThread "Cache worker for dependencies-accessors (C:\Users\ascom\Desktop\Pack-Your-Bag-main\.gradle\7.5\dependencies-accessors)" [_thread_blocked, id=10796, stack(0x000000c10d400000,0x000000c10d500000)]
  0x0000029b26a9a300 JavaThread "Cache worker for Build Output Cleanup Cache (C:\Users\ascom\Desktop\Pack-Your-Bag-main\.gradle\buildOutputCleanup)" [_thread_blocked, id=7616, stack(0x000000c10d500000,0x000000c10d600000)]
  0x0000029b26a99e30 JavaThread "Unconstrained build operations" [_thread_blocked, id=3420, stack(0x000000c10d600000,0x000000c10d700000)]
  0x0000029b26a9b170 JavaThread "Unconstrained build operations Thread 2" [_thread_blocked, id=11652, stack(0x000000c10d700000,0x000000c10d800000)]
  0x0000029b26a98fc0 JavaThread "Unconstrained build operations Thread 3" [_thread_blocked, id=772, stack(0x000000c10d800000,0x000000c10d900000)]
  0x0000029b26a9ce50 JavaThread "Unconstrained build operations Thread 4" [_thread_blocked, id=4612, stack(0x000000c10d900000,0x000000c10da00000)]
  0x0000029b26a9bfe0 JavaThread "Unconstrained build operations Thread 5" [_thread_blocked, id=5780, stack(0x000000c10da00000,0x000000c10db00000)]
  0x0000029b26a9e190 JavaThread "Unconstrained build operations Thread 6" [_thread_blocked, id=9192, stack(0x000000c10db00000,0x000000c10dc00000)]
  0x0000029b26a9c980 JavaThread "Unconstrained build operations Thread 7" [_thread_blocked, id=3940, stack(0x000000c10dc00000,0x000000c10dd00000)]
  0x0000029b26a9e660 JavaThread "Unconstrained build operations Thread 8" [_thread_blocked, id=5176, stack(0x000000c10dd00000,0x000000c10de00000)]
  0x0000029b26a9f000 JavaThread "Unconstrained build operations Thread 9" [_thread_blocked, id=12096, stack(0x000000c10de00000,0x000000c10df00000)]
  0x0000029b26a9f9a0 JavaThread "Unconstrained build operations Thread 10" [_thread_blocked, id=11404, stack(0x000000c10df00000,0x000000c10e000000)]
  0x0000029b26a9fe70 JavaThread "Unconstrained build operations Thread 11" [_thread_blocked, id=9712, stack(0x000000c10e000000,0x000000c10e100000)]
  0x0000029b265e2ae0 JavaThread "Unconstrained build operations Thread 12" [_thread_blocked, id=8176, stack(0x000000c10e100000,0x000000c10e200000)]
  0x0000029b265de2b0 JavaThread "Unconstrained build operations Thread 13" [_thread_blocked, id=7636, stack(0x000000c10e200000,0x000000c10e300000)]
  0x0000029b265e2140 JavaThread "Unconstrained build operations Thread 14" [_thread_blocked, id=5368, stack(0x000000c10e300000,0x000000c10e400000)]
  0x0000029b265e3950 JavaThread "Unconstrained build operations Thread 15" [_thread_blocked, id=7228, stack(0x000000c10e400000,0x000000c10e500000)]
  0x0000029b265dff90 JavaThread "Unconstrained build operations Thread 16" [_thread_blocked, id=7396, stack(0x000000c10e500000,0x000000c10e600000)]
  0x0000029b265e42f0 JavaThread "Unconstrained build operations Thread 17" [_thread_blocked, id=11620, stack(0x000000c10e600000,0x000000c10e700000)]
  0x0000029b265e0e00 JavaThread "Unconstrained build operations Thread 18" [_thread_blocked, id=11628, stack(0x000000c10e700000,0x000000c10e800000)]
  0x0000029b265e3480 JavaThread "Unconstrained build operations Thread 19" [_thread_blocked, id=6240, stack(0x000000c10e800000,0x000000c10e900000)]
  0x0000029b265e0930 JavaThread "Unconstrained build operations Thread 20" [_thread_blocked, id=11548, stack(0x000000c10e900000,0x000000c10ea00000)]
  0x0000029b265e2fb0 JavaThread "Unconstrained build operations Thread 21" [_thread_blocked, id=6136, stack(0x000000c10ea00000,0x000000c10eb00000)]
  0x0000029b265e2610 JavaThread "Unconstrained build operations Thread 22" [_thread_blocked, id=6864, stack(0x000000c10eb00000,0x000000c10ec00000)]
  0x0000029b265e0460 JavaThread "Unconstrained build operations Thread 23" [_thread_blocked, id=6504, stack(0x000000c10ec00000,0x000000c10ed00000)]
  0x0000029b265e3e20 JavaThread "Unconstrained build operations Thread 24" [_thread_blocked, id=8036, stack(0x000000c10ed00000,0x000000c10ee00000)]
  0x0000029b265ddde0 JavaThread "Unconstrained build operations Thread 25" [_thread_blocked, id=2404, stack(0x000000c10ee00000,0x000000c10ef00000)]
  0x0000029b265e47c0 JavaThread "Unconstrained build operations Thread 26" [_thread_blocked, id=2368, stack(0x000000c10ef00000,0x000000c10f000000)]
  0x0000029b265e5160 JavaThread "Unconstrained build operations Thread 27" [_thread_blocked, id=8288, stack(0x000000c10f000000,0x000000c10f100000)]
  0x0000029b265e12d0 JavaThread "Unconstrained build operations Thread 28" [_thread_blocked, id=3816, stack(0x000000c10f100000,0x000000c10f200000)]
  0x0000029b265e4c90 JavaThread "Unconstrained build operations Thread 29" [_thread_blocked, id=5904, stack(0x000000c10f200000,0x000000c10f300000)]
  0x0000029b265dec50 JavaThread "Unconstrained build operations Thread 30" [_thread_blocked, id=4024, stack(0x000000c10f300000,0x000000c10f400000)]
  0x0000029b265df5f0 JavaThread "Unconstrained build operations Thread 31" [_thread_blocked, id=2584, stack(0x000000c10f400000,0x000000c10f500000)]
  0x0000029b265dfac0 JavaThread "Unconstrained build operations Thread 32" [_thread_blocked, id=2264, stack(0x000000c10f500000,0x000000c10f600000)]
  0x0000029b265e5630 JavaThread "Unconstrained build operations Thread 33" [_thread_blocked, id=4252, stack(0x000000c10f600000,0x000000c10f700000)]
  0x0000029b265e17a0 JavaThread "Unconstrained build operations Thread 34" [_thread_blocked, id=2276, stack(0x000000c10f700000,0x000000c10f800000)]
  0x0000029b265de780 JavaThread "Unconstrained build operations Thread 35" [_thread_blocked, id=2240, stack(0x000000c10f800000,0x000000c10f900000)]
  0x0000029b265df120 JavaThread "Unconstrained build operations Thread 36" [_thread_blocked, id=2728, stack(0x000000c10f900000,0x000000c10fa00000)]
  0x0000029b265e1c70 JavaThread "Unconstrained build operations Thread 37" [_thread_blocked, id=7032, stack(0x000000c10fa00000,0x000000c10fb00000)]
  0x0000029b27eb8cf0 JavaThread "Unconstrained build operations Thread 38" [_thread_blocked, id=7928, stack(0x000000c10fb00000,0x000000c10fc00000)]
  0x0000029b27eb79b0 JavaThread "Unconstrained build operations Thread 39" [_thread_blocked, id=2076, stack(0x000000c10fc00000,0x000000c10fd00000)]
  0x0000029b27eb9b60 JavaThread "Unconstrained build operations Thread 40" [_thread_blocked, id=2844, stack(0x000000c10fd00000,0x000000c10fe00000)]
  0x0000029b232a37d0 JavaThread "C2 CompilerThread1" daemon [_thread_in_native, id=8704, stack(0x000000c10b600000,0x000000c10b700000)]
  0x0000029b27eb4990 JavaThread "build event listener" [_thread_blocked, id=8824, stack(0x000000c10fe00000,0x000000c10ff00000)]
  0x0000029b27eba500 JavaThread "Memory manager" [_thread_blocked, id=11184, stack(0x000000c10ff00000,0x000000c110000000)]

Other Threads:
  0x0000029b214e8880 VMThread "VM Thread" [stack: 0x000000c10a900000,0x000000c10aa00000] [id=6672]
  0x0000029b21478380 WatcherThread [stack: 0x000000c10b500000,0x000000c10b600000] [id=6652]
  0x0000029b07f877e0 GCTaskThread "GC Thread#0" [stack: 0x000000c10a400000,0x000000c10a500000] [id=10636]
  0x0000029b22587e70 GCTaskThread "GC Thread#1" [stack: 0x000000c10b700000,0x000000c10b800000] [id=6800]
  0x0000029b22588120 GCTaskThread "GC Thread#2" [stack: 0x000000c10b800000,0x000000c10b900000] [id=1556]
  0x0000029b23665180 GCTaskThread "GC Thread#3" [stack: 0x000000c10b900000,0x000000c10ba00000] [id=9044]
  0x0000029b07f98630 ConcurrentGCThread "G1 Main Marker" [stack: 0x000000c10a500000,0x000000c10a600000] [id=2416]
  0x0000029b07f98f50 ConcurrentGCThread "G1 Conc#0" [stack: 0x000000c10a600000,0x000000c10a700000] [id=12144]
  0x0000029b07fedae0 ConcurrentGCThread "G1 Refine#0" [stack: 0x000000c10a700000,0x000000c10a800000] [id=8012]
  0x0000029b233e5ca0 ConcurrentGCThread "G1 Refine#1" [stack: 0x000000c10d100000,0x000000c10d200000] [id=12088]
  0x0000029b21345730 ConcurrentGCThread "G1 Service" [stack: 0x000000c10a800000,0x000000c10a900000] [id=1460]

Threads with active compile tasks:
C2 CompilerThread0    14367 7165 %     4       org.gradle.internal.instantiation.generator.AbstractClassGenerator::inspectType @ 250 (560 bytes)
C2 CompilerThread1    14367 7427       4       org.gradle.internal.reflect.ClassInspector::inspectClass (179 bytes)

VM state: not at safepoint (normal execution)

VM Mutex/Monitor currently owned by a thread: None

Heap address: 0x0000000080000000, size: 2048 MB, Compressed Oops mode: 32-bit

CDS archive(s) not mapped
Compressed class space mapped at: 0x0000000100000000-0x0000000140000000, reserved size: 1073741824
Narrow klass base: 0x0000000000000000, Narrow klass shift: 3, Narrow klass range: 0x140000000

GC Precious Log:
 CPUs: 4 total, 4 available
 Memory: 8108M
 Large Page Support: Disabled
 NUMA Support: Disabled
 Compressed Oops: Enabled (32-bit)
 Heap Region Size: 1M
 Heap Min Capacity: 8M
 Heap Initial Capacity: 128M
 Heap Max Capacity: 2G
 Pre-touch: Disabled
 Parallel Workers: 4
 Concurrent Workers: 1
 Concurrent Refinement Workers: 4
 Periodic GC: Disabled

Heap:
 garbage-first heap   total 267264K, used 134314K [0x0000000080000000, 0x0000000100000000)
  region size 1024K, 83 young (84992K), 1 survivors (1024K)
 Metaspace       used 73768K, committed 74304K, reserved 1114112K
  class space    used 9982K, committed 10240K, reserved 1048576K

Heap Regions: E=young(eden), S=young(survivor), O=old, HS=humongous(starts), HC=humongous(continues), CS=collection set, F=free, OA=open archive, CA=closed archive, TAMS=top-at-mark-start (previous, next)
|   0|0x0000000080000000, 0x0000000080100000, 0x0000000080100000|100%|HS|  |TAMS 0x0000000080100000, 0x0000000080000000| Complete 
|   1|0x0000000080100000, 0x0000000080200000, 0x0000000080200000|100%|HC|  |TAMS 0x0000000080200000, 0x0000000080100000| Complete 
|   2|0x0000000080200000, 0x0000000080300000, 0x0000000080300000|100%|HC|  |TAMS 0x0000000080300000, 0x0000000080200000| Complete 
|   3|0x0000000080300000, 0x0000000080400000, 0x0000000080400000|100%| O|  |TAMS 0x0000000080400000, 0x0000000080300000| Untracked 
|   4|0x0000000080400000, 0x0000000080500000, 0x0000000080500000|100%| O|  |TAMS 0x0000000080500000, 0x0000000080400000| Untracked 
|   5|0x0000000080500000, 0x0000000080600000, 0x0000000080600000|100%| O|  |TAMS 0x0000000080600000, 0x0000000080500000| Untracked 
|   6|0x0000000080600000, 0x0000000080700000, 0x0000000080700000|100%| O|  |TAMS 0x0000000080700000, 0x0000000080600000| Untracked 
|   7|0x0000000080700000, 0x0000000080800000, 0x0000000080800000|100%| O|  |TAMS 0x0000000080800000, 0x0000000080700000| Untracked 
|   8|0x0000000080800000, 0x0000000080900000, 0x0000000080900000|100%| O|  |TAMS 0x0000000080900000, 0x0000000080800000| Untracked 
|   9|0x0000000080900000, 0x0000000080a00000, 0x0000000080a00000|100%| O|  |TAMS 0x0000000080a00000, 0x0000000080900000| Untracked 
|  10|0x0000000080a00000, 0x0000000080b00000, 0x0000000080b00000|100%| O|  |TAMS 0x0000000080b00000, 0x0000000080a00000| Untracked 
|  11|0x0000000080b00000, 0x0000000080c00000, 0x0000000080c00000|100%| O|  |TAMS 0x0000000080c00000, 0x0000000080b00000| Untracked 
|  12|0x0000000080c00000, 0x0000000080d00000, 0x0000000080d00000|100%| O|  |TAMS 0x0000000080d00000, 0x0000000080c00000| Untracked 
|  13|0x0000000080d00000, 0x0000000080e00000, 0x0000000080e00000|100%| O|  |TAMS 0x0000000080e00000, 0x0000000080d00000| Untracked 
|  14|0x0000000080e00000, 0x0000000080f00000, 0x0000000080f00000|100%| O|  |TAMS 0x0000000080f00000, 0x0000000080e00000| Untracked 
|  15|0x0000000080f00000, 0x0000000081000000, 0x0000000081000000|100%| O|  |TAMS 0x0000000081000000, 0x0000000080f00000| Untracked 
|  16|0x0000000081000000, 0x0000000081100000, 0x0000000081100000|100%| O|  |TAMS 0x0000000081100000, 0x0000000081000000| Untracked 
|  17|0x0000000081100000, 0x0000000081200000, 0x0000000081200000|100%| O|  |TAMS 0x0000000081200000, 0x0000000081100000| Untracked 
|  18|0x0000000081200000, 0x0000000081300000, 0x0000000081300000|100%| O|  |TAMS 0x0000000081300000, 0x0000000081200000| Untracked 
|  19|0x0000000081300000, 0x0000000081400000, 0x0000000081400000|100%| O|  |TAMS 0x0000000081400000, 0x0000000081300000| Untracked 
|  20|0x0000000081400000, 0x0000000081500000, 0x0000000081500000|100%| O|  |TAMS 0x0000000081500000, 0x0000000081400000| Untracked 
|  21|0x0000000081500000, 0x0000000081600000, 0x0000000081600000|100%| O|  |TAMS 0x0000000081600000, 0x0000000081500000| Untracked 
|  22|0x0000000081600000, 0x0000000081600000, 0x0000000081700000|  0%| F|  |TAMS 0x0000000081600000, 0x0000000081600000| Untracked 
|  23|0x0000000081700000, 0x0000000081800000, 0x0000000081800000|100%| O|  |TAMS 0x0000000081700000, 0x0000000081700000| Untracked 
|  24|0x0000000081800000, 0x0000000081900000, 0x0000000081900000|100%| O|  |TAMS 0x0000000081900000, 0x0000000081800000| Untracked 
|  25|0x0000000081900000, 0x0000000081a00000, 0x0000000081a00000|100%| O|  |TAMS 0x0000000081a00000, 0x0000000081900000| Untracked 
|  26|0x0000000081a00000, 0x0000000081b00000, 0x0000000081b00000|100%| O|  |TAMS 0x0000000081b00000, 0x0000000081a00000| Untracked 
|  27|0x0000000081b00000, 0x0000000081c00000, 0x0000000081c00000|100%| O|  |TAMS 0x0000000081c00000, 0x0000000081b00000| Untracked 
|  28|0x0000000081c00000, 0x0000000081d00000, 0x0000000081d00000|100%| O|  |TAMS 0x0000000081d00000, 0x0000000081c00000| Untracked 
|  29|0x0000000081d00000, 0x0000000081e00000, 0x0000000081e00000|100%| O|  |TAMS 0x0000000081e00000, 0x0000000081d00000| Untracked 
|  30|0x0000000081e00000, 0x0000000081f00000, 0x0000000081f00000|100%| O|  |TAMS 0x0000000081f00000, 0x0000000081e00000| Untracked 
|  31|0x0000000081f00000, 0x0000000082000000, 0x0000000082000000|100%|HS|  |TAMS 0x0000000082000000, 0x0000000081f00000| Complete 
|  32|0x0000000082000000, 0x0000000082100000, 0x0000000082100000|100%|HS|  |TAMS 0x0000000082100000, 0x0000000082000000| Complete 
|  33|0x0000000082100000, 0x0000000082200000, 0x0000000082200000|100%| O|  |TAMS 0x0000000082200000, 0x0000000082100000| Untracked 
|  34|0x0000000082200000, 0x0000000082300000, 0x0000000082300000|100%| O|  |TAMS 0x0000000082300000, 0x0000000082200000| Untracked 
|  35|0x0000000082300000, 0x0000000082400000, 0x0000000082400000|100%| O|  |TAMS 0x0000000082400000, 0x0000000082300000| Untracked 
|  36|0x0000000082400000, 0x0000000082500000, 0x0000000082500000|100%| O|  |TAMS 0x0000000082500000, 0x0000000082400000| Untracked 
|  37|0x0000000082500000, 0x0000000082600000, 0x0000000082600000|100%| O|  |TAMS 0x0000000082600000, 0x0000000082500000| Untracked 
|  38|0x0000000082600000, 0x0000000082700000, 0x0000000082700000|100%| O|  |TAMS 0x0000000082700000, 0x0000000082600000| Untracked 
|  39|0x0000000082700000, 0x0000000082800000, 0x0000000082800000|100%| O|  |TAMS 0x0000000082800000, 0x0000000082700000| Untracked 
|  40|0x0000000082800000, 0x0000000082900000, 0x0000000082900000|100%| O|  |TAMS 0x0000000082900000, 0x0000000082800000| Untracked 
|  41|0x0000000082900000, 0x0000000082a00000, 0x0000000082a00000|100%| O|  |TAMS 0x0000000082a00000, 0x0000000082900000| Untracked 
|  42|0x0000000082a00000, 0x0000000082b00000, 0x0000000082b00000|100%| O|  |TAMS 0x0000000082abe800, 0x0000000082a00000| Untracked 
|  43|0x0000000082b00000, 0x0000000082c00000, 0x0000000082c00000|100%| O|  |TAMS 0x0000000082c00000, 0x0000000082b00000| Untracked 
|  44|0x0000000082c00000, 0x0000000082d00000, 0x0000000082d00000|100%| O|  |TAMS 0x0000000082d00000, 0x0000000082c00000| Untracked 
|  45|0x0000000082d00000, 0x0000000082e00000, 0x0000000082e00000|100%| O|  |TAMS 0x0000000082e00000, 0x0000000082d00000| Untracked 
|  46|0x0000000082e00000, 0x0000000082f00000, 0x0000000082f00000|100%| O|  |TAMS 0x0000000082f00000, 0x0000000082e00000| Untracked 
|  47|0x0000000082f00000, 0x0000000083000000, 0x0000000083000000|100%| O|  |TAMS 0x0000000082f00000, 0x0000000082f00000| Untracked 
|  48|0x0000000083000000, 0x0000000083100000, 0x0000000083100000|100%| O|  |TAMS 0x0000000083000000, 0x0000000083000000| Untracked 
|  49|0x0000000083100000, 0x0000000083200000, 0x0000000083200000|100%| O|  |TAMS 0x0000000083100000, 0x0000000083100000| Untracked 
|  50|0x0000000083200000, 0x00000000832a4400, 0x0000000083300000| 64%| O|  |TAMS 0x0000000083200000, 0x0000000083200000| Untracked 
|  51|0x0000000083300000, 0x0000000083300000, 0x0000000083400000|  0%| F|  |TAMS 0x0000000083300000, 0x0000000083300000| Untracked 
|  52|0x0000000083400000, 0x0000000083400000, 0x0000000083500000|  0%| F|  |TAMS 0x0000000083400000, 0x0000000083400000| Untracked 
|  53|0x0000000083500000, 0x0000000083500000, 0x0000000083600000|  0%| F|  |TAMS 0x0000000083500000, 0x0000000083500000| Untracked 
|  54|0x0000000083600000, 0x0000000083600000, 0x0000000083700000|  0%| F|  |TAMS 0x0000000083600000, 0x0000000083600000| Untracked 
|  55|0x0000000083700000, 0x0000000083700000, 0x0000000083800000|  0%| F|  |TAMS 0x0000000083700000, 0x0000000083700000| Untracked 
|  56|0x0000000083800000, 0x0000000083800000, 0x0000000083900000|  0%| F|  |TAMS 0x0000000083800000, 0x0000000083800000| Untracked 
|  57|0x0000000083900000, 0x0000000083900000, 0x0000000083a00000|  0%| F|  |TAMS 0x0000000083900000, 0x0000000083900000| Untracked 
|  58|0x0000000083a00000, 0x0000000083a00000, 0x0000000083b00000|  0%| F|  |TAMS 0x0000000083a00000, 0x0000000083a00000| Untracked 
|  59|0x0000000083b00000, 0x0000000083b00000, 0x0000000083c00000|  0%| F|  |TAMS 0x0000000083b00000, 0x0000000083b00000| Untracked 
|  60|0x0000000083c00000, 0x0000000083c00000, 0x0000000083d00000|  0%| F|  |TAMS 0x0000000083c00000, 0x0000000083c00000| Untracked 
|  61|0x0000000083d00000, 0x0000000083d00000, 0x0000000083e00000|  0%| F|  |TAMS 0x0000000083d00000, 0x0000000083d00000| Untracked 
|  62|0x0000000083e00000, 0x0000000083e00000, 0x0000000083f00000|  0%| F|  |TAMS 0x0000000083e00000, 0x0000000083e00000| Untracked 
|  63|0x0000000083f00000, 0x0000000083f00000, 0x0000000084000000|  0%| F|  |TAMS 0x0000000083f00000, 0x0000000083f00000| Untracked 
|  64|0x0000000084000000, 0x0000000084000000, 0x0000000084100000|  0%| F|  |TAMS 0x0000000084000000, 0x0000000084000000| Untracked 
|  65|0x0000000084100000, 0x0000000084100000, 0x0000000084200000|  0%| F|  |TAMS 0x0000000084100000, 0x0000000084100000| Untracked 
|  66|0x0000000084200000, 0x0000000084200000, 0x0000000084300000|  0%| F|  |TAMS 0x0000000084200000, 0x0000000084200000| Untracked 
|  67|0x0000000084300000, 0x0000000084300000, 0x0000000084400000|  0%| F|  |TAMS 0x0000000084300000, 0x0000000084300000| Untracked 
|  68|0x0000000084400000, 0x0000000084400000, 0x0000000084500000|  0%| F|  |TAMS 0x0000000084400000, 0x0000000084400000| Untracked 
|  69|0x0000000084500000, 0x0000000084500000, 0x0000000084600000|  0%| F|  |TAMS 0x0000000084500000, 0x0000000084500000| Untracked 
|  70|0x0000000084600000, 0x0000000084600000, 0x0000000084700000|  0%| F|  |TAMS 0x0000000084600000, 0x0000000084600000| Untracked 
|  71|0x0000000084700000, 0x0000000084700000, 0x0000000084800000|  0%| F|  |TAMS 0x0000000084700000, 0x0000000084700000| Untracked 
|  72|0x0000000084800000, 0x0000000084800000, 0x0000000084900000|  0%| F|  |TAMS 0x0000000084800000, 0x0000000084800000| Untracked 
|  73|0x0000000084900000, 0x0000000084900000, 0x0000000084a00000|  0%| F|  |TAMS 0x0000000084900000, 0x0000000084900000| Untracked 
|  74|0x0000000084a00000, 0x0000000084a00000, 0x0000000084b00000|  0%| F|  |TAMS 0x0000000084a00000, 0x0000000084a00000| Untracked 
|  75|0x0000000084b00000, 0x0000000084b00000, 0x0000000084c00000|  0%| F|  |TAMS 0x0000000084b00000, 0x0000000084b00000| Untracked 
|  76|0x0000000084c00000, 0x0000000084c00000, 0x0000000084d00000|  0%| F|  |TAMS 0x0000000084c00000, 0x0000000084c00000| Untracked 
|  77|0x0000000084d00000, 0x0000000084d00000, 0x0000000084e00000|  0%| F|  |TAMS 0x0000000084d00000, 0x0000000084d00000| Untracked 
|  78|0x0000000084e00000, 0x0000000084e00000, 0x0000000084f00000|  0%| F|  |TAMS 0x0000000084e00000, 0x0000000084e00000| Untracked 
|  79|0x0000000084f00000, 0x0000000084f00000, 0x0000000085000000|  0%| F|  |TAMS 0x0000000084f00000, 0x0000000084f00000| Untracked 
|  80|0x0000000085000000, 0x0000000085000000, 0x0000000085100000|  0%| F|  |TAMS 0x0000000085000000, 0x0000000085000000| Untracked 
|  81|0x0000000085100000, 0x0000000085100000, 0x0000000085200000|  0%| F|  |TAMS 0x0000000085100000, 0x0000000085100000| Untracked 
|  82|0x0000000085200000, 0x0000000085200000, 0x0000000085300000|  0%| F|  |TAMS 0x0000000085200000, 0x0000000085200000| Untracked 
|  83|0x0000000085300000, 0x0000000085300000, 0x0000000085400000|  0%| F|  |TAMS 0x0000000085300000, 0x0000000085300000| Untracked 
|  84|0x0000000085400000, 0x0000000085400000, 0x0000000085500000|  0%| F|  |TAMS 0x0000000085400000, 0x0000000085400000| Untracked 
|  85|0x0000000085500000, 0x0000000085500000, 0x0000000085600000|  0%| F|  |TAMS 0x0000000085500000, 0x0000000085500000| Untracked 
|  86|0x0000000085600000, 0x0000000085600000, 0x0000000085700000|  0%| F|  |TAMS 0x0000000085600000, 0x0000000085600000| Untracked 
|  87|0x0000000085700000, 0x0000000085700000, 0x0000000085800000|  0%| F|  |TAMS 0x0000000085700000, 0x0000000085700000| Untracked 
|  88|0x0000000085800000, 0x0000000085800000, 0x0000000085900000|  0%| F|  |TAMS 0x0000000085800000, 0x0000000085800000| Untracked 
|  89|0x0000000085900000, 0x0000000085900000, 0x0000000085a00000|  0%| F|  |TAMS 0x0000000085900000, 0x0000000085900000| Untracked 
|  90|0x0000000085a00000, 0x0000000085a00000, 0x0000000085b00000|  0%| F|  |TAMS 0x0000000085a00000, 0x0000000085a00000| Untracked 
|  91|0x0000000085b00000, 0x0000000085b00000, 0x0000000085c00000|  0%| F|  |TAMS 0x0000000085b00000, 0x0000000085b00000| Untracked 
|  92|0x0000000085c00000, 0x0000000085c00000, 0x0000000085d00000|  0%| F|  |TAMS 0x0000000085c00000, 0x0000000085c00000| Untracked 
|  93|0x0000000085d00000, 0x0000000085d00000, 0x0000000085e00000|  0%| F|  |TAMS 0x0000000085d00000, 0x0000000085d00000| Untracked 
|  94|0x0000000085e00000, 0x0000000085e00000, 0x0000000085f00000|  0%| F|  |TAMS 0x0000000085e00000, 0x0000000085e00000| Untracked 
|  95|0x0000000085f00000, 0x0000000085f00000, 0x0000000086000000|  0%| F|  |TAMS 0x0000000085f00000, 0x0000000085f00000| Untracked 
|  96|0x0000000086000000, 0x0000000086000000, 0x0000000086100000|  0%| F|  |TAMS 0x0000000086000000, 0x0000000086000000| Untracked 
|  97|0x0000000086100000, 0x0000000086100000, 0x0000000086200000|  0%| F|  |TAMS 0x0000000086100000, 0x0000000086100000| Untracked 
|  98|0x0000000086200000, 0x0000000086200000, 0x0000000086300000|  0%| F|  |TAMS 0x0000000086200000, 0x0000000086200000| Untracked 
|  99|0x0000000086300000, 0x0000000086300000, 0x0000000086400000|  0%| F|  |TAMS 0x0000000086300000, 0x0000000086300000| Untracked 
| 100|0x0000000086400000, 0x0000000086486400, 0x0000000086500000| 52%| S|CS|TAMS 0x0000000086400000, 0x0000000086400000| Complete 
| 101|0x0000000086500000, 0x0000000086500000, 0x0000000086600000|  0%| F|  |TAMS 0x0000000086500000, 0x0000000086500000| Untracked 
| 102|0x0000000086600000, 0x0000000086600000, 0x0000000086700000|  0%| F|  |TAMS 0x0000000086600000, 0x0000000086600000| Untracked 
| 103|0x0000000086700000, 0x0000000086700000, 0x0000000086800000|  0%| F|  |TAMS 0x0000000086700000, 0x0000000086700000| Untracked 
| 104|0x0000000086800000, 0x0000000086800000, 0x0000000086900000|  0%| F|  |TAMS 0x0000000086800000, 0x0000000086800000| Untracked 
| 105|0x0000000086900000, 0x0000000086900000, 0x0000000086a00000|  0%| F|  |TAMS 0x0000000086900000, 0x0000000086900000| Untracked 
| 106|0x0000000086a00000, 0x0000000086a00000, 0x0000000086b00000|  0%| F|  |TAMS 0x0000000086a00000, 0x0000000086a00000| Untracked 
| 107|0x0000000086b00000, 0x0000000086b00000, 0x0000000086c00000|  0%| F|  |TAMS 0x0000000086b00000, 0x0000000086b00000| Untracked 
| 108|0x0000000086c00000, 0x0000000086c00000, 0x0000000086d00000|  0%| F|  |TAMS 0x0000000086c00000, 0x0000000086c00000| Untracked 
| 109|0x0000000086d00000, 0x0000000086d00000, 0x0000000086e00000|  0%| F|  |TAMS 0x0000000086d00000, 0x0000000086d00000| Untracked 
| 110|0x0000000086e00000, 0x0000000086e00000, 0x0000000086f00000|  0%| F|  |TAMS 0x0000000086e00000, 0x0000000086e00000| Untracked 
| 111|0x0000000086f00000, 0x0000000086f00000, 0x0000000087000000|  0%| F|  |TAMS 0x0000000086f00000, 0x0000000086f00000| Untracked 
| 112|0x0000000087000000, 0x0000000087000000, 0x0000000087100000|  0%| F|  |TAMS 0x0000000087000000, 0x0000000087000000| Untracked 
| 113|0x0000000087100000, 0x0000000087100000, 0x0000000087200000|  0%| F|  |TAMS 0x0000000087100000, 0x0000000087100000| Untracked 
| 114|0x0000000087200000, 0x0000000087200000, 0x0000000087300000|  0%| F|  |TAMS 0x0000000087200000, 0x0000000087200000| Untracked 
| 115|0x0000000087300000, 0x0000000087300000, 0x0000000087400000|  0%| F|  |TAMS 0x0000000087300000, 0x0000000087300000| Untracked 
| 116|0x0000000087400000, 0x0000000087400000, 0x0000000087500000|  0%| F|  |TAMS 0x0000000087400000, 0x0000000087400000| Untracked 
| 117|0x0000000087500000, 0x0000000087500000, 0x0000000087600000|  0%| F|  |TAMS 0x0000000087500000, 0x0000000087500000| Untracked 
| 118|0x0000000087600000, 0x0000000087600000, 0x0000000087700000|  0%| F|  |TAMS 0x0000000087600000, 0x0000000087600000| Untracked 
| 119|0x0000000087700000, 0x0000000087700000, 0x0000000087800000|  0%| F|  |TAMS 0x0000000087700000, 0x0000000087700000| Untracked 
| 120|0x0000000087800000, 0x0000000087800000, 0x0000000087900000|  0%| F|  |TAMS 0x0000000087800000, 0x0000000087800000| Untracked 
| 121|0x0000000087900000, 0x0000000087900000, 0x0000000087a00000|  0%| F|  |TAMS 0x0000000087900000, 0x0000000087900000| Untracked 
| 122|0x0000000087a00000, 0x0000000087a00000, 0x0000000087b00000|  0%| F|  |TAMS 0x0000000087a00000, 0x0000000087a00000| Untracked 
| 123|0x0000000087b00000, 0x0000000087b00000, 0x0000000087c00000|  0%| F|  |TAMS 0x0000000087b00000, 0x0000000087b00000| Untracked 
| 124|0x0000000087c00000, 0x0000000087c00000, 0x0000000087d00000|  0%| F|  |TAMS 0x0000000087c00000, 0x0000000087c00000| Untracked 
| 125|0x0000000087d00000, 0x0000000087d00000, 0x0000000087e00000|  0%| F|  |TAMS 0x0000000087d00000, 0x0000000087d00000| Untracked 
| 126|0x0000000087e00000, 0x0000000087e00000, 0x0000000087f00000|  0%| F|  |TAMS 0x0000000087e00000, 0x0000000087e00000| Untracked 
| 127|0x0000000087f00000, 0x0000000087f00000, 0x0000000088000000|  0%| F|  |TAMS 0x0000000087f00000, 0x0000000087f00000| Untracked 
| 128|0x0000000088000000, 0x0000000088000000, 0x0000000088100000|  0%| F|  |TAMS 0x0000000088000000, 0x0000000088000000| Untracked 
| 129|0x0000000088100000, 0x0000000088100000, 0x0000000088200000|  0%| F|  |TAMS 0x0000000088100000, 0x0000000088100000| Untracked 
| 130|0x0000000088200000, 0x0000000088200000, 0x0000000088300000|  0%| F|  |TAMS 0x0000000088200000, 0x0000000088200000| Untracked 
| 131|0x0000000088300000, 0x0000000088300000, 0x0000000088400000|  0%| F|  |TAMS 0x0000000088300000, 0x0000000088300000| Untracked 
| 132|0x0000000088400000, 0x0000000088400000, 0x0000000088500000|  0%| F|  |TAMS 0x0000000088400000, 0x0000000088400000| Untracked 
| 133|0x0000000088500000, 0x0000000088500000, 0x0000000088600000|  0%| F|  |TAMS 0x0000000088500000, 0x0000000088500000| Untracked 
| 134|0x0000000088600000, 0x0000000088600000, 0x0000000088700000|  0%| F|  |TAMS 0x0000000088600000, 0x0000000088600000| Untracked 
| 135|0x0000000088700000, 0x0000000088700000, 0x0000000088800000|  0%| F|  |TAMS 0x0000000088700000, 0x0000000088700000| Untracked 
| 136|0x0000000088800000, 0x0000000088800000, 0x0000000088900000|  0%| F|  |TAMS 0x0000000088800000, 0x0000000088800000| Untracked 
| 137|0x0000000088900000, 0x0000000088900000, 0x0000000088a00000|  0%| F|  |TAMS 0x0000000088900000, 0x0000000088900000| Untracked 
| 138|0x0000000088a00000, 0x0000000088a00000, 0x0000000088b00000|  0%| F|  |TAMS 0x0000000088a00000, 0x0000000088a00000| Untracked 
| 139|0x0000000088b00000, 0x0000000088b00000, 0x0000000088c00000|  0%| F|  |TAMS 0x0000000088b00000, 0x0000000088b00000| Untracked 
| 140|0x0000000088c00000, 0x0000000088c00000, 0x0000000088d00000|  0%| F|  |TAMS 0x0000000088c00000, 0x0000000088c00000| Untracked 
| 141|0x0000000088d00000, 0x0000000088d00000, 0x0000000088e00000|  0%| F|  |TAMS 0x0000000088d00000, 0x0000000088d00000| Untracked 
| 142|0x0000000088e00000, 0x0000000088e00000, 0x0000000088f00000|  0%| F|  |TAMS 0x0000000088e00000, 0x0000000088e00000| Untracked 
| 143|0x0000000088f00000, 0x0000000088f00000, 0x0000000089000000|  0%| F|  |TAMS 0x0000000088f00000, 0x0000000088f00000| Untracked 
| 144|0x0000000089000000, 0x0000000089000000, 0x0000000089100000|  0%| F|  |TAMS 0x0000000089000000, 0x0000000089000000| Untracked 
| 145|0x0000000089100000, 0x0000000089100000, 0x0000000089200000|  0%| F|  |TAMS 0x0000000089100000, 0x0000000089100000| Untracked 
| 146|0x0000000089200000, 0x0000000089200000, 0x0000000089300000|  0%| F|  |TAMS 0x0000000089200000, 0x0000000089200000| Untracked 
| 147|0x0000000089300000, 0x0000000089300000, 0x0000000089400000|  0%| F|  |TAMS 0x0000000089300000, 0x0000000089300000| Untracked 
| 148|0x0000000089400000, 0x0000000089400000, 0x0000000089500000|  0%| F|  |TAMS 0x0000000089400000, 0x0000000089400000| Untracked 
| 149|0x0000000089500000, 0x0000000089500000, 0x0000000089600000|  0%| F|  |TAMS 0x0000000089500000, 0x0000000089500000| Untracked 
| 150|0x0000000089600000, 0x0000000089600000, 0x0000000089700000|  0%| F|  |TAMS 0x0000000089600000, 0x0000000089600000| Untracked 
| 151|0x0000000089700000, 0x0000000089700000, 0x0000000089800000|  0%| F|  |TAMS 0x0000000089700000, 0x0000000089700000| Untracked 
| 152|0x0000000089800000, 0x0000000089800000, 0x0000000089900000|  0%| F|  |TAMS 0x0000000089800000, 0x0000000089800000| Untracked 
| 153|0x0000000089900000, 0x0000000089900000, 0x0000000089a00000|  0%| F|  |TAMS 0x0000000089900000, 0x0000000089900000| Untracked 
| 154|0x0000000089a00000, 0x0000000089a00000, 0x0000000089b00000|  0%| F|  |TAMS 0x0000000089a00000, 0x0000000089a00000| Untracked 
| 155|0x0000000089b00000, 0x0000000089b00000, 0x0000000089c00000|  0%| F|  |TAMS 0x0000000089b00000, 0x0000000089b00000| Untracked 
| 156|0x0000000089c00000, 0x0000000089c00000, 0x0000000089d00000|  0%| F|  |TAMS 0x0000000089c00000, 0x0000000089c00000| Untracked 
| 157|0x0000000089d00000, 0x0000000089d00000, 0x0000000089e00000|  0%| F|  |TAMS 0x0000000089d00000, 0x0000000089d00000| Untracked 
| 158|0x0000000089e00000, 0x0000000089e00000, 0x0000000089f00000|  0%| F|  |TAMS 0x0000000089e00000, 0x0000000089e00000| Untracked 
| 159|0x0000000089f00000, 0x0000000089f00000, 0x000000008a000000|  0%| F|  |TAMS 0x0000000089f00000, 0x0000000089f00000| Untracked 
| 160|0x000000008a000000, 0x000000008a000000, 0x000000008a100000|  0%| F|  |TAMS 0x000000008a000000, 0x000000008a000000| Untracked 
| 161|0x000000008a100000, 0x000000008a100000, 0x000000008a200000|  0%| F|  |TAMS 0x000000008a100000, 0x000000008a100000| Untracked 
| 162|0x000000008a200000, 0x000000008a200000, 0x000000008a300000|  0%| F|  |TAMS 0x000000008a200000, 0x000000008a200000| Untracked 
| 163|0x000000008a300000, 0x000000008a300000, 0x000000008a400000|  0%| F|  |TAMS 0x000000008a300000, 0x000000008a300000| Untracked 
| 164|0x000000008a400000, 0x000000008a400000, 0x000000008a500000|  0%| F|  |TAMS 0x000000008a400000, 0x000000008a400000| Untracked 
| 165|0x000000008a500000, 0x000000008a500000, 0x000000008a600000|  0%| F|  |TAMS 0x000000008a500000, 0x000000008a500000| Untracked 
| 166|0x000000008a600000, 0x000000008a600000, 0x000000008a700000|  0%| F|  |TAMS 0x000000008a600000, 0x000000008a600000| Untracked 
| 167|0x000000008a700000, 0x000000008a700000, 0x000000008a800000|  0%| F|  |TAMS 0x000000008a700000, 0x000000008a700000| Untracked 
| 168|0x000000008a800000, 0x000000008a800000, 0x000000008a900000|  0%| F|  |TAMS 0x000000008a800000, 0x000000008a800000| Untracked 
| 169|0x000000008a900000, 0x000000008a900000, 0x000000008aa00000|  0%| F|  |TAMS 0x000000008a900000, 0x000000008a900000| Untracked 
| 170|0x000000008aa00000, 0x000000008aa00000, 0x000000008ab00000|  0%| F|  |TAMS 0x000000008aa00000, 0x000000008aa00000| Untracked 
| 171|0x000000008ab00000, 0x000000008ab00000, 0x000000008ac00000|  0%| F|  |TAMS 0x000000008ab00000, 0x000000008ab00000| Untracked 
| 172|0x000000008ac00000, 0x000000008ac00000, 0x000000008ad00000|  0%| F|  |TAMS 0x000000008ac00000, 0x000000008ac00000| Untracked 
| 173|0x000000008ad00000, 0x000000008ad00000, 0x000000008ae00000|  0%| F|  |TAMS 0x000000008ad00000, 0x000000008ad00000| Untracked 
| 174|0x000000008ae00000, 0x000000008ae00000, 0x000000008af00000|  0%| F|  |TAMS 0x000000008ae00000, 0x000000008ae00000| Untracked 
| 175|0x000000008af00000, 0x000000008af00000, 0x000000008b000000|  0%| F|  |TAMS 0x000000008af00000, 0x000000008af00000| Untracked 
| 176|0x000000008b000000, 0x000000008b000000, 0x000000008b100000|  0%| F|  |TAMS 0x000000008b000000, 0x000000008b000000| Untracked 
| 177|0x000000008b100000, 0x000000008b100000, 0x000000008b200000|  0%| F|  |TAMS 0x000000008b100000, 0x000000008b100000| Untracked 
| 178|0x000000008b200000, 0x000000008b200000, 0x000000008b300000|  0%| F|  |TAMS 0x000000008b200000, 0x000000008b200000| Untracked 
| 179|0x000000008b300000, 0x000000008b400000, 0x000000008b400000|100%| E|  |TAMS 0x000000008b300000, 0x000000008b300000| Complete 
| 180|0x000000008b400000, 0x000000008b500000, 0x000000008b500000|100%| E|CS|TAMS 0x000000008b400000, 0x000000008b400000| Complete 
| 181|0x000000008b500000, 0x000000008b600000, 0x000000008b600000|100%| E|CS|TAMS 0x000000008b500000, 0x000000008b500000| Complete 
| 182|0x000000008b600000, 0x000000008b700000, 0x000000008b700000|100%| E|CS|TAMS 0x000000008b600000, 0x000000008b600000| Complete 
| 183|0x000000008b700000, 0x000000008b800000, 0x000000008b800000|100%| E|CS|TAMS 0x000000008b700000, 0x000000008b700000| Complete 
| 184|0x000000008b800000, 0x000000008b900000, 0x000000008b900000|100%| E|CS|TAMS 0x000000008b800000, 0x000000008b800000| Complete 
| 185|0x000000008b900000, 0x000000008ba00000, 0x000000008ba00000|100%| E|CS|TAMS 0x000000008b900000, 0x000000008b900000| Complete 
| 186|0x000000008ba00000, 0x000000008bb00000, 0x000000008bb00000|100%| E|CS|TAMS 0x000000008ba00000, 0x000000008ba00000| Complete 
| 187|0x000000008bb00000, 0x000000008bc00000, 0x000000008bc00000|100%| E|CS|TAMS 0x000000008bb00000, 0x000000008bb00000| Complete 
| 188|0x000000008bc00000, 0x000000008bd00000, 0x000000008bd00000|100%| E|CS|TAMS 0x000000008bc00000, 0x000000008bc00000| Complete 
| 189|0x000000008bd00000, 0x000000008be00000, 0x000000008be00000|100%| E|CS|TAMS 0x000000008bd00000, 0x000000008bd00000| Complete 
| 190|0x000000008be00000, 0x000000008bf00000, 0x000000008bf00000|100%| E|CS|TAMS 0x000000008be00000, 0x000000008be00000| Complete 
| 191|0x000000008bf00000, 0x000000008c000000, 0x000000008c000000|100%| E|CS|TAMS 0x000000008bf00000, 0x000000008bf00000| Complete 
| 192|0x000000008c000000, 0x000000008c100000, 0x000000008c100000|100%| E|CS|TAMS 0x000000008c000000, 0x000000008c000000| Complete 
| 193|0x000000008c100000, 0x000000008c200000, 0x000000008c200000|100%| E|CS|TAMS 0x000000008c100000, 0x000000008c100000| Complete 
| 194|0x000000008c200000, 0x000000008c300000, 0x000000008c300000|100%| E|CS|TAMS 0x000000008c200000, 0x000000008c200000| Complete 
| 195|0x000000008c300000, 0x000000008c400000, 0x000000008c400000|100%| E|CS|TAMS 0x000000008c300000, 0x000000008c300000| Complete 
| 196|0x000000008c400000, 0x000000008c500000, 0x000000008c500000|100%| E|CS|TAMS 0x000000008c400000, 0x000000008c400000| Complete 
| 197|0x000000008c500000, 0x000000008c600000, 0x000000008c600000|100%| E|CS|TAMS 0x000000008c500000, 0x000000008c500000| Complete 
| 198|0x000000008c600000, 0x000000008c700000, 0x000000008c700000|100%| E|CS|TAMS 0x000000008c600000, 0x000000008c600000| Complete 
| 199|0x000000008c700000, 0x000000008c800000, 0x000000008c800000|100%| E|CS|TAMS 0x000000008c700000, 0x000000008c700000| Complete 
| 200|0x000000008c800000, 0x000000008c900000, 0x000000008c900000|100%| E|CS|TAMS 0x000000008c800000, 0x000000008c800000| Complete 
| 201|0x000000008c900000, 0x000000008ca00000, 0x000000008ca00000|100%| E|CS|TAMS 0x000000008c900000, 0x000000008c900000| Complete 
| 202|0x000000008ca00000, 0x000000008cb00000, 0x000000008cb00000|100%| E|CS|TAMS 0x000000008ca00000, 0x000000008ca00000| Complete 
| 203|0x000000008cb00000, 0x000000008cc00000, 0x000000008cc00000|100%| E|CS|TAMS 0x000000008cb00000, 0x000000008cb00000| Complete 
| 204|0x000000008cc00000, 0x000000008cd00000, 0x000000008cd00000|100%| E|CS|TAMS 0x000000008cc00000, 0x000000008cc00000| Complete 
| 205|0x000000008cd00000, 0x000000008ce00000, 0x000000008ce00000|100%| E|CS|TAMS 0x000000008cd00000, 0x000000008cd00000| Complete 
| 206|0x000000008ce00000, 0x000000008cf00000, 0x000000008cf00000|100%| E|CS|TAMS 0x000000008ce00000, 0x000000008ce00000| Complete 
| 207|0x000000008cf00000, 0x000000008d000000, 0x000000008d000000|100%| E|CS|TAMS 0x000000008cf00000, 0x000000008cf00000| Complete 
| 208|0x000000008d000000, 0x000000008d100000, 0x000000008d100000|100%| E|CS|TAMS 0x000000008d000000, 0x000000008d000000| Complete 
| 209|0x000000008d100000, 0x000000008d200000, 0x000000008d200000|100%| E|CS|TAMS 0x000000008d100000, 0x000000008d100000| Complete 
| 210|0x000000008d200000, 0x000000008d300000, 0x000000008d300000|100%| E|CS|TAMS 0x000000008d200000, 0x000000008d200000| Complete 
| 211|0x000000008d300000, 0x000000008d400000, 0x000000008d400000|100%| E|CS|TAMS 0x000000008d300000, 0x000000008d300000| Complete 
| 212|0x000000008d400000, 0x000000008d500000, 0x000000008d500000|100%| E|CS|TAMS 0x000000008d400000, 0x000000008d400000| Complete 
| 213|0x000000008d500000, 0x000000008d600000, 0x000000008d600000|100%| E|CS|TAMS 0x000000008d500000, 0x000000008d500000| Complete 
| 214|0x000000008d600000, 0x000000008d700000, 0x000000008d700000|100%| E|CS|TAMS 0x000000008d600000, 0x000000008d600000| Complete 
| 215|0x000000008d700000, 0x000000008d800000, 0x000000008d800000|100%| E|CS|TAMS 0x000000008d700000, 0x000000008d700000| Complete 
| 216|0x000000008d800000, 0x000000008d900000, 0x000000008d900000|100%| E|CS|TAMS 0x000000008d800000, 0x000000008d800000| Complete 
| 217|0x000000008d900000, 0x000000008da00000, 0x000000008da00000|100%| E|CS|TAMS 0x000000008d900000, 0x000000008d900000| Complete 
| 218|0x000000008da00000, 0x000000008db00000, 0x000000008db00000|100%| E|CS|TAMS 0x000000008da00000, 0x000000008da00000| Complete 
| 219|0x000000008db00000, 0x000000008dc00000, 0x000000008dc00000|100%| E|CS|TAMS 0x000000008db00000, 0x000000008db00000| Complete 
| 220|0x000000008dc00000, 0x000000008dd00000, 0x000000008dd00000|100%| E|CS|TAMS 0x000000008dc00000, 0x000000008dc00000| Complete 
| 221|0x000000008dd00000, 0x000000008de00000, 0x000000008de00000|100%| E|CS|TAMS 0x000000008dd00000, 0x000000008dd00000| Complete 
| 222|0x000000008de00000, 0x000000008df00000, 0x000000008df00000|100%| E|CS|TAMS 0x000000008de00000, 0x000000008de00000| Complete 
| 223|0x000000008df00000, 0x000000008e000000, 0x000000008e000000|100%| E|CS|TAMS 0x000000008df00000, 0x000000008df00000| Complete 
| 224|0x000000008e000000, 0x000000008e100000, 0x000000008e100000|100%| E|CS|TAMS 0x000000008e000000, 0x000000008e000000| Complete 
| 225|0x000000008e100000, 0x000000008e200000, 0x000000008e200000|100%| E|CS|TAMS 0x000000008e100000, 0x000000008e100000| Complete 
| 226|0x000000008e200000, 0x000000008e300000, 0x000000008e300000|100%| E|CS|TAMS 0x000000008e200000, 0x000000008e200000| Complete 
| 227|0x000000008e300000, 0x000000008e400000, 0x000000008e400000|100%| E|CS|TAMS 0x000000008e300000, 0x000000008e300000| Complete 
| 228|0x000000008e400000, 0x000000008e500000, 0x000000008e500000|100%| E|CS|TAMS 0x000000008e400000, 0x000000008e400000| Complete 
| 229|0x000000008e500000, 0x000000008e600000, 0x000000008e600000|100%| E|CS|TAMS 0x000000008e500000, 0x000000008e500000| Complete 
| 230|0x000000008e600000, 0x000000008e700000, 0x000000008e700000|100%| E|CS|TAMS 0x000000008e600000, 0x000000008e600000| Complete 
| 231|0x000000008e700000, 0x000000008e800000, 0x000000008e800000|100%| E|CS|TAMS 0x000000008e700000, 0x000000008e700000| Complete 
| 232|0x000000008e800000, 0x000000008e900000, 0x000000008e900000|100%| E|CS|TAMS 0x000000008e800000, 0x000000008e800000| Complete 
| 233|0x000000008e900000, 0x000000008ea00000, 0x000000008ea00000|100%| E|CS|TAMS 0x000000008e900000, 0x000000008e900000| Complete 
| 234|0x000000008ea00000, 0x000000008eb00000, 0x000000008eb00000|100%| E|CS|TAMS 0x000000008ea00000, 0x000000008ea00000| Complete 
| 235|0x000000008eb00000, 0x000000008ec00000, 0x000000008ec00000|100%| E|CS|TAMS 0x000000008eb00000, 0x000000008eb00000| Complete 
| 236|0x000000008ec00000, 0x000000008ed00000, 0x000000008ed00000|100%| E|CS|TAMS 0x000000008ec00000, 0x000000008ec00000| Complete 
| 237|0x000000008ed00000, 0x000000008ee00000, 0x000000008ee00000|100%| E|CS|TAMS 0x000000008ed00000, 0x000000008ed00000| Complete 
| 238|0x000000008ee00000, 0x000000008ef00000, 0x000000008ef00000|100%| E|CS|TAMS 0x000000008ee00000, 0x000000008ee00000| Complete 
| 239|0x000000008ef00000, 0x000000008f000000, 0x000000008f000000|100%| E|CS|TAMS 0x000000008ef00000, 0x000000008ef00000| Complete 
| 240|0x000000008f000000, 0x000000008f100000, 0x000000008f100000|100%| E|CS|TAMS 0x000000008f000000, 0x000000008f000000| Complete 
| 241|0x000000008f100000, 0x000000008f200000, 0x000000008f200000|100%| E|CS|TAMS 0x000000008f100000, 0x000000008f100000| Complete 
| 242|0x000000008f200000, 0x000000008f300000, 0x000000008f300000|100%| E|CS|TAMS 0x000000008f200000, 0x000000008f200000| Complete 
| 243|0x000000008f300000, 0x000000008f400000, 0x000000008f400000|100%| E|CS|TAMS 0x000000008f300000, 0x000000008f300000| Complete 
| 244|0x000000008f400000, 0x000000008f500000, 0x000000008f500000|100%| E|CS|TAMS 0x000000008f400000, 0x000000008f400000| Complete 
| 245|0x000000008f500000, 0x000000008f600000, 0x000000008f600000|100%| E|CS|TAMS 0x000000008f500000, 0x000000008f500000| Complete 
| 246|0x000000008f600000, 0x000000008f700000, 0x000000008f700000|100%| E|CS|TAMS 0x000000008f600000, 0x000000008f600000| Complete 
| 247|0x000000008f700000, 0x000000008f800000, 0x000000008f800000|100%| E|CS|TAMS 0x000000008f700000, 0x000000008f700000| Complete 
| 248|0x000000008f800000, 0x000000008f900000, 0x000000008f900000|100%| E|CS|TAMS 0x000000008f800000, 0x000000008f800000| Complete 
| 249|0x000000008f900000, 0x000000008fa00000, 0x000000008fa00000|100%| E|CS|TAMS 0x000000008f900000, 0x000000008f900000| Complete 
| 250|0x000000008fa00000, 0x000000008fb00000, 0x000000008fb00000|100%| E|CS|TAMS 0x000000008fa00000, 0x000000008fa00000| Complete 
| 251|0x000000008fb00000, 0x000000008fc00000, 0x000000008fc00000|100%| E|CS|TAMS 0x000000008fb00000, 0x000000008fb00000| Complete 
| 252|0x000000008fc00000, 0x000000008fd00000, 0x000000008fd00000|100%| E|CS|TAMS 0x000000008fc00000, 0x000000008fc00000| Complete 
| 253|0x000000008fd00000, 0x000000008fe00000, 0x000000008fe00000|100%| E|CS|TAMS 0x000000008fd00000, 0x000000008fd00000| Complete 
| 254|0x000000008fe00000, 0x000000008ff00000, 0x000000008ff00000|100%| E|CS|TAMS 0x000000008fe00000, 0x000000008fe00000| Complete 
| 255|0x000000008ff00000, 0x0000000090000000, 0x0000000090000000|100%| E|CS|TAMS 0x000000008ff00000, 0x000000008ff00000| Complete 
| 256|0x0000000090000000, 0x0000000090100000, 0x0000000090100000|100%| E|CS|TAMS 0x0000000090000000, 0x0000000090000000| Complete 
| 257|0x0000000090100000, 0x0000000090200000, 0x0000000090200000|100%| E|CS|TAMS 0x0000000090100000, 0x0000000090100000| Complete 
| 258|0x0000000090200000, 0x0000000090300000, 0x0000000090300000|100%| E|CS|TAMS 0x0000000090200000, 0x0000000090200000| Complete 
| 259|0x0000000090300000, 0x0000000090400000, 0x0000000090400000|100%| E|CS|TAMS 0x0000000090300000, 0x0000000090300000| Complete 
| 260|0x0000000090400000, 0x0000000090500000, 0x0000000090500000|100%| E|CS|TAMS 0x0000000090400000, 0x0000000090400000| Complete 

Card table byte_map: [0x0000029b1a7f0000,0x0000029b1abf0000] _byte_map_base: 0x0000029b1a3f0000

Marking Bits (Prev, Next): (CMBitMap*) 0x0000029b07f87d40, (CMBitMap*) 0x0000029b07f87d00
 Prev Bits: [0x0000029b1cff0000, 0x0000029b1eff0000)
 Next Bits: [0x0000029b1aff0000, 0x0000029b1cff0000)

Polling page: 0x0000029b05e60000

Metaspace:

Usage:
  Non-class:     62.32 MB used.
      Class:      9.75 MB used.
       Both:     72.07 MB used.

Virtual space:
  Non-class space:       64.00 MB reserved,      62.63 MB ( 98%) committed,  8 nodes.
      Class space:        1.00 GB reserved,      10.00 MB ( <1%) committed,  1 nodes.
             Both:        1.06 GB reserved,      72.63 MB (  7%) committed. 

Chunk freelists:
   Non-Class:  736.00 KB
       Class:  1.95 MB
        Both:  2.67 MB

MaxMetaspaceSize: unlimited
CompressedClassSpaceSize: 1.00 GB
Initial GC threshold: 21.00 MB
Current GC threshold: 106.69 MB
CDS: off
MetaspaceReclaimPolicy: balanced
 - commit_granule_bytes: 65536.
 - commit_granule_words: 8192.
 - virtual_space_node_default_size: 1048576.
 - enlarge_chunks_in_place: 1.
 - new_chunks_are_fully_committed: 0.
 - uncommit_free_chunks: 1.
 - use_allocation_guard: 0.
 - handle_deallocations: 1.


Internal statistics:

num_allocs_failed_limit: 6.
num_arena_births: 632.
num_arena_deaths: 0.
num_vsnodes_births: 9.
num_vsnodes_deaths: 0.
num_space_committed: 1162.
num_space_uncommitted: 0.
num_chunks_returned_to_freelist: 6.
num_chunks_taken_from_freelist: 3146.
num_chunk_merges: 3.
num_chunk_splits: 2104.
num_chunks_enlarged: 1436.
num_purges: 0.
num_inconsistent_stats: 0.

CodeHeap 'non-profiled nmethods': size=120000Kb used=3705Kb max_used=3705Kb free=116294Kb
 bounds [0x0000029b12ec0000, 0x0000029b13260000, 0x0000029b1a3f0000]
CodeHeap 'profiled nmethods': size=120000Kb used=12866Kb max_used=12866Kb free=107133Kb
 bounds [0x0000029b0b3f0000, 0x0000029b0c090000, 0x0000029b12920000]
CodeHeap 'non-nmethods': size=5760Kb used=2359Kb max_used=2435Kb free=3400Kb
 bounds [0x0000029b12920000, 0x0000029b12b90000, 0x0000029b12ec0000]
 total_blobs=7472 nmethods=6585 adapters=799
 compilation: enabled
              stopped_count=0, restarted_count=0
 full_count=0

Compilation events (20 events):
Event: 14.279 Thread 0x0000029b22040780 7423       3       org.objectweb.asm.AnnotationVisitor::<init> (94 bytes)
Event: 14.279 Thread 0x0000029b22040780 nmethod 7423 0x0000029b0c074290 code [0x0000029b0c0744e0, 0x0000029b0c074de8]
Event: 14.279 Thread 0x0000029b22040780 7425       3       java.lang.invoke.MethodHandles$Lookup::checkUnprivilegedlookupClass (38 bytes)
Event: 14.280 Thread 0x0000029b22040780 nmethod 7425 0x0000029b0c075090 code [0x0000029b0c075320, 0x0000029b0c075c88]
Event: 14.282 Thread 0x0000029b232a37d0 nmethod 7422 0x0000029b1325c290 code [0x0000029b1325c420, 0x0000029b1325c6b8]
Event: 14.282 Thread 0x0000029b232a37d0 7424       4       org.objectweb.asm.MethodWriter::computeMethodInfoSize (571 bytes)
Event: 14.286 Thread 0x0000029b22040780 7428       3       sun.invoke.util.VerifyAccess$1::<init> (15 bytes)
Event: 14.286 Thread 0x0000029b22040780 nmethod 7428 0x0000029b0c076010 code [0x0000029b0c0761c0, 0x0000029b0c0763d8]
Event: 14.286 Thread 0x0000029b22040780 7429       3       sun.invoke.util.VerifyAccess$1::run (5 bytes)
Event: 14.287 Thread 0x0000029b22040780 nmethod 7429 0x0000029b0c076490 code [0x0000029b0c076640, 0x0000029b0c076848]
Event: 14.290 Thread 0x0000029b232a37d0 nmethod 7424 0x0000029b1325c910 code [0x0000029b1325cb60, 0x0000029b1325d330]
Event: 14.290 Thread 0x0000029b232a37d0 7427       4       org.gradle.internal.reflect.ClassInspector::inspectClass (179 bytes)
Event: 14.293 Thread 0x0000029b22040780 7430       3       com.google.common.collect.Maps::newConcurrentMap (8 bytes)
Event: 14.293 Thread 0x0000029b22040780 nmethod 7430 0x0000029b0c076910 code [0x0000029b0c076ac0, 0x0000029b0c076d38]
Event: 14.303 Thread 0x0000029b22040780 7431       1       org.gradle.api.internal.provider.ValueSupplier$Present::isMissing (2 bytes)
Event: 14.304 Thread 0x0000029b22040780 nmethod 7431 0x0000029b1325da10 code [0x0000029b1325dba0, 0x0000029b1325dc78]
Event: 14.330 Thread 0x0000029b22040780 7434       3       java.util.HashSet::<init> (40 bytes)
Event: 14.331 Thread 0x0000029b22040780 nmethod 7434 0x0000029b0c076e90 code [0x0000029b0c0770a0, 0x0000029b0c077688]
Event: 14.334 Thread 0x0000029b22040780 7436       3       org.gradle.internal.instantiation.generator.AsmBackedClassGenerator$ClassBuilderImpl::access$700 (4 bytes)
Event: 14.334 Thread 0x0000029b22040780 nmethod 7436 0x0000029b0c077890 code [0x0000029b0c077a20, 0x0000029b0c077b18]

GC Heap History (20 events):
Event: 10.291 GC heap before
{Heap before GC invocations=16 (full 0):
 garbage-first heap   total 78848K, used 64074K [0x0000000080000000, 0x0000000100000000)
  region size 1024K, 31 young (31744K), 4 survivors (4096K)
 Metaspace       used 53739K, committed 54208K, reserved 1097728K
  class space    used 7088K, committed 7296K, reserved 1048576K
}
Event: 10.314 GC heap after
{Heap after GC invocations=17 (full 0):
 garbage-first heap   total 78848K, used 41857K [0x0000000080000000, 0x0000000100000000)
  region size 1024K, 4 young (4096K), 4 survivors (4096K)
 Metaspace       used 53739K, committed 54208K, reserved 1097728K
  class space    used 7088K, committed 7296K, reserved 1048576K
}
Event: 10.981 GC heap before
{Heap before GC invocations=17 (full 0):
 garbage-first heap   total 78848K, used 62337K [0x0000000080000000, 0x0000000100000000)
  region size 1024K, 24 young (24576K), 4 survivors (4096K)
 Metaspace       used 57081K, committed 57600K, reserved 1105920K
  class space    used 7475K, committed 7680K, reserved 1048576K
}
Event: 10.987 GC heap after
{Heap after GC invocations=18 (full 0):
 garbage-first heap   total 78848K, used 43023K [0x0000000080000000, 0x0000000100000000)
  region size 1024K, 1 young (1024K), 1 survivors (1024K)
 Metaspace       used 57081K, committed 57600K, reserved 1105920K
  class space    used 7475K, committed 7680K, reserved 1048576K
}
Event: 11.579 GC heap before
{Heap before GC invocations=19 (full 0):
 garbage-first heap   total 78848K, used 64527K [0x0000000080000000, 0x0000000100000000)
  region size 1024K, 21 young (21504K), 1 survivors (1024K)
 Metaspace       used 61075K, committed 61568K, reserved 1105920K
  class space    used 8028K, committed 8256K, reserved 1048576K
}
Event: 11.584 GC heap after
{Heap after GC invocations=20 (full 0):
 garbage-first heap   total 78848K, used 46626K [0x0000000080000000, 0x0000000100000000)
  region size 1024K, 3 young (3072K), 3 survivors (3072K)
 Metaspace       used 61075K, committed 61568K, reserved 1105920K
  class space    used 8028K, committed 8256K, reserved 1048576K
}
Event: 11.587 GC heap before
{Heap before GC invocations=20 (full 0):
 garbage-first heap   total 78848K, used 47650K [0x0000000080000000, 0x0000000100000000)
  region size 1024K, 4 young (4096K), 3 survivors (3072K)
 Metaspace       used 61075K, committed 61568K, reserved 1105920K
  class space    used 8028K, committed 8256K, reserved 1048576K
}
Event: 11.593 GC heap after
{Heap after GC invocations=21 (full 0):
 garbage-first heap   total 95232K, used 47459K [0x0000000080000000, 0x0000000100000000)
  region size 1024K, 1 young (1024K), 1 survivors (1024K)
 Metaspace       used 61075K, committed 61568K, reserved 1105920K
  class space    used 8028K, committed 8256K, reserved 1048576K
}
Event: 11.595 GC heap before
{Heap before GC invocations=21 (full 0):
 garbage-first heap   total 95232K, used 47459K [0x0000000080000000, 0x0000000100000000)
  region size 1024K, 2 young (2048K), 1 survivors (1024K)
 Metaspace       used 61075K, committed 61568K, reserved 1105920K
  class space    used 8028K, committed 8256K, reserved 1048576K
}
Event: 11.597 GC heap after
{Heap after GC invocations=22 (full 0):
 garbage-first heap   total 95232K, used 47815K [0x0000000080000000, 0x0000000100000000)
  region size 1024K, 2 young (2048K), 2 survivors (2048K)
 Metaspace       used 61075K, committed 61568K, reserved 1105920K
  class space    used 8028K, committed 8256K, reserved 1048576K
}
Event: 11.963 GC heap before
{Heap before GC invocations=23 (full 0):
 garbage-first heap   total 106496K, used 72391K [0x0000000080000000, 0x0000000100000000)
  region size 1024K, 21 young (21504K), 2 survivors (2048K)
 Metaspace       used 62476K, committed 62976K, reserved 1105920K
  class space    used 8221K, committed 8448K, reserved 1048576K
}
Event: 11.967 GC heap after
{Heap after GC invocations=24 (full 0):
 garbage-first heap   total 106496K, used 50412K [0x0000000080000000, 0x0000000100000000)
  region size 1024K, 2 young (2048K), 2 survivors (2048K)
 Metaspace       used 62476K, committed 62976K, reserved 1105920K
  class space    used 8221K, committed 8448K, reserved 1048576K
}
Event: 12.022 GC heap before
{Heap before GC invocations=24 (full 0):
 garbage-first heap   total 106496K, used 52460K [0x0000000080000000, 0x0000000100000000)
  region size 1024K, 5 young (5120K), 2 survivors (2048K)
 Metaspace       used 62790K, committed 63232K, reserved 1105920K
  class space    used 8260K, committed 8448K, reserved 1048576K
}
Event: 12.027 GC heap after
{Heap after GC invocations=25 (full 0):
 garbage-first heap   total 106496K, used 50351K [0x0000000080000000, 0x0000000100000000)
  region size 1024K, 1 young (1024K), 1 survivors (1024K)
 Metaspace       used 62790K, committed 63232K, reserved 1105920K
  class space    used 8260K, committed 8448K, reserved 1048576K
}
Event: 12.465 GC heap before
{Heap before GC invocations=25 (full 0):
 garbage-first heap   total 106496K, used 75951K [0x0000000080000000, 0x0000000100000000)
  region size 1024K, 27 young (27648K), 1 survivors (1024K)
 Metaspace       used 64806K, committed 65280K, reserved 1114112K
  class space    used 8492K, committed 8704K, reserved 1048576K
}
Event: 12.470 GC heap after
{Heap after GC invocations=26 (full 0):
 garbage-first heap   total 106496K, used 52686K [0x0000000080000000, 0x0000000100000000)
  region size 1024K, 3 young (3072K), 3 survivors (3072K)
 Metaspace       used 64806K, committed 65280K, reserved 1114112K
  class space    used 8492K, committed 8704K, reserved 1048576K
}
Event: 12.882 GC heap before
{Heap before GC invocations=27 (full 0):
 garbage-first heap   total 106496K, used 77262K [0x0000000080000000, 0x0000000100000000)
  region size 1024K, 29 young (29696K), 3 survivors (3072K)
 Metaspace       used 65727K, committed 66240K, reserved 1114112K
  class space    used 8639K, committed 8832K, reserved 1048576K
}
Event: 12.890 GC heap after
{Heap after GC invocations=28 (full 0):
 garbage-first heap   total 106496K, used 51295K [0x0000000080000000, 0x0000000100000000)
  region size 1024K, 2 young (2048K), 2 survivors (2048K)
 Metaspace       used 65727K, committed 66240K, reserved 1114112K
  class space    used 8639K, committed 8832K, reserved 1048576K
}
Event: 12.921 GC heap before
{Heap before GC invocations=28 (full 0):
 garbage-first heap   total 106496K, used 54367K [0x0000000080000000, 0x0000000100000000)
  region size 1024K, 5 young (5120K), 2 survivors (2048K)
 Metaspace       used 65753K, committed 66240K, reserved 1114112K
  class space    used 8642K, committed 8832K, reserved 1048576K
}
Event: 12.929 GC heap after
{Heap after GC invocations=29 (full 0):
 garbage-first heap   total 267264K, used 51370K [0x0000000080000000, 0x0000000100000000)
  region size 1024K, 1 young (1024K), 1 survivors (1024K)
 Metaspace       used 65753K, committed 66240K, reserved 1114112K
  class space    used 8642K, committed 8832K, reserved 1048576K
}

Dll operation events (2 events):
Event: 0.005 Loaded shared library C:\Program Files\Android\Android Studio\jbr\bin\java.dll
Event: 0.766 Loaded shared library C:\Program Files\Android\Android Studio\jbr\bin\verify.dll

Deoptimization events (20 events):
Event: 14.018 Thread 0x0000029b24719210 Uncommon trap: trap_request=0xffffff45 fr.pc=0x0000029b13168160 relative=0x00000000000001c0
Event: 14.018 Thread 0x0000029b24719210 Uncommon trap: reason=unstable_if action=reinterpret pc=0x0000029b13168160 method=com.esotericsoftware.kryo.io.Input.require(I)I @ 65 c2
Event: 14.018 Thread 0x0000029b24719210 DEOPT PACKING pc=0x0000029b13168160 sp=0x000000c10c0f8950
Event: 14.018 Thread 0x0000029b24719210 DEOPT UNPACKING pc=0x0000029b129769a3 sp=0x000000c10c0f8900 mode 2
Event: 14.264 Thread 0x0000029b24719210 Uncommon trap: trap_request=0xffffff45 fr.pc=0x0000029b12f36c2c relative=0x0000000000000a4c
Event: 14.264 Thread 0x0000029b24719210 Uncommon trap: reason=unstable_if action=reinterpret pc=0x0000029b12f36c2c method=java.util.HashMap.resize()[Ljava/util/HashMap$Node; @ 203 c2
Event: 14.264 Thread 0x0000029b24719210 DEOPT PACKING pc=0x0000029b12f36c2c sp=0x000000c10c0f8b60
Event: 14.264 Thread 0x0000029b24719210 DEOPT UNPACKING pc=0x0000029b129769a3 sp=0x000000c10c0f8b00 mode 2
Event: 14.264 Thread 0x0000029b24719210 Uncommon trap: trap_request=0xffffff45 fr.pc=0x0000029b12f9f40c relative=0x000000000000274c
Event: 14.264 Thread 0x0000029b24719210 Uncommon trap: reason=unstable_if action=reinterpret pc=0x0000029b12f9f40c method=java.util.HashMap.getNode(Ljava/lang/Object;)Ljava/util/HashMap$Node; @ 85 c2
Event: 14.264 Thread 0x0000029b24719210 DEOPT PACKING pc=0x0000029b12f9f40c sp=0x000000c10c0f8c00
Event: 14.264 Thread 0x0000029b24719210 DEOPT UNPACKING pc=0x0000029b129769a3 sp=0x000000c10c0f8ae8 mode 2
Event: 14.264 Thread 0x0000029b24719210 Uncommon trap: trap_request=0xffffff45 fr.pc=0x0000029b12f2b6a0 relative=0x0000000000000300
Event: 14.264 Thread 0x0000029b24719210 Uncommon trap: reason=unstable_if action=reinterpret pc=0x0000029b12f2b6a0 method=java.util.HashMap.getNode(Ljava/lang/Object;)Ljava/util/HashMap$Node; @ 85 c2
Event: 14.264 Thread 0x0000029b24719210 DEOPT PACKING pc=0x0000029b12f2b6a0 sp=0x000000c10c0f8bb0
Event: 14.264 Thread 0x0000029b24719210 DEOPT UNPACKING pc=0x0000029b129769a3 sp=0x000000c10c0f8ad0 mode 2
Event: 14.264 Thread 0x0000029b24719210 Uncommon trap: trap_request=0xffffff45 fr.pc=0x0000029b1307d1dc relative=0x000000000000023c
Event: 14.264 Thread 0x0000029b24719210 Uncommon trap: reason=unstable_if action=reinterpret pc=0x0000029b1307d1dc method=java.util.HashMap.getNode(Ljava/lang/Object;)Ljava/util/HashMap$Node; @ 85 c2
Event: 14.264 Thread 0x0000029b24719210 DEOPT PACKING pc=0x0000029b1307d1dc sp=0x000000c10c0f8b50
Event: 14.264 Thread 0x0000029b24719210 DEOPT UNPACKING pc=0x0000029b129769a3 sp=0x000000c10c0f8ad0 mode 2

Classes unloaded (0 events):
No events

Classes redefined (0 events):
No events

Internal exceptions (20 events):
Event: 13.041 Thread 0x0000029b24719210 Exception <a 'java/lang/ClassNotFoundException'{0x000000008f96bb88}: org/gradle/api/JavaVersionBeanInfo> (0x000000008f96bb88) 
thrown [s\src\hotspot\share\classfile\systemDictionary.cpp, line 256]
Event: 13.042 Thread 0x0000029b24719210 Exception <a 'java/lang/ClassNotFoundException'{0x000000008f981818}: org/gradle/api/JavaVersionCustomizer> (0x000000008f981818) 
thrown [s\src\hotspot\share\classfile\systemDictionary.cpp, line 256]
Event: 13.047 Thread 0x0000029b24719210 Exception <a 'java/lang/ClassNotFoundException'{0x000000008f9d0a10}: com/android/build/gradle/internal/CompileOptions$AgpDecorated_DecoratedBeanInfo> (0x000000008f9d0a10) 
thrown [s\src\hotspot\share\classfile\systemDictionary.cpp, line 256]
Event: 13.047 Thread 0x0000029b24719210 Exception <a 'java/lang/ClassNotFoundException'{0x000000008f9ddf50}: com/android/build/gradle/internal/CompileOptions$AgpDecoratedBeanInfo> (0x000000008f9ddf50) 
thrown [s\src\hotspot\share\classfile\systemDictionary.cpp, line 256]
Event: 13.048 Thread 0x0000029b24719210 Exception <a 'java/lang/ClassNotFoundException'{0x000000008f9eb298}: com/android/build/gradle/internal/CompileOptionsBeanInfo> (0x000000008f9eb298) 
thrown [s\src\hotspot\share\classfile\systemDictionary.cpp, line 256]
Event: 13.049 Thread 0x0000029b24719210 Exception <a 'java/lang/ClassNotFoundException'{0x000000008f9f85e8}: com/android/build/gradle/internal/CompileOptionsCustomizer> (0x000000008f9f85e8) 
thrown [s\src\hotspot\share\classfile\systemDictionary.cpp, line 256]
Event: 13.051 Thread 0x0000029b24719210 Exception <a 'java/lang/ClassNotFoundException'{0x000000008f812628}: com/android/build/gradle/internal/CompileOptions$AgpDecoratedCustomizer> (0x000000008f812628) 
thrown [s\src\hotspot\share\classfile\systemDictionary.cpp, line 256]
Event: 13.052 Thread 0x0000029b24719210 Exception <a 'java/lang/ClassNotFoundException'{0x000000008f82ef80}: com/android/build/gradle/internal/CompileOptions$AgpDecorated_DecoratedCustomizer> (0x000000008f82ef80) 
thrown [s\src\hotspot\share\classfile\systemDictionary.cpp, line 256]
Event: 13.060 Thread 0x0000029b24719210 Exception <a 'java/lang/ClassNotFoundException'{0x000000008f8ad290}: org/gradle/api/internal/artifacts/dsl/dependencies/DefaultDependencyHandler_DecoratedBeanInfo> (0x000000008f8ad290) 
thrown [s\src\hotspot\share\classfile\systemDictionary.cpp, line 256]
Event: 13.061 Thread 0x0000029b24719210 Exception <a 'java/lang/ClassNotFoundException'{0x000000008f8c7178}: org/gradle/api/internal/artifacts/dsl/dependencies/DefaultDependencyHandlerBeanInfo> (0x000000008f8c7178) 
thrown [s\src\hotspot\share\classfile\systemDictionary.cpp, line 256]
Event: 13.063 Thread 0x0000029b24719210 Exception <a 'java/lang/ClassNotFoundException'{0x000000008f8e1020}: org/gradle/api/internal/artifacts/dsl/dependencies/DefaultDependencyHandlerCustomizer> (0x000000008f8e1020) 
thrown [s\src\hotspot\share\classfile\systemDictionary.cpp, line 256]
Event: 13.065 Thread 0x0000029b24719210 Exception <a 'java/lang/ClassNotFoundException'{0x000000008f723d70}: org/gradle/api/internal/artifacts/dsl/dependencies/DefaultDependencyHandler_DecoratedCustomizer> (0x000000008f723d70) 
thrown [s\src\hotspot\share\classfile\systemDictionary.cpp, line 256]
Event: 13.933 Thread 0x0000029b24719210 Exception <a 'java/lang/ClassNotFoundException'{0x000000008c8c3170}: com/android/build/gradle/internal/api/ApkVariantOutputImpl_DecoratedBeanInfo> (0x000000008c8c3170) 
thrown [s\src\hotspot\share\classfile\systemDictionary.cpp, line 256]
Event: 13.934 Thread 0x0000029b24719210 Exception <a 'java/lang/ClassNotFoundException'{0x000000008c8cecc8}: com/android/build/gradle/internal/api/ApkVariantOutputImplBeanInfo> (0x000000008c8cecc8) 
thrown [s\src\hotspot\share\classfile\systemDictionary.cpp, line 256]
Event: 13.934 Thread 0x0000029b24719210 Exception <a 'java/lang/ClassNotFoundException'{0x000000008c8db578}: com/android/build/gradle/internal/api/BaseVariantOutputImplBeanInfo> (0x000000008c8db578) 
thrown [s\src\hotspot\share\classfile\systemDictionary.cpp, line 256]
Event: 13.934 Thread 0x0000029b24719210 Exception <a 'java/lang/ClassNotFoundException'{0x000000008c8e70b8}: com/android/build/gradle/internal/api/BaseVariantOutputImplCustomizer> (0x000000008c8e70b8) 
thrown [s\src\hotspot\share\classfile\systemDictionary.cpp, line 256]
Event: 13.935 Thread 0x0000029b24719210 Exception <a 'java/lang/ClassNotFoundException'{0x000000008c705cf8}: com/android/build/gradle/internal/api/ApkVariantOutputImplCustomizer> (0x000000008c705cf8) 
thrown [s\src\hotspot\share\classfile\systemDictionary.cpp, line 256]
Event: 13.936 Thread 0x0000029b24719210 Exception <a 'java/lang/ClassNotFoundException'{0x000000008c71f460}: com/android/build/gradle/internal/api/ApkVariantOutputImpl_DecoratedCustomizer> (0x000000008c71f460) 
thrown [s\src\hotspot\share\classfile\systemDictionary.cpp, line 256]
Event: 13.944 Thread 0x0000029b24719210 Exception <a 'java/lang/NoClassDefFoundError'{0x000000008c602090}: org/jetbrains/kotlin/gradle/plugin/KotlinBasePluginWrapper> (0x000000008c602090) 
thrown [s\src\hotspot\share\classfile\systemDictionary.cpp, line 245]
Event: 14.081 Thread 0x0000029b24719210 Exception <a 'java/lang/NoSuchMethodError'{0x000000008c1ced90}: 'java.lang.Object java.lang.invoke.DirectMethodHandle$Holder.invokeStatic(java.lang.Object, int, java.lang.Object)'> (0x000000008c1ced90) 
thrown [s\src\hotspot\share\interpreter\linkResolver.cpp, line 771]

VM Operations (20 events):
Event: 12.435 Executing VM operation: ICBufferFull
Event: 12.435 Executing VM operation: ICBufferFull done
Event: 12.465 Executing VM operation: G1TryInitiateConcMark
Event: 12.470 Executing VM operation: G1TryInitiateConcMark done
Event: 12.584 Executing VM operation: G1Concurrent
Event: 12.589 Executing VM operation: G1Concurrent done
Event: 12.640 Executing VM operation: G1Concurrent
Event: 12.641 Executing VM operation: G1Concurrent done
Event: 12.882 Executing VM operation: G1CollectForAllocation
Event: 12.890 Executing VM operation: G1CollectForAllocation done
Event: 12.921 Executing VM operation: G1CollectForAllocation
Event: 12.929 Executing VM operation: G1CollectForAllocation done
Event: 13.028 Executing VM operation: HandshakeAllThreads
Event: 13.028 Executing VM operation: HandshakeAllThreads done
Event: 13.105 Executing VM operation: HandshakeAllThreads
Event: 13.105 Executing VM operation: HandshakeAllThreads done
Event: 13.741 Executing VM operation: ICBufferFull
Event: 13.741 Executing VM operation: ICBufferFull done
Event: 14.200 Executing VM operation: ICBufferFull
Event: 14.200 Executing VM operation: ICBufferFull done

Events (20 events):
Event: 12.498 loading class jdk/internal/vm/annotation/ForceInline
Event: 12.498 loading class jdk/internal/vm/annotation/ForceInline done
Event: 12.615 loading class java/util/regex/Pattern$Caret
Event: 12.615 loading class java/util/regex/Pattern$Caret done
Event: 12.891 loading class java/beans/IntrospectionException
Event: 12.891 loading class java/beans/IntrospectionException done
Event: 13.017 loading class java/util/concurrent/LinkedBlockingDeque$Itr
Event: 13.017 loading class java/util/concurrent/LinkedBlockingDeque$AbstractItr
Event: 13.017 loading class java/util/concurrent/LinkedBlockingDeque$AbstractItr done
Event: 13.017 loading class java/util/concurrent/LinkedBlockingDeque$Itr done
Event: 14.144 loading class java/util/zip/ZipOutputStream
Event: 14.145 loading class java/util/zip/ZipOutputStream done
Event: 14.182 loading class java/util/TreeMap$DescendingSubMap
Event: 14.182 loading class java/util/TreeMap$NavigableSubMap
Event: 14.183 loading class java/util/TreeMap$NavigableSubMap done
Event: 14.183 loading class java/util/TreeMap$DescendingSubMap done
Event: 14.183 loading class java/util/TreeMap$NavigableSubMap$DescendingSubMapKeyIterator
Event: 14.183 loading class java/util/TreeMap$NavigableSubMap$SubMapIterator
Event: 14.183 loading class java/util/TreeMap$NavigableSubMap$SubMapIterator done
Event: 14.183 loading class java/util/TreeMap$NavigableSubMap$DescendingSubMapKeyIterator done


Dynamic libraries:
0x00007ff6338d0000 - 0x00007ff6338da000 	C:\Program Files\Android\Android Studio\jbr\bin\java.exe
0x00007ff901a20000 - 0x00007ff901c10000 	C:\Windows\SYSTEM32\ntdll.dll
0x00007ff901910000 - 0x00007ff9019c2000 	C:\Windows\System32\KERNEL32.DLL
0x00007ff8ff580000 - 0x00007ff8ff822000 	C:\Windows\System32\KERNELBASE.dll
0x00007ff8ff3a0000 - 0x00007ff8ff49a000 	C:\Windows\System32\ucrtbase.dll
0x00007ff8daa90000 - 0x00007ff8daaa7000 	C:\Program Files\Android\Android Studio\jbr\bin\jli.dll
0x00007ff8daa70000 - 0x00007ff8daa8b000 	C:\Program Files\Android\Android Studio\jbr\bin\VCRUNTIME140.dll
0x00007ff901010000 - 0x00007ff9011a3000 	C:\Windows\System32\USER32.dll
0x00007ff8ef310000 - 0x00007ff8ef595000 	C:\Windows\WinSxS\amd64_microsoft.windows.common-controls_6595b64144ccf1df_6.0.18362.30_none_a1435978519dce7f\COMCTL32.dll
0x00007ff8feb00000 - 0x00007ff8feb21000 	C:\Windows\System32\win32u.dll
0x00007ff8ffcb0000 - 0x00007ff8ffd4e000 	C:\Windows\System32\msvcrt.dll
0x00007ff901480000 - 0x00007ff9014a6000 	C:\Windows\System32\GDI32.dll
0x00007ff900800000 - 0x00007ff900b36000 	C:\Windows\System32\combase.dll
0x00007ff8ff8e0000 - 0x00007ff8ffa74000 	C:\Windows\System32\gdi32full.dll
0x00007ff9017f0000 - 0x00007ff901910000 	C:\Windows\System32\RPCRT4.dll
0x00007ff8ff2b0000 - 0x00007ff8ff34e000 	C:\Windows\System32\msvcp_win.dll
0x00007ff8ff830000 - 0x00007ff8ff8b1000 	C:\Windows\System32\bcryptPrimitives.dll
0x00007ff901360000 - 0x00007ff90138e000 	C:\Windows\System32\IMM32.DLL
0x00007ff8fb220000 - 0x00007ff8fb22c000 	C:\Program Files\Android\Android Studio\jbr\bin\vcruntime140_1.dll
0x00007ff8b5360000 - 0x00007ff8b53ed000 	C:\Program Files\Android\Android Studio\jbr\bin\msvcp140.dll
0x00007ff8b32a0000 - 0x00007ff8b3f0d000 	C:\Program Files\Android\Android Studio\jbr\bin\server\jvm.dll
0x00007ff901740000 - 0x00007ff9017e3000 	C:\Windows\System32\ADVAPI32.dll
0x00007ff9016a0000 - 0x00007ff901737000 	C:\Windows\System32\sechost.dll
0x00007ff8f2f60000 - 0x00007ff8f2f69000 	C:\Windows\SYSTEM32\WSOCK32.dll
0x00007ff8fb080000 - 0x00007ff8fb0a4000 	C:\Windows\SYSTEM32\WINMM.dll
0x00007ff8ffd50000 - 0x00007ff8ffdbf000 	C:\Windows\System32\WS2_32.dll
0x00007ff8f4790000 - 0x00007ff8f479a000 	C:\Windows\SYSTEM32\VERSION.dll
0x00007ff8faf30000 - 0x00007ff8faf5d000 	C:\Windows\SYSTEM32\WINMMBASE.dll
0x00007ff8ff350000 - 0x00007ff8ff39a000 	C:\Windows\System32\cfgmgr32.dll
0x00007ff8fe900000 - 0x00007ff8fe911000 	C:\Windows\System32\kernel.appcore.dll
0x00007ff8f2f50000 - 0x00007ff8f2f5a000 	C:\Program Files\Android\Android Studio\jbr\bin\jimage.dll
0x00007ff8fca80000 - 0x00007ff8fcc74000 	C:\Windows\SYSTEM32\DBGHELP.DLL
0x00007ff8eb7a0000 - 0x00007ff8eb7ca000 	C:\Windows\SYSTEM32\dbgcore.DLL
0x00007ff8ee050000 - 0x00007ff8ee075000 	C:\Program Files\Android\Android Studio\jbr\bin\java.dll
0x00007ff8dac30000 - 0x00007ff8dac48000 	C:\Program Files\Android\Android Studio\jbr\bin\zip.dll
0x00007ff9000c0000 - 0x00007ff9007a0000 	C:\Windows\System32\SHELL32.dll
0x00007ff8ffc00000 - 0x00007ff8ffca9000 	C:\Windows\System32\shcore.dll
0x00007ff8feb30000 - 0x00007ff8ff2ab000 	C:\Windows\System32\windows.storage.dll
0x00007ff8fe920000 - 0x00007ff8fe93f000 	C:\Windows\System32\profapi.dll
0x00007ff8fe940000 - 0x00007ff8fe98a000 	C:\Windows\System32\powrprof.dll
0x00007ff8fe8f0000 - 0x00007ff8fe900000 	C:\Windows\System32\UMPDC.dll
0x00007ff8ffe30000 - 0x00007ff8ffe82000 	C:\Windows\System32\shlwapi.dll
0x00007ff8ff8c0000 - 0x00007ff8ff8d7000 	C:\Windows\System32\cryptsp.dll
0x00007ff8da9d0000 - 0x00007ff8da9e9000 	C:\Program Files\Android\Android Studio\jbr\bin\net.dll
0x00007ff8f30c0000 - 0x00007ff8f31af000 	C:\Windows\SYSTEM32\WINHTTP.dll
0x00007ff8fe160000 - 0x00007ff8fe1c7000 	C:\Windows\system32\mswsock.dll
0x00007ff8da9b0000 - 0x00007ff8da9c6000 	C:\Program Files\Android\Android Studio\jbr\bin\nio.dll
0x00007ff8da8b0000 - 0x00007ff8da8c0000 	C:\Program Files\Android\Android Studio\jbr\bin\verify.dll
0x00007ff8fb230000 - 0x00007ff8fb257000 	C:\Users\ascom\.gradle\native\e1d6ef7f7dcc3fd88c89a11ec53ec762bb8ba0a96d01ffa2cd45eb1d1d8dd5c5\windows-amd64\native-platform.dll
0x00007ff8b41f0000 - 0x00007ff8b4334000 	C:\Users\ascom\.gradle\native\0d407fdbe67a94daf76414ababcb853783967236a71b16ec16e742cd7a986fd3\windows-amd64\native-platform-file-events.dll
0x00007ff8f2f40000 - 0x00007ff8f2f49000 	C:\Program Files\Android\Android Studio\jbr\bin\management.dll
0x00007ff8ee550000 - 0x00007ff8ee55b000 	C:\Program Files\Android\Android Studio\jbr\bin\management_ext.dll
0x00007ff901460000 - 0x00007ff901468000 	C:\Windows\System32\PSAPI.DLL
0x00007ff8fdd20000 - 0x00007ff8fdd53000 	C:\Windows\system32\rsaenh.dll
0x00007ff8ff4a0000 - 0x00007ff8ff4c6000 	C:\Windows\System32\bcrypt.dll
0x00007ff8fe7e0000 - 0x00007ff8fe805000 	C:\Windows\SYSTEM32\USERENV.dll
0x00007ff8fe330000 - 0x00007ff8fe33c000 	C:\Windows\SYSTEM32\CRYPTBASE.dll
0x00007ff8fdec0000 - 0x00007ff8fdefa000 	C:\Windows\SYSTEM32\IPHLPAPI.DLL
0x00007ff9019d0000 - 0x00007ff9019d8000 	C:\Windows\System32\NSI.dll
0x00007ff8f65e0000 - 0x00007ff8f65f6000 	C:\Windows\SYSTEM32\dhcpcsvc6.DLL
0x00007ff8f65c0000 - 0x00007ff8f65dc000 	C:\Windows\SYSTEM32\dhcpcsvc.DLL
0x00007ff8fdf00000 - 0x00007ff8fdfca000 	C:\Windows\SYSTEM32\DNSAPI.dll
0x00007ff8da5f0000 - 0x00007ff8da5f7000 	C:\Windows\system32\wshunix.dll

dbghelp: loaded successfully - version: 4.0.5 - missing functions: none
symbol engine: initialized successfully - sym options: 0x614 - pdb path: .;C:\Program Files\Android\Android Studio\jbr\bin;C:\Windows\SYSTEM32;C:\Windows\WinSxS\amd64_microsoft.windows.common-controls_6595b64144ccf1df_6.0.18362.30_none_a1435978519dce7f;C:\Program Files\Android\Android Studio\jbr\bin\server;C:\Users\ascom\.gradle\native\e1d6ef7f7dcc3fd88c89a11ec53ec762bb8ba0a96d01ffa2cd45eb1d1d8dd5c5\windows-amd64;C:\Users\ascom\.gradle\native\0d407fdbe67a94daf76414ababcb853783967236a71b16ec16e742cd7a986fd3\windows-amd64

VM Arguments:
jvm_args: --add-opens=java.base/java.util=ALL-UNNAMED --add-opens=java.base/java.lang=ALL-UNNAMED --add-opens=java.base/java.lang.invoke=ALL-UNNAMED --add-opens=java.base/java.util=ALL-UNNAMED --add-opens=java.prefs/java.util.prefs=ALL-UNNAMED --add-opens=java.prefs/java.util.prefs=ALL-UNNAMED --add-opens=java.base/java.nio.charset=ALL-UNNAMED --add-opens=java.base/java.net=ALL-UNNAMED --add-opens=java.base/java.util.concurrent.atomic=ALL-UNNAMED -Xmx2048m -Dfile.encoding=UTF-8 -Duser.country=US -Duser.language=en -Duser.variant 
java_command: org.gradle.launcher.daemon.bootstrap.GradleDaemon 7.5
java_class_path (initial): C:\Users\ascom\.gradle\wrapper\dists\gradle-7.5-bin\f1w0cc9nuo0eivz97x2xlu9sv\gradle-7.5\lib\gradle-launcher-7.5.jar
Launcher Type: SUN_STANDARD

[Global flags]
     intx CICompilerCount                          = 3                                         {product} {ergonomic}
     uint ConcGCThreads                            = 1                                         {product} {ergonomic}
     uint G1ConcRefinementThreads                  = 4                                         {product} {ergonomic}
   size_t G1HeapRegionSize                         = 1048576                                   {product} {ergonomic}
    uintx GCDrainStackTargetSize                   = 64                                        {product} {ergonomic}
   size_t InitialHeapSize                          = 134217728                                 {product} {ergonomic}
   size_t MarkStackSize                            = 4194304                                   {product} {ergonomic}
   size_t MaxHeapSize                              = 2147483648                                {product} {command line}
   size_t MaxNewSize                               = 1287651328                                {product} {ergonomic}
   size_t MinHeapDeltaBytes                        = 1048576                                   {product} {ergonomic}
   size_t MinHeapSize                              = 8388608                                   {product} {ergonomic}
    uintx NonNMethodCodeHeapSize                   = 5832780                                {pd product} {ergonomic}
    uintx NonProfiledCodeHeapSize                  = 122912730                              {pd product} {ergonomic}
    uintx ProfiledCodeHeapSize                     = 122912730                              {pd product} {ergonomic}
    uintx ReservedCodeCacheSize                    = 251658240                              {pd product} {ergonomic}
     bool SegmentedCodeCache                       = true                                      {product} {ergonomic}
   size_t SoftMaxHeapSize                          = 2147483648                             {manageable} {ergonomic}
     bool UseCompressedClassPointers               = true                           {product lp64_product} {ergonomic}
     bool UseCompressedOops                        = true                           {product lp64_product} {ergonomic}
     bool UseG1GC                                  = true                                      {product} {ergonomic}
     bool UseLargePagesIndividualAllocation        = false                                  {pd product} {ergonomic}

Logging:
Log output configuration:
 #0: stdout all=warning uptime,level,tags
 #1: stderr all=off uptime,level,tags

Environment Variables:
PATH=C:\Program Files (x86)\VMware\VMware Workstation\bin\;C:\ProgramData\Oracle\Java\javapath;C:\Program Files\Common Files\Oracle\Java\javapath;C:\Windows\system32;C:\Windows;C:\Windows\System32\Wbem;C:\Windows\System32\WindowsPowerShell\v1.0\;C:\Windows\System32\OpenSSH\;C:\Program Files\Java\jdk1.8.0_111\bin;C:\Program Files\Git\cmd;;C:\minikube;C:\Program Files\nodejs\;C:\Users\ascom\AppData\Local\Programs\Python\Python311\Scripts\;C:\Users\ascom\AppData\Local\Programs\Python\Python311\;C:\Users\ascom\AppData\Local\Microsoft\WindowsApps;;C:\Users\ascom\AppData\Local\Programs\Microsoft VS Code\bin;C:\Users\ascom\AppData\Roaming\npm
USERNAME=ascom
OS=Windows_NT
PROCESSOR_IDENTIFIER=Intel64 Family 6 Model 142 Stepping 9, GenuineIntel
TMP=C:\Users\ascom\AppData\Local\Temp
TEMP=C:\Users\ascom\AppData\Local\Temp



---------------  S Y S T E M  ---------------

OS:
 Windows 10 , 64 bit Build 18362 (10.0.18362.1)
OS uptime: 0 days 0:22 hours

CPU: total 4 (initial active 4) (2 cores per cpu, 2 threads per core) family 6 model 142 stepping 9 microcode 0xca, cx8, cmov, fxsr, ht, mmx, 3dnowpref, sse, sse2, sse3, ssse3, sse4.1, sse4.2, popcnt, lzcnt, tsc, tscinvbit, avx, avx2, aes, erms, clmul, bmi1, bmi2, adx, fma, vzeroupper, clflush, clflushopt

Memory: 4k page, system-wide physical 8108M (392M free)
TotalPageFile size 10156M (AvailPageFile size 6M)
current process WorkingSet (physical memory assigned to process): 386M, peak: 386M
current process commit charge ("private bytes"): 500M, peak: 501M

vm_info: OpenJDK 64-Bit Server VM (17.0.6+0-b2043.56-9586694) for windows-amd64 JRE (17.0.6+0-b2043.56-9586694), built on Feb  9 2023 20:06:20 by "androidbuild" with MS VC++ 16.10 / 16.11 (VS2019)

END.
