#
# There is insufficient memory for the Java Runtime Environment to continue.
# Native memory allocation (malloc) failed to allocate 998464 bytes for Chunk::new
# Possible reasons:
#   The system is out of physical RAM or swap space
#   The process is running with CompressedOops enabled, and the Java Heap may be blocking the growth of the native heap
# Possible solutions:
#   Reduce memory load on the system
#   Increase physical memory or swap space
#   Check if swap backing store is full
#   Decrease Java heap size (-Xmx/-Xms)
#   Decrease number of Java threads
#   Decrease Java thread stack sizes (-Xss)
#   Set larger code cache with -XX:ReservedCodeCacheSize=
#   JVM is running with Unscaled Compressed Oops mode in which the Java heap is
#     placed in the first 4GB address space. The Java Heap base address is the
#     maximum limit for the native heap growth. Please use -XX:HeapBaseMinAddress
#     to set the Java Heap base and to place the Java Heap above 4GB virtual address.
# This output file may be truncated or incomplete.
#
#  Out of Memory Error (arena.cpp:189), pid=5464, tid=2580
#
# JRE version: OpenJDK Runtime Environment (17.0.6) (build 17.0.6+0-b2043.56-9586694)
# Java VM: OpenJDK 64-Bit Server VM (17.0.6+0-b2043.56-9586694, mixed mode, tiered, compressed oops, compressed class ptrs, g1 gc, windows-amd64)
# No core dump will be written. Minidumps are not enabled by default on client versions of Windows
#

---------------  S U M M A R Y ------------

Command Line: --add-opens=java.base/java.util=ALL-UNNAMED --add-opens=java.base/java.lang=ALL-UNNAMED --add-opens=java.base/java.lang.invoke=ALL-UNNAMED --add-opens=java.base/java.util=ALL-UNNAMED --add-opens=java.prefs/java.util.prefs=ALL-UNNAMED --add-opens=java.prefs/java.util.prefs=ALL-UNNAMED --add-opens=java.base/java.nio.charset=ALL-UNNAMED --add-opens=java.base/java.net=ALL-UNNAMED --add-opens=java.base/java.util.concurrent.atomic=ALL-UNNAMED -Xmx2048m -Dfile.encoding=UTF-8 -Duser.country=US -Duser.language=en -Duser.variant org.gradle.launcher.daemon.bootstrap.GradleDaemon 7.5

Host: Intel(R) Core(TM) i5-7200U CPU @ 2.50GHz, 4 cores, 7G,  Windows 10 , 64 bit Build 18362 (10.0.18362.1)
Time: Fri May 19 23:52:22 2023 Egypt Standard Time elapsed time: 13.212438 seconds (0d 0h 0m 13s)

---------------  T H R E A D  ---------------

Current thread (0x00000282e2440b60):  JavaThread "C2 CompilerThread0" daemon [_thread_in_native, id=2580, stack(0x000000dc2fa00000,0x000000dc2fb00000)]


Current CompileTask:
C2:  13212 6721       4       org.gradle.internal.reflect.MethodSet::add (50 bytes)

Stack: [0x000000dc2fa00000,0x000000dc2fb00000]
Native frames: (J=compiled Java code, j=interpreted, Vv=VM code, C=native code)
V  [jvm.dll+0x683b4a]
V  [jvm.dll+0x842654]
V  [jvm.dll+0x843dfe]
V  [jvm.dll+0x844463]
V  [jvm.dll+0x249b75]
V  [jvm.dll+0xabcac]
V  [jvm.dll+0xac27c]
V  [jvm.dll+0x368857]
V  [jvm.dll+0x332f31]
V  [jvm.dll+0x3323da]
V  [jvm.dll+0x21c201]
V  [jvm.dll+0x21b621]
V  [jvm.dll+0x1a4fdd]
V  [jvm.dll+0x22b098]
V  [jvm.dll+0x229159]
V  [jvm.dll+0x7f809c]
V  [jvm.dll+0x7f25fa]
V  [jvm.dll+0x682985]
C  [ucrtbase.dll+0x1d912]
C  [KERNEL32.DLL+0x17944]
C  [ntdll.dll+0x6ce71]


---------------  P R O C E S S  ---------------

Threads class SMR info:
_java_thread_list=0x00000282e7674b80, length=81, elements={
0x00000282c65508f0, 0x00000282e1ac3420, 0x00000282e1ac5d50, 0x00000282e2432fe0,
0x00000282e2436cc0, 0x00000282e2437d20, 0x00000282e2439390, 0x00000282e2440b60,
0x00000282e2441460, 0x00000282e2446d20, 0x00000282e25a9cf0, 0x00000282e25b98a0,
0x00000282e3ba4ff0, 0x00000282e48b6210, 0x00000282e36496e0, 0x00000282e499fc50,
0x00000282e3a0c2e0, 0x00000282e3a56f90, 0x00000282e3a57690, 0x00000282e30e5ef0,
0x00000282e30e5080, 0x00000282e30e7bd0, 0x00000282e30e8570, 0x00000282e30e5550,
0x00000282e30e5a20, 0x00000282e30e6d60, 0x00000282e30e7230, 0x00000282e30e80a0,
0x00000282e30e8a40, 0x00000282e25f5b20, 0x00000282e25f7cd0, 0x00000282e25fa820,
0x00000282e25fb1c0, 0x00000282e25f6990, 0x00000282e25f4cb0, 0x00000282e25f5ff0,
0x00000282e25f64c0, 0x00000282e25f7330, 0x00000282e25fc500, 0x00000282e25f7800,
0x00000282e25f9e80, 0x00000282e25f8670, 0x00000282e25f8b40, 0x00000282e25fc030,
0x00000282e25fbb60, 0x00000282e25fa350, 0x00000282e25facf0, 0x00000282e25f5180,
0x00000282e72ba060, 0x00000282e72bed60, 0x00000282e72ba530, 0x00000282e72c0a40,
0x00000282e72c13e0, 0x00000282e72bb870, 0x00000282e72be3c0, 0x00000282e72bbd40,
0x00000282e72bd550, 0x00000282e72bfbd0, 0x00000282e72c0f10, 0x00000282e72bc210,
0x00000282e72bdef0, 0x00000282e72bd080, 0x00000282e72be890, 0x00000282e72baa00,
0x00000282e72c0570, 0x00000282e72c18b0, 0x00000282e72bb3a0, 0x00000282e72baed0,
0x00000282e72bf230, 0x00000282e72bc6e0, 0x00000282e72bda20, 0x00000282e72bcbb0,
0x00000282e72bf700, 0x00000282e72c00a0, 0x00000282e6e62780, 0x00000282e6e60f70,
0x00000282e6e60100, 0x00000282e6e64930, 0x00000282e6e605d0, 0x00000282e6e63f90,
0x00000282e6e63120
}

Java Threads: ( => current thread )
  0x00000282c65508f0 JavaThread "main" [_thread_blocked, id=5628, stack(0x000000dc2ed00000,0x000000dc2ee00000)]
  0x00000282e1ac3420 JavaThread "Reference Handler" daemon [_thread_blocked, id=9300, stack(0x000000dc2f400000,0x000000dc2f500000)]
  0x00000282e1ac5d50 JavaThread "Finalizer" daemon [_thread_blocked, id=4880, stack(0x000000dc2f500000,0x000000dc2f600000)]
  0x00000282e2432fe0 JavaThread "Signal Dispatcher" daemon [_thread_blocked, id=6080, stack(0x000000dc2f600000,0x000000dc2f700000)]
  0x00000282e2436cc0 JavaThread "Attach Listener" daemon [_thread_blocked, id=8816, stack(0x000000dc2f700000,0x000000dc2f800000)]
  0x00000282e2437d20 JavaThread "Service Thread" daemon [_thread_blocked, id=8136, stack(0x000000dc2f800000,0x000000dc2f900000)]
  0x00000282e2439390 JavaThread "Monitor Deflation Thread" daemon [_thread_blocked, id=3356, stack(0x000000dc2f900000,0x000000dc2fa00000)]
=>0x00000282e2440b60 JavaThread "C2 CompilerThread0" daemon [_thread_in_native, id=2580, stack(0x000000dc2fa00000,0x000000dc2fb00000)]
  0x00000282e2441460 JavaThread "C1 CompilerThread0" daemon [_thread_blocked, id=6768, stack(0x000000dc2fb00000,0x000000dc2fc00000)]
  0x00000282e2446d20 JavaThread "Sweeper thread" daemon [_thread_blocked, id=8796, stack(0x000000dc2fc00000,0x000000dc2fd00000)]
  0x00000282e25a9cf0 JavaThread "Common-Cleaner" daemon [_thread_blocked, id=9764, stack(0x000000dc2fd00000,0x000000dc2fe00000)]
  0x00000282e25b98a0 JavaThread "Notification Thread" daemon [_thread_blocked, id=6736, stack(0x000000dc2fe00000,0x000000dc2ff00000)]
  0x00000282e3ba4ff0 JavaThread "Daemon health stats" [_thread_blocked, id=8380, stack(0x000000dc30300000,0x000000dc30400000)]
  0x00000282e48b6210 JavaThread "Incoming local TCP Connector on port 50492" [_thread_in_native, id=8368, stack(0x000000dc30400000,0x000000dc30500000)]
  0x00000282e36496e0 JavaThread "Daemon periodic checks" [_thread_blocked, id=8388, stack(0x000000dc30500000,0x000000dc30600000)]
  0x00000282e499fc50 JavaThread "Daemon" [_thread_blocked, id=8372, stack(0x000000dc30600000,0x000000dc30700000)]
  0x00000282e3a0c2e0 JavaThread "Handler for socket connection from /127.0.0.1:50492 to /127.0.0.1:50493" [_thread_in_native, id=8392, stack(0x000000dc30700000,0x000000dc30800000)]
  0x00000282e3a56f90 JavaThread "Cancel handler" [_thread_blocked, id=8376, stack(0x000000dc30800000,0x000000dc30900000)]
  0x00000282e3a57690 JavaThread "Daemon worker" [_thread_in_vm, id=10548, stack(0x000000dc30900000,0x000000dc30a00000)]
  0x00000282e30e5ef0 JavaThread "Asynchronous log dispatcher for DefaultDaemonConnection: socket connection from /127.0.0.1:50492 to /127.0.0.1:50493" [_thread_blocked, id=7844, stack(0x000000dc30a00000,0x000000dc30b00000)]
  0x00000282e30e5080 JavaThread "Stdin handler" [_thread_blocked, id=9256, stack(0x000000dc30b00000,0x000000dc30c00000)]
  0x00000282e30e7bd0 JavaThread "Daemon client event forwarder" [_thread_blocked, id=9232, stack(0x000000dc30c00000,0x000000dc30d00000)]
  0x00000282e30e8570 JavaThread "Cache worker for journal cache (C:\Users\ascom\.gradle\caches\journal-1)" [_thread_blocked, id=10024, stack(0x000000dc30d00000,0x000000dc30e00000)]
  0x00000282e30e5550 JavaThread "File lock request listener" [_thread_in_native, id=9196, stack(0x000000dc30e00000,0x000000dc30f00000)]
  0x00000282e30e5a20 JavaThread "Cache worker for file hash cache (C:\Users\ascom\.gradle\caches\7.5\fileHashes)" [_thread_blocked, id=9904, stack(0x000000dc30f00000,0x000000dc31000000)]
  0x00000282e30e6d60 JavaThread "File watcher server" daemon [_thread_in_native, id=1800, stack(0x000000dc31000000,0x000000dc31100000)]
  0x00000282e30e7230 JavaThread "File watcher consumer" daemon [_thread_blocked, id=7916, stack(0x000000dc31100000,0x000000dc31200000)]
  0x00000282e30e80a0 JavaThread "Cache worker for checksums cache (C:\Users\ascom\Desktop\Pack-Your-Bag-main\.gradle\7.5\checksums)" [_thread_blocked, id=11512, stack(0x000000dc31200000,0x000000dc31300000)]
  0x00000282e30e8a40 JavaThread "Cache worker for cache directory md-rule (C:\Users\ascom\.gradle\caches\7.5\md-rule)" [_thread_blocked, id=7524, stack(0x000000dc31300000,0x000000dc31400000)]
  0x00000282e25f5b20 JavaThread "Cache worker for file content cache (C:\Users\ascom\.gradle\caches\7.5\fileContent)" [_thread_blocked, id=11536, stack(0x000000dc31400000,0x000000dc31500000)]
  0x00000282e25f7cd0 JavaThread "Cache worker for file hash cache (C:\Users\ascom\Desktop\Pack-Your-Bag-main\.gradle\7.5\fileHashes)" [_thread_blocked, id=12200, stack(0x000000dc31500000,0x000000dc31600000)]
  0x00000282e25fa820 JavaThread "Cache worker for cache directory md-supplier (C:\Users\ascom\.gradle\caches\7.5\md-supplier)" [_thread_blocked, id=12196, stack(0x000000dc31600000,0x000000dc31700000)]
  0x00000282e25fb1c0 JavaThread "Cache worker for execution history cache (C:\Users\ascom\.gradle\caches\7.5\executionHistory)" [_thread_blocked, id=12120, stack(0x000000dc31700000,0x000000dc31800000)]
  0x00000282e25f6990 JavaThread "jar transforms" [_thread_blocked, id=10036, stack(0x000000dc31800000,0x000000dc31900000)]
  0x00000282e25f4cb0 JavaThread "jar transforms Thread 2" [_thread_blocked, id=10948, stack(0x000000dc31900000,0x000000dc31a00000)]
  0x00000282e25f5ff0 JavaThread "jar transforms Thread 3" [_thread_blocked, id=11876, stack(0x000000dc31b00000,0x000000dc31c00000)]
  0x00000282e25f64c0 JavaThread "jar transforms Thread 4" [_thread_blocked, id=7300, stack(0x000000dc31c00000,0x000000dc31d00000)]
  0x00000282e25f7330 JavaThread "Cache worker for dependencies-accessors (C:\Users\ascom\Desktop\Pack-Your-Bag-main\.gradle\7.5\dependencies-accessors)" [_thread_blocked, id=10880, stack(0x000000dc31d00000,0x000000dc31e00000)]
  0x00000282e25fc500 JavaThread "Cache worker for Build Output Cleanup Cache (C:\Users\ascom\Desktop\Pack-Your-Bag-main\.gradle\buildOutputCleanup)" [_thread_blocked, id=3936, stack(0x000000dc31e00000,0x000000dc31f00000)]
  0x00000282e25f7800 JavaThread "Unconstrained build operations" [_thread_blocked, id=10064, stack(0x000000dc31f00000,0x000000dc32000000)]
  0x00000282e25f9e80 JavaThread "Unconstrained build operations Thread 2" [_thread_blocked, id=11372, stack(0x000000dc32000000,0x000000dc32100000)]
  0x00000282e25f8670 JavaThread "Unconstrained build operations Thread 3" [_thread_blocked, id=11528, stack(0x000000dc32100000,0x000000dc32200000)]
  0x00000282e25f8b40 JavaThread "Unconstrained build operations Thread 4" [_thread_blocked, id=9420, stack(0x000000dc32200000,0x000000dc32300000)]
  0x00000282e25fc030 JavaThread "Unconstrained build operations Thread 5" [_thread_blocked, id=12112, stack(0x000000dc32300000,0x000000dc32400000)]
  0x00000282e25fbb60 JavaThread "Unconstrained build operations Thread 6" [_thread_blocked, id=7624, stack(0x000000dc32400000,0x000000dc32500000)]
  0x00000282e25fa350 JavaThread "Unconstrained build operations Thread 7" [_thread_blocked, id=9224, stack(0x000000dc32500000,0x000000dc32600000)]
  0x00000282e25facf0 JavaThread "Unconstrained build operations Thread 8" [_thread_blocked, id=3352, stack(0x000000dc32600000,0x000000dc32700000)]
  0x00000282e25f5180 JavaThread "Unconstrained build operations Thread 9" [_thread_blocked, id=6896, stack(0x000000dc32700000,0x000000dc32800000)]
  0x00000282e72ba060 JavaThread "Unconstrained build operations Thread 10" [_thread_blocked, id=11576, stack(0x000000dc32800000,0x000000dc32900000)]
  0x00000282e72bed60 JavaThread "Unconstrained build operations Thread 11" [_thread_blocked, id=1948, stack(0x000000dc32900000,0x000000dc32a00000)]
  0x00000282e72ba530 JavaThread "Unconstrained build operations Thread 12" [_thread_blocked, id=2996, stack(0x000000dc32a00000,0x000000dc32b00000)]
  0x00000282e72c0a40 JavaThread "Unconstrained build operations Thread 13" [_thread_blocked, id=8168, stack(0x000000dc32b00000,0x000000dc32c00000)]
  0x00000282e72c13e0 JavaThread "Unconstrained build operations Thread 14" [_thread_blocked, id=11960, stack(0x000000dc32c00000,0x000000dc32d00000)]
  0x00000282e72bb870 JavaThread "Unconstrained build operations Thread 15" [_thread_blocked, id=6332, stack(0x000000dc32d00000,0x000000dc32e00000)]
  0x00000282e72be3c0 JavaThread "Unconstrained build operations Thread 16" [_thread_blocked, id=5268, stack(0x000000dc32e00000,0x000000dc32f00000)]
  0x00000282e72bbd40 JavaThread "Unconstrained build operations Thread 17" [_thread_blocked, id=7676, stack(0x000000dc32f00000,0x000000dc33000000)]
  0x00000282e72bd550 JavaThread "Unconstrained build operations Thread 18" [_thread_blocked, id=3988, stack(0x000000dc33000000,0x000000dc33100000)]
  0x00000282e72bfbd0 JavaThread "Unconstrained build operations Thread 19" [_thread_blocked, id=9792, stack(0x000000dc33100000,0x000000dc33200000)]
  0x00000282e72c0f10 JavaThread "Unconstrained build operations Thread 20" [_thread_blocked, id=2068, stack(0x000000dc33200000,0x000000dc33300000)]
  0x00000282e72bc210 JavaThread "Unconstrained build operations Thread 21" [_thread_blocked, id=11376, stack(0x000000dc33300000,0x000000dc33400000)]
  0x00000282e72bdef0 JavaThread "Unconstrained build operations Thread 22" [_thread_blocked, id=1748, stack(0x000000dc33400000,0x000000dc33500000)]
  0x00000282e72bd080 JavaThread "Unconstrained build operations Thread 23" [_thread_blocked, id=2828, stack(0x000000dc33500000,0x000000dc33600000)]
  0x00000282e72be890 JavaThread "Unconstrained build operations Thread 24" [_thread_blocked, id=9504, stack(0x000000dc33600000,0x000000dc33700000)]
  0x00000282e72baa00 JavaThread "Unconstrained build operations Thread 25" [_thread_blocked, id=8960, stack(0x000000dc33700000,0x000000dc33800000)]
  0x00000282e72c0570 JavaThread "Unconstrained build operations Thread 26" [_thread_blocked, id=11544, stack(0x000000dc33800000,0x000000dc33900000)]
  0x00000282e72c18b0 JavaThread "Unconstrained build operations Thread 27" [_thread_blocked, id=10952, stack(0x000000dc33900000,0x000000dc33a00000)]
  0x00000282e72bb3a0 JavaThread "Unconstrained build operations Thread 28" [_thread_blocked, id=10632, stack(0x000000dc33a00000,0x000000dc33b00000)]
  0x00000282e72baed0 JavaThread "Unconstrained build operations Thread 29" [_thread_blocked, id=10120, stack(0x000000dc33b00000,0x000000dc33c00000)]
  0x00000282e72bf230 JavaThread "Unconstrained build operations Thread 30" [_thread_blocked, id=11540, stack(0x000000dc33c00000,0x000000dc33d00000)]
  0x00000282e72bc6e0 JavaThread "Unconstrained build operations Thread 31" [_thread_blocked, id=3112, stack(0x000000dc33d00000,0x000000dc33e00000)]
  0x00000282e72bda20 JavaThread "Unconstrained build operations Thread 32" [_thread_blocked, id=12116, stack(0x000000dc33e00000,0x000000dc33f00000)]
  0x00000282e72bcbb0 JavaThread "Unconstrained build operations Thread 33" [_thread_blocked, id=11144, stack(0x000000dc33f00000,0x000000dc34000000)]
  0x00000282e72bf700 JavaThread "Unconstrained build operations Thread 34" [_thread_blocked, id=8, stack(0x000000dc34000000,0x000000dc34100000)]
  0x00000282e72c00a0 JavaThread "Unconstrained build operations Thread 35" [_thread_blocked, id=6216, stack(0x000000dc34100000,0x000000dc34200000)]
  0x00000282e6e62780 JavaThread "Unconstrained build operations Thread 36" [_thread_blocked, id=1508, stack(0x000000dc34200000,0x000000dc34300000)]
  0x00000282e6e60f70 JavaThread "Unconstrained build operations Thread 37" [_thread_blocked, id=1596, stack(0x000000dc34300000,0x000000dc34400000)]
  0x00000282e6e60100 JavaThread "Unconstrained build operations Thread 38" [_thread_blocked, id=1912, stack(0x000000dc34400000,0x000000dc34500000)]
  0x00000282e6e64930 JavaThread "Unconstrained build operations Thread 39" [_thread_blocked, id=7716, stack(0x000000dc34500000,0x000000dc34600000)]
  0x00000282e6e605d0 JavaThread "Unconstrained build operations Thread 40" [_thread_blocked, id=1424, stack(0x000000dc34600000,0x000000dc34700000)]
  0x00000282e6e63f90 JavaThread "build event listener" [_thread_blocked, id=7288, stack(0x000000dc34700000,0x000000dc34800000)]
  0x00000282e6e63120 JavaThread "Memory manager" [_thread_blocked, id=2428, stack(0x000000dc34800000,0x000000dc34900000)]

Other Threads:
  0x00000282e1ab2000 VMThread "VM Thread" [stack: 0x000000dc2f300000,0x000000dc2f400000] [id=1588]
  0x00000282c65c39d0 WatcherThread [stack: 0x000000dc2ff00000,0x000000dc30000000] [id=4140]
  0x00000282c65aa9e0 GCTaskThread "GC Thread#0" [stack: 0x000000dc2ee00000,0x000000dc2ef00000] [id=5856]
  0x00000282e269db90 GCTaskThread "GC Thread#1" [stack: 0x000000dc30000000,0x000000dc30100000] [id=7332]
  0x00000282e289c970 GCTaskThread "GC Thread#2" [stack: 0x000000dc30100000,0x000000dc30200000] [id=10944]
  0x00000282e281a030 GCTaskThread "GC Thread#3" [stack: 0x000000dc30200000,0x000000dc30300000] [id=6084]
  0x00000282c65bbeb0 ConcurrentGCThread "G1 Main Marker" [stack: 0x000000dc2ef00000,0x000000dc2f000000] [id=10236]
  0x00000282c65bcf70 ConcurrentGCThread "G1 Conc#0" [stack: 0x000000dc2f000000,0x000000dc2f100000] [id=10900]
  0x00000282e19080e0 ConcurrentGCThread "G1 Refine#0" [stack: 0x000000dc2f100000,0x000000dc2f200000] [id=6872]
  0x00000282e68c7a00 ConcurrentGCThread "G1 Refine#1" [stack: 0x000000dc31a00000,0x000000dc31b00000] [id=4056]
  0x00000282e1909920 ConcurrentGCThread "G1 Service" [stack: 0x000000dc2f200000,0x000000dc2f300000] [id=12136]

Threads with active compile tasks:
C2 CompilerThread0    13256 6721       4       org.gradle.internal.reflect.MethodSet::add (50 bytes)

VM state: not at safepoint (normal execution)

VM Mutex/Monitor currently owned by a thread: None

Heap address: 0x0000000080000000, size: 2048 MB, Compressed Oops mode: 32-bit

CDS archive(s) not mapped
Compressed class space mapped at: 0x0000000100000000-0x0000000140000000, reserved size: 1073741824
Narrow klass base: 0x0000000000000000, Narrow klass shift: 3, Narrow klass range: 0x140000000

GC Precious Log:
 CPUs: 4 total, 4 available
 Memory: 8108M
 Large Page Support: Disabled
 NUMA Support: Disabled
 Compressed Oops: Enabled (32-bit)
 Heap Region Size: 1M
 Heap Min Capacity: 8M
 Heap Initial Capacity: 128M
 Heap Max Capacity: 2G
 Pre-touch: Disabled
 Parallel Workers: 4
 Concurrent Workers: 1
 Concurrent Refinement Workers: 4
 Periodic GC: Disabled

Heap:
 garbage-first heap   total 129024K, used 81455K [0x0000000080000000, 0x0000000100000000)
  region size 1024K, 35 young (35840K), 6 survivors (6144K)
 Metaspace       used 69433K, committed 69952K, reserved 1114112K
  class space    used 9279K, committed 9472K, reserved 1048576K

Heap Regions: E=young(eden), S=young(survivor), O=old, HS=humongous(starts), HC=humongous(continues), CS=collection set, F=free, OA=open archive, CA=closed archive, TAMS=top-at-mark-start (previous, next)
|   0|0x0000000080000000, 0x0000000080100000, 0x0000000080100000|100%|HS|  |TAMS 0x0000000080100000, 0x0000000080000000| Complete 
|   1|0x0000000080100000, 0x0000000080200000, 0x0000000080200000|100%|HC|  |TAMS 0x0000000080200000, 0x0000000080100000| Complete 
|   2|0x0000000080200000, 0x0000000080300000, 0x0000000080300000|100%|HC|  |TAMS 0x0000000080300000, 0x0000000080200000| Complete 
|   3|0x0000000080300000, 0x0000000080400000, 0x0000000080400000|100%| O|  |TAMS 0x0000000080400000, 0x0000000080300000| Untracked 
|   4|0x0000000080400000, 0x0000000080500000, 0x0000000080500000|100%| O|  |TAMS 0x0000000080500000, 0x0000000080400000| Untracked 
|   5|0x0000000080500000, 0x0000000080600000, 0x0000000080600000|100%| O|  |TAMS 0x0000000080600000, 0x0000000080500000| Untracked 
|   6|0x0000000080600000, 0x0000000080700000, 0x0000000080700000|100%| O|  |TAMS 0x0000000080700000, 0x0000000080600000| Untracked 
|   7|0x0000000080700000, 0x0000000080800000, 0x0000000080800000|100%| O|  |TAMS 0x0000000080800000, 0x0000000080700000| Untracked 
|   8|0x0000000080800000, 0x0000000080900000, 0x0000000080900000|100%| O|  |TAMS 0x0000000080900000, 0x0000000080800000| Untracked 
|   9|0x0000000080900000, 0x0000000080a00000, 0x0000000080a00000|100%| O|  |TAMS 0x0000000080a00000, 0x0000000080900000| Untracked 
|  10|0x0000000080a00000, 0x0000000080a78a00, 0x0000000080b00000| 47%| O|  |TAMS 0x0000000080a78a00, 0x0000000080a00000| Untracked 
|  11|0x0000000080b00000, 0x0000000080c00000, 0x0000000080c00000|100%| O|  |TAMS 0x0000000080c00000, 0x0000000080b00000| Untracked 
|  12|0x0000000080c00000, 0x0000000080d00000, 0x0000000080d00000|100%| O|  |TAMS 0x0000000080d00000, 0x0000000080c00000| Untracked 
|  13|0x0000000080d00000, 0x0000000080e00000, 0x0000000080e00000|100%| O|  |TAMS 0x0000000080e00000, 0x0000000080d00000| Untracked 
|  14|0x0000000080e00000, 0x0000000080f00000, 0x0000000080f00000|100%| O|  |TAMS 0x0000000080f00000, 0x0000000080e00000| Untracked 
|  15|0x0000000080f00000, 0x0000000081000000, 0x0000000081000000|100%| O|  |TAMS 0x0000000081000000, 0x0000000080f00000| Untracked 
|  16|0x0000000081000000, 0x0000000081100000, 0x0000000081100000|100%| O|  |TAMS 0x0000000081100000, 0x0000000081000000| Untracked 
|  17|0x0000000081100000, 0x0000000081200000, 0x0000000081200000|100%| O|  |TAMS 0x0000000081200000, 0x0000000081100000| Untracked 
|  18|0x0000000081200000, 0x0000000081300000, 0x0000000081300000|100%| O|  |TAMS 0x0000000081300000, 0x0000000081200000| Untracked 
|  19|0x0000000081300000, 0x0000000081400000, 0x0000000081400000|100%| O|  |TAMS 0x0000000081400000, 0x0000000081300000| Untracked 
|  20|0x0000000081400000, 0x0000000081500000, 0x0000000081500000|100%| O|  |TAMS 0x0000000081500000, 0x0000000081400000| Untracked 
|  21|0x0000000081500000, 0x0000000081600000, 0x0000000081600000|100%| O|  |TAMS 0x0000000081600000, 0x0000000081500000| Untracked 
|  22|0x0000000081600000, 0x0000000081700000, 0x0000000081700000|100%| O|  |TAMS 0x0000000081700000, 0x0000000081600000| Untracked 
|  23|0x0000000081700000, 0x0000000081800000, 0x0000000081800000|100%| O|  |TAMS 0x0000000081800000, 0x0000000081700000| Untracked 
|  24|0x0000000081800000, 0x0000000081900000, 0x0000000081900000|100%| O|  |TAMS 0x0000000081900000, 0x0000000081800000| Untracked 
|  25|0x0000000081900000, 0x0000000081a00000, 0x0000000081a00000|100%| O|  |TAMS 0x0000000081a00000, 0x0000000081900000| Untracked 
|  26|0x0000000081a00000, 0x0000000081b00000, 0x0000000081b00000|100%| O|  |TAMS 0x0000000081b00000, 0x0000000081a00000| Untracked 
|  27|0x0000000081b00000, 0x0000000081c00000, 0x0000000081c00000|100%| O|  |TAMS 0x0000000081c00000, 0x0000000081b00000| Untracked 
|  28|0x0000000081c00000, 0x0000000081d00000, 0x0000000081d00000|100%| O|  |TAMS 0x0000000081d00000, 0x0000000081c00000| Untracked 
|  29|0x0000000081d00000, 0x0000000081e00000, 0x0000000081e00000|100%| O|  |TAMS 0x0000000081e00000, 0x0000000081d00000| Untracked 
|  30|0x0000000081e00000, 0x0000000081f00000, 0x0000000081f00000|100%| O|  |TAMS 0x0000000081f00000, 0x0000000081e00000| Untracked 
|  31|0x0000000081f00000, 0x0000000082000000, 0x0000000082000000|100%|HS|  |TAMS 0x0000000082000000, 0x0000000081f00000| Complete 
|  32|0x0000000082000000, 0x0000000082100000, 0x0000000082100000|100%|HS|  |TAMS 0x0000000082100000, 0x0000000082000000| Complete 
|  33|0x0000000082100000, 0x0000000082200000, 0x0000000082200000|100%| O|  |TAMS 0x0000000082200000, 0x0000000082100000| Untracked 
|  34|0x0000000082200000, 0x0000000082300000, 0x0000000082300000|100%| O|  |TAMS 0x0000000082300000, 0x0000000082200000| Untracked 
|  35|0x0000000082300000, 0x0000000082400000, 0x0000000082400000|100%| O|  |TAMS 0x0000000082400000, 0x0000000082300000| Untracked 
|  36|0x0000000082400000, 0x0000000082500000, 0x0000000082500000|100%| O|  |TAMS 0x0000000082500000, 0x0000000082400000| Untracked 
|  37|0x0000000082500000, 0x0000000082600000, 0x0000000082600000|100%| O|  |TAMS 0x0000000082600000, 0x0000000082500000| Untracked 
|  38|0x0000000082600000, 0x0000000082700000, 0x0000000082700000|100%| O|  |TAMS 0x0000000082700000, 0x0000000082600000| Untracked 
|  39|0x0000000082700000, 0x0000000082800000, 0x0000000082800000|100%| O|  |TAMS 0x0000000082800000, 0x0000000082700000| Untracked 
|  40|0x0000000082800000, 0x0000000082900000, 0x0000000082900000|100%| O|  |TAMS 0x0000000082900000, 0x0000000082800000| Untracked 
|  41|0x0000000082900000, 0x0000000082a00000, 0x0000000082a00000|100%| O|  |TAMS 0x0000000082900000, 0x0000000082900000| Untracked 
|  42|0x0000000082a00000, 0x0000000082b00000, 0x0000000082b00000|100%| O|  |TAMS 0x0000000082a00000, 0x0000000082a00000| Untracked 
|  43|0x0000000082b00000, 0x0000000082b00000, 0x0000000082c00000|  0%| F|  |TAMS 0x0000000082b00000, 0x0000000082b00000| Untracked 
|  44|0x0000000082c00000, 0x0000000082d00000, 0x0000000082d00000|100%| O|  |TAMS 0x0000000082c00000, 0x0000000082c00000| Untracked 
|  45|0x0000000082d00000, 0x0000000082e00000, 0x0000000082e00000|100%| O|  |TAMS 0x0000000082d00000, 0x0000000082d00000| Untracked 
|  46|0x0000000082e00000, 0x0000000082e13400, 0x0000000082f00000|  7%| O|  |TAMS 0x0000000082e00000, 0x0000000082e00000| Untracked 
|  47|0x0000000082f00000, 0x0000000082f00000, 0x0000000083000000|  0%| F|  |TAMS 0x0000000082f00000, 0x0000000082f00000| Untracked 
|  48|0x0000000083000000, 0x0000000083100000, 0x0000000083100000|100%| O|  |TAMS 0x0000000083000000, 0x0000000083000000| Untracked 
|  49|0x0000000083100000, 0x0000000083100000, 0x0000000083200000|  0%| F|  |TAMS 0x0000000083100000, 0x0000000083100000| Untracked 
|  50|0x0000000083200000, 0x0000000083200000, 0x0000000083300000|  0%| F|  |TAMS 0x0000000083200000, 0x0000000083200000| Untracked 
|  51|0x0000000083300000, 0x0000000083300000, 0x0000000083400000|  0%| F|  |TAMS 0x0000000083300000, 0x0000000083300000| Untracked 
|  52|0x0000000083400000, 0x0000000083400000, 0x0000000083500000|  0%| F|  |TAMS 0x0000000083400000, 0x0000000083400000| Untracked 
|  53|0x0000000083500000, 0x0000000083500000, 0x0000000083600000|  0%| F|  |TAMS 0x0000000083500000, 0x0000000083500000| Untracked 
|  54|0x0000000083600000, 0x0000000083600000, 0x0000000083700000|  0%| F|  |TAMS 0x0000000083600000, 0x0000000083600000| Untracked 
|  55|0x0000000083700000, 0x0000000083700000, 0x0000000083800000|  0%| F|  |TAMS 0x0000000083700000, 0x0000000083700000| Untracked 
|  56|0x0000000083800000, 0x0000000083800000, 0x0000000083900000|  0%| F|  |TAMS 0x0000000083800000, 0x0000000083800000| Untracked 
|  57|0x0000000083900000, 0x0000000083900000, 0x0000000083a00000|  0%| F|  |TAMS 0x0000000083900000, 0x0000000083900000| Untracked 
|  58|0x0000000083a00000, 0x0000000083a00000, 0x0000000083b00000|  0%| F|  |TAMS 0x0000000083a00000, 0x0000000083a00000| Untracked 
|  59|0x0000000083b00000, 0x0000000083b00000, 0x0000000083c00000|  0%| F|  |TAMS 0x0000000083b00000, 0x0000000083b00000| Untracked 
|  60|0x0000000083c00000, 0x0000000083c00000, 0x0000000083d00000|  0%| F|  |TAMS 0x0000000083c00000, 0x0000000083c00000| Untracked 
|  61|0x0000000083d00000, 0x0000000083d00000, 0x0000000083e00000|  0%| F|  |TAMS 0x0000000083d00000, 0x0000000083d00000| Untracked 
|  62|0x0000000083e00000, 0x0000000083e00000, 0x0000000083f00000|  0%| F|  |TAMS 0x0000000083e00000, 0x0000000083e00000| Untracked 
|  63|0x0000000083f00000, 0x0000000083f00000, 0x0000000084000000|  0%| F|  |TAMS 0x0000000083f00000, 0x0000000083f00000| Untracked 
|  64|0x0000000084000000, 0x0000000084000000, 0x0000000084100000|  0%| F|  |TAMS 0x0000000084000000, 0x0000000084000000| Untracked 
|  65|0x0000000084100000, 0x0000000084100000, 0x0000000084200000|  0%| F|  |TAMS 0x0000000084100000, 0x0000000084100000| Untracked 
|  66|0x0000000084200000, 0x0000000084200000, 0x0000000084300000|  0%| F|  |TAMS 0x0000000084200000, 0x0000000084200000| Untracked 
|  67|0x0000000084300000, 0x0000000084300000, 0x0000000084400000|  0%| F|  |TAMS 0x0000000084300000, 0x0000000084300000| Untracked 
|  68|0x0000000084400000, 0x0000000084400000, 0x0000000084500000|  0%| F|  |TAMS 0x0000000084400000, 0x0000000084400000| Untracked 
|  69|0x0000000084500000, 0x0000000084500000, 0x0000000084600000|  0%| F|  |TAMS 0x0000000084500000, 0x0000000084500000| Untracked 
|  70|0x0000000084600000, 0x0000000084600000, 0x0000000084700000|  0%| F|  |TAMS 0x0000000084600000, 0x0000000084600000| Untracked 
|  71|0x0000000084700000, 0x0000000084700000, 0x0000000084800000|  0%| F|  |TAMS 0x0000000084700000, 0x0000000084700000| Untracked 
|  72|0x0000000084800000, 0x0000000084800000, 0x0000000084900000|  0%| F|  |TAMS 0x0000000084800000, 0x0000000084800000| Untracked 
|  73|0x0000000084900000, 0x0000000084900000, 0x0000000084a00000|  0%| F|  |TAMS 0x0000000084900000, 0x0000000084900000| Untracked 
|  74|0x0000000084a00000, 0x0000000084a00000, 0x0000000084b00000|  0%| F|  |TAMS 0x0000000084a00000, 0x0000000084a00000| Untracked 
|  75|0x0000000084b00000, 0x0000000084b00000, 0x0000000084c00000|  0%| F|  |TAMS 0x0000000084b00000, 0x0000000084b00000| Untracked 
|  76|0x0000000084c00000, 0x0000000084c00000, 0x0000000084d00000|  0%| F|  |TAMS 0x0000000084c00000, 0x0000000084c00000| Untracked 
|  77|0x0000000084d00000, 0x0000000084d00000, 0x0000000084e00000|  0%| F|  |TAMS 0x0000000084d00000, 0x0000000084d00000| Untracked 
|  78|0x0000000084e00000, 0x0000000084f00000, 0x0000000084f00000|100%| S|CS|TAMS 0x0000000084e00000, 0x0000000084e00000| Complete 
|  79|0x0000000084f00000, 0x0000000085000000, 0x0000000085000000|100%| S|CS|TAMS 0x0000000084f00000, 0x0000000084f00000| Complete 
|  80|0x0000000085000000, 0x0000000085100000, 0x0000000085100000|100%| S|CS|TAMS 0x0000000085000000, 0x0000000085000000| Complete 
|  81|0x0000000085100000, 0x0000000085200000, 0x0000000085200000|100%| S|CS|TAMS 0x0000000085100000, 0x0000000085100000| Complete 
|  82|0x0000000085200000, 0x0000000085300000, 0x0000000085300000|100%| S|CS|TAMS 0x0000000085200000, 0x0000000085200000| Complete 
|  83|0x0000000085300000, 0x0000000085400000, 0x0000000085400000|100%| S|CS|TAMS 0x0000000085300000, 0x0000000085300000| Complete 
|  84|0x0000000085400000, 0x0000000085400000, 0x0000000085500000|  0%| F|  |TAMS 0x0000000085400000, 0x0000000085400000| Untracked 
|  85|0x0000000085500000, 0x0000000085500000, 0x0000000085600000|  0%| F|  |TAMS 0x0000000085500000, 0x0000000085500000| Untracked 
|  86|0x0000000085600000, 0x0000000085600000, 0x0000000085700000|  0%| F|  |TAMS 0x0000000085600000, 0x0000000085600000| Untracked 
|  87|0x0000000085700000, 0x0000000085700000, 0x0000000085800000|  0%| F|  |TAMS 0x0000000085700000, 0x0000000085700000| Untracked 
|  88|0x0000000085800000, 0x0000000085800000, 0x0000000085900000|  0%| F|  |TAMS 0x0000000085800000, 0x0000000085800000| Untracked 
|  89|0x0000000085900000, 0x0000000085900000, 0x0000000085a00000|  0%| F|  |TAMS 0x0000000085900000, 0x0000000085900000| Untracked 
|  90|0x0000000085a00000, 0x0000000085a00000, 0x0000000085b00000|  0%| F|  |TAMS 0x0000000085a00000, 0x0000000085a00000| Untracked 
|  91|0x0000000085b00000, 0x0000000085b00000, 0x0000000085c00000|  0%| F|  |TAMS 0x0000000085b00000, 0x0000000085b00000| Untracked 
|  92|0x0000000085c00000, 0x0000000085c00000, 0x0000000085d00000|  0%| F|  |TAMS 0x0000000085c00000, 0x0000000085c00000| Untracked 
|  93|0x0000000085d00000, 0x0000000085d00000, 0x0000000085e00000|  0%| F|  |TAMS 0x0000000085d00000, 0x0000000085d00000| Untracked 
|  94|0x0000000085e00000, 0x0000000085e00000, 0x0000000085f00000|  0%| F|  |TAMS 0x0000000085e00000, 0x0000000085e00000| Untracked 
|  95|0x0000000085f00000, 0x0000000085f00000, 0x0000000086000000|  0%| F|  |TAMS 0x0000000085f00000, 0x0000000085f00000| Untracked 
|  96|0x0000000086000000, 0x0000000086000000, 0x0000000086100000|  0%| F|  |TAMS 0x0000000086000000, 0x0000000086000000| Untracked 
|  97|0x0000000086100000, 0x0000000086200000, 0x0000000086200000|100%| E|  |TAMS 0x0000000086100000, 0x0000000086100000| Complete 
|  98|0x0000000086200000, 0x0000000086300000, 0x0000000086300000|100%| E|CS|TAMS 0x0000000086200000, 0x0000000086200000| Complete 
|  99|0x0000000086300000, 0x0000000086400000, 0x0000000086400000|100%| E|CS|TAMS 0x0000000086300000, 0x0000000086300000| Complete 
| 100|0x0000000086400000, 0x0000000086500000, 0x0000000086500000|100%| E|CS|TAMS 0x0000000086400000, 0x0000000086400000| Complete 
| 101|0x0000000086500000, 0x0000000086600000, 0x0000000086600000|100%| E|CS|TAMS 0x0000000086500000, 0x0000000086500000| Complete 
| 102|0x0000000086600000, 0x0000000086700000, 0x0000000086700000|100%| E|CS|TAMS 0x0000000086600000, 0x0000000086600000| Complete 
| 103|0x0000000086700000, 0x0000000086800000, 0x0000000086800000|100%| E|CS|TAMS 0x0000000086700000, 0x0000000086700000| Complete 
| 104|0x0000000086800000, 0x0000000086900000, 0x0000000086900000|100%| E|CS|TAMS 0x0000000086800000, 0x0000000086800000| Complete 
| 105|0x0000000086900000, 0x0000000086a00000, 0x0000000086a00000|100%| E|CS|TAMS 0x0000000086900000, 0x0000000086900000| Complete 
| 106|0x0000000086a00000, 0x0000000086b00000, 0x0000000086b00000|100%| E|CS|TAMS 0x0000000086a00000, 0x0000000086a00000| Complete 
| 107|0x0000000086b00000, 0x0000000086c00000, 0x0000000086c00000|100%| E|CS|TAMS 0x0000000086b00000, 0x0000000086b00000| Complete 
| 108|0x0000000086c00000, 0x0000000086d00000, 0x0000000086d00000|100%| E|CS|TAMS 0x0000000086c00000, 0x0000000086c00000| Complete 
| 109|0x0000000086d00000, 0x0000000086e00000, 0x0000000086e00000|100%| E|CS|TAMS 0x0000000086d00000, 0x0000000086d00000| Complete 
| 110|0x0000000086e00000, 0x0000000086f00000, 0x0000000086f00000|100%| E|CS|TAMS 0x0000000086e00000, 0x0000000086e00000| Complete 
| 111|0x0000000086f00000, 0x0000000087000000, 0x0000000087000000|100%| E|CS|TAMS 0x0000000086f00000, 0x0000000086f00000| Complete 
| 112|0x0000000087000000, 0x0000000087100000, 0x0000000087100000|100%| E|CS|TAMS 0x0000000087000000, 0x0000000087000000| Complete 
| 113|0x0000000087100000, 0x0000000087200000, 0x0000000087200000|100%| E|CS|TAMS 0x0000000087100000, 0x0000000087100000| Complete 
| 114|0x0000000087200000, 0x0000000087300000, 0x0000000087300000|100%| E|CS|TAMS 0x0000000087200000, 0x0000000087200000| Complete 
| 115|0x0000000087300000, 0x0000000087400000, 0x0000000087400000|100%| E|CS|TAMS 0x0000000087300000, 0x0000000087300000| Complete 
| 116|0x0000000087400000, 0x0000000087500000, 0x0000000087500000|100%| E|CS|TAMS 0x0000000087400000, 0x0000000087400000| Complete 
| 117|0x0000000087500000, 0x0000000087600000, 0x0000000087600000|100%| E|CS|TAMS 0x0000000087500000, 0x0000000087500000| Complete 
| 118|0x0000000087600000, 0x0000000087700000, 0x0000000087700000|100%| E|CS|TAMS 0x0000000087600000, 0x0000000087600000| Complete 
| 119|0x0000000087700000, 0x0000000087800000, 0x0000000087800000|100%| E|CS|TAMS 0x0000000087700000, 0x0000000087700000| Complete 
| 120|0x0000000087800000, 0x0000000087900000, 0x0000000087900000|100%| E|CS|TAMS 0x0000000087800000, 0x0000000087800000| Complete 
| 121|0x0000000087900000, 0x0000000087a00000, 0x0000000087a00000|100%| E|CS|TAMS 0x0000000087900000, 0x0000000087900000| Complete 
| 122|0x0000000087a00000, 0x0000000087b00000, 0x0000000087b00000|100%| E|CS|TAMS 0x0000000087a00000, 0x0000000087a00000| Complete 
| 123|0x0000000087b00000, 0x0000000087c00000, 0x0000000087c00000|100%| E|CS|TAMS 0x0000000087b00000, 0x0000000087b00000| Complete 
| 124|0x0000000087c00000, 0x0000000087d00000, 0x0000000087d00000|100%| E|CS|TAMS 0x0000000087c00000, 0x0000000087c00000| Complete 
| 127|0x0000000087f00000, 0x0000000088000000, 0x0000000088000000|100%| E|CS|TAMS 0x0000000087f00000, 0x0000000087f00000| Complete 

Card table byte_map: [0x00000282dac30000,0x00000282db030000] _byte_map_base: 0x00000282da830000

Marking Bits (Prev, Next): (CMBitMap*) 0x00000282c65aaf40, (CMBitMap*) 0x00000282c65aaf00
 Prev Bits: [0x00000282dd430000, 0x00000282df430000)
 Next Bits: [0x00000282db430000, 0x00000282dd430000)

Polling page: 0x00000282c6610000

Metaspace:

Usage:
  Non-class:     58.76 MB used.
      Class:      9.07 MB used.
       Both:     67.83 MB used.

Virtual space:
  Non-class space:       64.00 MB reserved,      59.06 MB ( 92%) committed,  8 nodes.
      Class space:        1.00 GB reserved,       9.25 MB ( <1%) committed,  1 nodes.
             Both:        1.06 GB reserved,      68.31 MB (  6%) committed. 

Chunk freelists:
   Non-Class:  160.00 KB
       Class:  2.77 MB
        Both:  2.92 MB

MaxMetaspaceSize: unlimited
CompressedClassSpaceSize: 1.00 GB
Initial GC threshold: 21.00 MB
Current GC threshold: 100.31 MB
CDS: off
MetaspaceReclaimPolicy: balanced
 - commit_granule_bytes: 65536.
 - commit_granule_words: 8192.
 - virtual_space_node_default_size: 1048576.
 - enlarge_chunks_in_place: 1.
 - new_chunks_are_fully_committed: 0.
 - uncommit_free_chunks: 1.
 - use_allocation_guard: 0.
 - handle_deallocations: 1.


Internal statistics:

num_allocs_failed_limit: 9.
num_arena_births: 594.
num_arena_deaths: 0.
num_vsnodes_births: 9.
num_vsnodes_deaths: 0.
num_space_committed: 1093.
num_space_uncommitted: 0.
num_chunks_returned_to_freelist: 9.
num_chunks_taken_from_freelist: 2877.
num_chunk_merges: 3.
num_chunk_splits: 1938.
num_chunks_enlarged: 1336.
num_purges: 0.
num_inconsistent_stats: 0.

CodeHeap 'non-profiled nmethods': size=120000Kb used=3174Kb max_used=3174Kb free=116825Kb
 bounds [0x00000282d2ce0000, 0x00000282d3000000, 0x00000282da210000]
CodeHeap 'profiled nmethods': size=120000Kb used=13014Kb max_used=13014Kb free=106985Kb
 bounds [0x00000282cb210000, 0x00000282cbed0000, 0x00000282d2740000]
CodeHeap 'non-nmethods': size=5760Kb used=2354Kb max_used=2417Kb free=3405Kb
 bounds [0x00000282d2740000, 0x00000282d29b0000, 0x00000282d2ce0000]
 total_blobs=7624 nmethods=6741 adapters=795
 compilation: enabled
              stopped_count=0, restarted_count=0
 full_count=0

Compilation events (20 events):
Event: 13.117 Thread 0x00000282e2440b60 nmethod 6723 0x00000282d2ff7c10 code [0x00000282d2ff7de0, 0x00000282d2ff8278]
Event: 13.117 Thread 0x00000282e2440b60 6722       4       java.util.TreeMap$PrivateEntryIterator::hasNext (13 bytes)
Event: 13.118 Thread 0x00000282e2440b60 nmethod 6722 0x00000282d2ff8690 code [0x00000282d2ff8800, 0x00000282d2ff8898]
Event: 13.118 Thread 0x00000282e2440b60 6712       4       java.util.TreeMap$PrivateEntryIterator::nextEntry (54 bytes)
Event: 13.123 Thread 0x00000282e2440b60 nmethod 6712 0x00000282d2ff8990 code [0x00000282d2ff8b20, 0x00000282d2ff8e58]
Event: 13.124 Thread 0x00000282e2440b60 6721       4       org.gradle.internal.reflect.MethodSet::add (50 bytes)
Event: 13.124 Thread 0x00000282e2441460 6776       3       org.gradle.api.internal.file.DefaultFilePropertyFactory$AbstractFileVar::<init> (7 bytes)
Event: 13.125 Thread 0x00000282e2441460 nmethod 6776 0x00000282cbebde10 code [0x00000282cbebe060, 0x00000282cbebec88]
Event: 13.195 Thread 0x00000282e2441460 6777       3       org.gradle.api.internal.DefaultNamedDomainObjectCollection$AbstractDomainObjectCreatingProvider::getName (5 bytes)
Event: 13.196 Thread 0x00000282e2441460 nmethod 6777 0x00000282cbebf090 code [0x00000282cbebf220, 0x00000282cbebf338]
Event: 13.199 Thread 0x00000282e2441460 6778       3       kotlin.collections.CollectionsKt__CollectionsKt::emptyList (7 bytes)
Event: 13.199 Thread 0x00000282e2441460 nmethod 6778 0x00000282cbebf410 code [0x00000282cbebf5a0, 0x00000282cbebf698]
Event: 13.199 Thread 0x00000282e2441460 6779       1       org.gradle.api.internal.provider.FlatMapProvider::getType (2 bytes)
Event: 13.199 Thread 0x00000282e2441460 nmethod 6779 0x00000282d2ff9010 code [0x00000282d2ff91a0, 0x00000282d2ff9278]
Event: 13.203 Thread 0x00000282e2441460 6780       3       org.gradle.api.internal.DefaultDomainObjectCollection::assertMutableCollectionContents (1 bytes)
Event: 13.204 Thread 0x00000282e2441460 nmethod 6780 0x00000282cbebf710 code [0x00000282cbebf8a0, 0x00000282cbebf9b8]
Event: 13.204 Thread 0x00000282e2441460 6781       1       com.android.build.api.artifact.impl.ArtifactsImpl::getObjects (5 bytes)
Event: 13.205 Thread 0x00000282e2441460 nmethod 6781 0x00000282d2ff9310 code [0x00000282d2ff94a0, 0x00000282d2ff9578]
Event: 13.207 Thread 0x00000282e2441460 6782       3       org.gradle.api.internal.provider.DefaultProviderFactory::provider (23 bytes)
Event: 13.207 Thread 0x00000282e2441460 nmethod 6782 0x00000282cbebfa90 code [0x00000282cbebfc60, 0x00000282cbec0028]

GC Heap History (20 events):
Event: 7.675 GC heap before
{Heap before GC invocations=13 (full 0):
 garbage-first heap   total 65536K, used 49911K [0x0000000080000000, 0x0000000100000000)
  region size 1024K, 24 young (24576K), 3 survivors (3072K)
 Metaspace       used 44323K, committed 44736K, reserved 1089536K
  class space    used 5870K, committed 6080K, reserved 1048576K
}
Event: 7.681 GC heap after
{Heap after GC invocations=14 (full 0):
 garbage-first heap   total 78848K, used 30404K [0x0000000080000000, 0x0000000100000000)
  region size 1024K, 2 young (2048K), 2 survivors (2048K)
 Metaspace       used 44323K, committed 44736K, reserved 1089536K
  class space    used 5870K, committed 6080K, reserved 1048576K
}
Event: 8.200 GC heap before
{Heap before GC invocations=14 (full 0):
 garbage-first heap   total 78848K, used 60100K [0x0000000080000000, 0x0000000100000000)
  region size 1024K, 30 young (30720K), 2 survivors (2048K)
 Metaspace       used 48646K, committed 49024K, reserved 1097728K
  class space    used 6426K, committed 6592K, reserved 1048576K
}
Event: 8.205 GC heap after
{Heap after GC invocations=15 (full 0):
 garbage-first heap   total 78848K, used 31723K [0x0000000080000000, 0x0000000100000000)
  region size 1024K, 4 young (4096K), 4 survivors (4096K)
 Metaspace       used 48646K, committed 49024K, reserved 1097728K
  class space    used 6426K, committed 6592K, reserved 1048576K
}
Event: 8.817 GC heap before
{Heap before GC invocations=15 (full 0):
 garbage-first heap   total 78848K, used 59371K [0x0000000080000000, 0x0000000100000000)
  region size 1024K, 32 young (32768K), 4 survivors (4096K)
 Metaspace       used 50449K, committed 50880K, reserved 1097728K
  class space    used 6647K, committed 6848K, reserved 1048576K
}
Event: 8.824 GC heap after
{Heap after GC invocations=16 (full 0):
 garbage-first heap   total 78848K, used 33724K [0x0000000080000000, 0x0000000100000000)
  region size 1024K, 4 young (4096K), 4 survivors (4096K)
 Metaspace       used 50449K, committed 50880K, reserved 1097728K
  class space    used 6647K, committed 6848K, reserved 1048576K
}
Event: 9.338 GC heap before
{Heap before GC invocations=16 (full 0):
 garbage-first heap   total 78848K, used 62396K [0x0000000080000000, 0x0000000100000000)
  region size 1024K, 30 young (30720K), 4 survivors (4096K)
 Metaspace       used 52740K, committed 53184K, reserved 1097728K
  class space    used 6957K, committed 7168K, reserved 1048576K
}
Event: 9.345 GC heap after
{Heap after GC invocations=17 (full 0):
 garbage-first heap   total 78848K, used 41382K [0x0000000080000000, 0x0000000100000000)
  region size 1024K, 4 young (4096K), 4 survivors (4096K)
 Metaspace       used 52740K, committed 53184K, reserved 1097728K
  class space    used 6957K, committed 7168K, reserved 1048576K
}
Event: 10.027 GC heap before
{Heap before GC invocations=17 (full 0):
 garbage-first heap   total 78848K, used 60838K [0x0000000080000000, 0x0000000100000000)
  region size 1024K, 23 young (23552K), 4 survivors (4096K)
 Metaspace       used 55872K, committed 56320K, reserved 1105920K
  class space    used 7333K, committed 7552K, reserved 1048576K
}
Event: 10.033 GC heap after
{Heap after GC invocations=18 (full 0):
 garbage-first heap   total 78848K, used 42412K [0x0000000080000000, 0x0000000100000000)
  region size 1024K, 1 young (1024K), 1 survivors (1024K)
 Metaspace       used 55872K, committed 56320K, reserved 1105920K
  class space    used 7333K, committed 7552K, reserved 1048576K
}
Event: 11.070 GC heap before
{Heap before GC invocations=19 (full 0):
 garbage-first heap   total 78848K, used 61868K [0x0000000080000000, 0x0000000100000000)
  region size 1024K, 20 young (20480K), 1 survivors (1024K)
 Metaspace       used 59441K, committed 59904K, reserved 1105920K
  class space    used 7839K, committed 8064K, reserved 1048576K
}
Event: 11.075 GC heap after
{Heap after GC invocations=20 (full 0):
 garbage-first heap   total 78848K, used 43276K [0x0000000080000000, 0x0000000100000000)
  region size 1024K, 2 young (2048K), 2 survivors (2048K)
 Metaspace       used 59441K, committed 59904K, reserved 1105920K
  class space    used 7839K, committed 8064K, reserved 1048576K
}
Event: 11.233 GC heap before
{Heap before GC invocations=20 (full 0):
 garbage-first heap   total 78848K, used 48396K [0x0000000080000000, 0x0000000100000000)
  region size 1024K, 9 young (9216K), 2 survivors (2048K)
 Metaspace       used 61058K, committed 61568K, reserved 1105920K
  class space    used 8025K, committed 8256K, reserved 1048576K
}
Event: 11.237 GC heap after
{Heap after GC invocations=21 (full 0):
 garbage-first heap   total 78848K, used 44583K [0x0000000080000000, 0x0000000100000000)
  region size 1024K, 3 young (3072K), 3 survivors (3072K)
 Metaspace       used 61058K, committed 61568K, reserved 1105920K
  class space    used 8025K, committed 8256K, reserved 1048576K
}
Event: 11.466 GC heap before
{Heap before GC invocations=22 (full 0):
 garbage-first heap   total 107520K, used 69159K [0x0000000080000000, 0x0000000100000000)
  region size 1024K, 21 young (21504K), 3 survivors (3072K)
 Metaspace       used 61934K, committed 62464K, reserved 1105920K
  class space    used 8161K, committed 8384K, reserved 1048576K
}
Event: 11.471 GC heap after
{Heap after GC invocations=23 (full 0):
 garbage-first heap   total 107520K, used 46528K [0x0000000080000000, 0x0000000100000000)
  region size 1024K, 3 young (3072K), 3 survivors (3072K)
 Metaspace       used 61934K, committed 62464K, reserved 1105920K
  class space    used 8161K, committed 8384K, reserved 1048576K
}
Event: 11.910 GC heap before
{Heap before GC invocations=23 (full 0):
 garbage-first heap   total 107520K, used 78272K [0x0000000080000000, 0x0000000100000000)
  region size 1024K, 34 young (34816K), 3 survivors (3072K)
 Metaspace       used 64652K, committed 65216K, reserved 1114112K
  class space    used 8479K, committed 8704K, reserved 1048576K
}
Event: 11.917 GC heap after
{Heap after GC invocations=24 (full 0):
 garbage-first heap   total 129024K, used 49373K [0x0000000080000000, 0x0000000100000000)
  region size 1024K, 5 young (5120K), 5 survivors (5120K)
 Metaspace       used 64652K, committed 65216K, reserved 1114112K
  class space    used 8479K, committed 8704K, reserved 1048576K
}
Event: 12.465 GC heap before
{Heap before GC invocations=24 (full 0):
 garbage-first heap   total 129024K, used 93405K [0x0000000080000000, 0x0000000100000000)
  region size 1024K, 47 young (48128K), 5 survivors (5120K)
 Metaspace       used 65753K, committed 66240K, reserved 1114112K
  class space    used 8639K, committed 8832K, reserved 1048576K
}
Event: 12.477 GC heap after
{Heap after GC invocations=25 (full 0):
 garbage-first heap   total 129024K, used 52783K [0x0000000080000000, 0x0000000100000000)
  region size 1024K, 6 young (6144K), 6 survivors (6144K)
 Metaspace       used 65753K, committed 66240K, reserved 1114112K
  class space    used 8639K, committed 8832K, reserved 1048576K
}

Dll operation events (2 events):
Event: 0.007 Loaded shared library C:\Program Files\Android\Android Studio\jbr\bin\java.dll
Event: 0.677 Loaded shared library C:\Program Files\Android\Android Studio\jbr\bin\verify.dll

Deoptimization events (20 events):
Event: 12.028 Thread 0x00000282e3a57690 Uncommon trap: trap_request=0xffffff45 fr.pc=0x00000282d2da4614 relative=0x0000000000000174
Event: 12.028 Thread 0x00000282e3a57690 Uncommon trap: reason=unstable_if action=reinterpret pc=0x00000282d2da4614 method=java.lang.AbstractStringBuilder.appendChars(Ljava/lang/String;II)V @ 11 c2
Event: 12.028 Thread 0x00000282e3a57690 DEOPT PACKING pc=0x00000282d2da4614 sp=0x000000dc309f6670
Event: 12.028 Thread 0x00000282e3a57690 DEOPT UNPACKING pc=0x00000282d27969a3 sp=0x000000dc309f6620 mode 2
Event: 12.028 Thread 0x00000282e3a57690 Uncommon trap: trap_request=0xffffff45 fr.pc=0x00000282d2ce7a38 relative=0x0000000000000038
Event: 12.028 Thread 0x00000282e3a57690 Uncommon trap: reason=unstable_if action=reinterpret pc=0x00000282d2ce7a38 method=java.lang.StringLatin1.canEncode(I)Z @ 4 c2
Event: 12.029 Thread 0x00000282e3a57690 DEOPT PACKING pc=0x00000282d2ce7a38 sp=0x000000dc309f6630
Event: 12.029 Thread 0x00000282e3a57690 DEOPT UNPACKING pc=0x00000282d27969a3 sp=0x000000dc309f65c0 mode 2
Event: 12.081 Thread 0x00000282e3a57690 Uncommon trap: trap_request=0xffffff45 fr.pc=0x00000282d2f41d48 relative=0x0000000000001768
Event: 12.081 Thread 0x00000282e3a57690 Uncommon trap: reason=unstable_if action=reinterpret pc=0x00000282d2f41d48 method=java.util.concurrent.ConcurrentHashMap.computeIfAbsent(Ljava/lang/Object;Ljava/util/function/Function;)Ljava/lang/Object; @ 364 c2
Event: 12.081 Thread 0x00000282e3a57690 DEOPT PACKING pc=0x00000282d2f41d48 sp=0x000000dc309f7b60
Event: 12.081 Thread 0x00000282e3a57690 DEOPT UNPACKING pc=0x00000282d27969a3 sp=0x000000dc309f7ac8 mode 2
Event: 12.387 Thread 0x00000282e3a57690 Uncommon trap: trap_request=0xffffffde fr.pc=0x00000282d2e68cec relative=0x00000000000009ac
Event: 12.387 Thread 0x00000282e3a57690 Uncommon trap: reason=class_check action=maybe_recompile pc=0x00000282d2e68cec method=java.util.WeakHashMap.matchesKey(Ljava/util/WeakHashMap$Entry;Ljava/lang/Object;)Z @ 21 c2
Event: 12.387 Thread 0x00000282e3a57690 DEOPT PACKING pc=0x00000282d2e68cec sp=0x000000dc309f5220
Event: 12.387 Thread 0x00000282e3a57690 DEOPT UNPACKING pc=0x00000282d27969a3 sp=0x000000dc309f5180 mode 2
Event: 12.425 Thread 0x00000282e3a57690 Uncommon trap: trap_request=0xffffff45 fr.pc=0x00000282d2fbb36c relative=0x0000000000000eac
Event: 12.425 Thread 0x00000282e3a57690 Uncommon trap: reason=unstable_if action=reinterpret pc=0x00000282d2fbb36c method=org.codehaus.groovy.runtime.metaclass.MetaMethodIndex.isOverridden(Lgroovy/lang/MetaMethod;Lgroovy/lang/MetaMethod;)Z @ 33 c2
Event: 12.425 Thread 0x00000282e3a57690 DEOPT PACKING pc=0x00000282d2fbb36c sp=0x000000dc309f4770
Event: 12.425 Thread 0x00000282e3a57690 DEOPT UNPACKING pc=0x00000282d27969a3 sp=0x000000dc309f46c8 mode 2

Classes unloaded (0 events):
No events

Classes redefined (0 events):
No events

Internal exceptions (20 events):
Event: 12.429 Thread 0x00000282e3a57690 Exception <a 'java/lang/ClassNotFoundException'{0x0000000085772488}: com/android/builder/core/AbstractBuildTypeCustomizer> (0x0000000085772488) 
thrown [s\src\hotspot\share\classfile\systemDictionary.cpp, line 256]
Event: 12.431 Thread 0x00000282e3a57690 Exception <a 'java/lang/ClassNotFoundException'{0x000000008579d4b8}: com/android/build/gradle/internal/dsl/BuildTypeCustomizer> (0x000000008579d4b8) 
thrown [s\src\hotspot\share\classfile\systemDictionary.cpp, line 256]
Event: 12.434 Thread 0x00000282e3a57690 Exception <a 'java/lang/ClassNotFoundException'{0x0000000085626e70}: com/android/build/gradle/internal/dsl/BuildType$AgpDecoratedCustomizer> (0x0000000085626e70) 
thrown [s\src\hotspot\share\classfile\systemDictionary.cpp, line 256]
Event: 12.436 Thread 0x00000282e3a57690 Exception <a 'java/lang/ClassNotFoundException'{0x000000008567a4a8}: com/android/build/gradle/internal/dsl/BuildType$AgpDecorated_DecoratedCustomizer> (0x000000008567a4a8) 
thrown [s\src\hotspot\share\classfile\systemDictionary.cpp, line 256]
Event: 12.442 Thread 0x00000282e3a57690 Exception <a 'java/lang/ClassNotFoundException'{0x00000000855572f8}: build_4wxay1mtc8j1br9jhm173l32b$_run_closure1$_closure4BeanInfo> (0x00000000855572f8) 
thrown [s\src\hotspot\share\classfile\systemDictionary.cpp, line 256]
Event: 12.443 Thread 0x00000282e3a57690 Exception <a 'java/lang/ClassNotFoundException'{0x0000000085561800}: build_4wxay1mtc8j1br9jhm173l32b$_run_closure1$_closure4Customizer> (0x0000000085561800) 
thrown [s\src\hotspot\share\classfile\systemDictionary.cpp, line 256]
Event: 12.446 Thread 0x00000282e3a57690 Exception <a 'java/lang/ClassNotFoundException'{0x00000000855888a8}: build_4wxay1mtc8j1br9jhm173l32b$_run_closure1BeanInfo> (0x00000000855888a8) 
thrown [s\src\hotspot\share\classfile\systemDictionary.cpp, line 256]
Event: 12.446 Thread 0x00000282e3a57690 Exception <a 'java/lang/ClassNotFoundException'{0x0000000085593c90}: build_4wxay1mtc8j1br9jhm173l32b$_run_closure1Customizer> (0x0000000085593c90) 
thrown [s\src\hotspot\share\classfile\systemDictionary.cpp, line 256]
Event: 12.451 Thread 0x00000282e3a57690 Exception <a 'java/lang/ClassNotFoundException'{0x00000000855cfe20}: org/gradle/api/JavaVersionBeanInfo> (0x00000000855cfe20) 
thrown [s\src\hotspot\share\classfile\systemDictionary.cpp, line 256]
Event: 12.452 Thread 0x00000282e3a57690 Exception <a 'java/lang/ClassNotFoundException'{0x00000000855e5860}: org/gradle/api/JavaVersionCustomizer> (0x00000000855e5860) 
thrown [s\src\hotspot\share\classfile\systemDictionary.cpp, line 256]
Event: 12.455 Thread 0x00000282e3a57690 Exception <a 'java/lang/ClassNotFoundException'{0x0000000085434f28}: com/android/build/gradle/internal/CompileOptions$AgpDecorated_DecoratedBeanInfo> (0x0000000085434f28) 
thrown [s\src\hotspot\share\classfile\systemDictionary.cpp, line 256]
Event: 12.456 Thread 0x00000282e3a57690 Exception <a 'java/lang/ClassNotFoundException'{0x0000000085442468}: com/android/build/gradle/internal/CompileOptions$AgpDecoratedBeanInfo> (0x0000000085442468) 
thrown [s\src\hotspot\share\classfile\systemDictionary.cpp, line 256]
Event: 12.456 Thread 0x00000282e3a57690 Exception <a 'java/lang/ClassNotFoundException'{0x000000008544f7b0}: com/android/build/gradle/internal/CompileOptionsBeanInfo> (0x000000008544f7b0) 
thrown [s\src\hotspot\share\classfile\systemDictionary.cpp, line 256]
Event: 12.456 Thread 0x00000282e3a57690 Exception <a 'java/lang/ClassNotFoundException'{0x000000008545cb00}: com/android/build/gradle/internal/CompileOptionsCustomizer> (0x000000008545cb00) 
thrown [s\src\hotspot\share\classfile\systemDictionary.cpp, line 256]
Event: 12.457 Thread 0x00000282e3a57690 Exception <a 'java/lang/ClassNotFoundException'{0x0000000085476698}: com/android/build/gradle/internal/CompileOptions$AgpDecoratedCustomizer> (0x0000000085476698) 
thrown [s\src\hotspot\share\classfile\systemDictionary.cpp, line 256]
Event: 12.458 Thread 0x00000282e3a57690 Exception <a 'java/lang/ClassNotFoundException'{0x0000000085493238}: com/android/build/gradle/internal/CompileOptions$AgpDecorated_DecoratedCustomizer> (0x0000000085493238) 
thrown [s\src\hotspot\share\classfile\systemDictionary.cpp, line 256]
Event: 12.478 Thread 0x00000282e3a57690 Exception <a 'java/lang/ClassNotFoundException'{0x0000000087f12240}: org/gradle/api/internal/artifacts/dsl/dependencies/DefaultDependencyHandler_DecoratedBeanInfo> (0x0000000087f12240) 
thrown [s\src\hotspot\share\classfile\systemDictionary.cpp, line 256]
Event: 12.479 Thread 0x00000282e3a57690 Exception <a 'java/lang/ClassNotFoundException'{0x0000000087f2c128}: org/gradle/api/internal/artifacts/dsl/dependencies/DefaultDependencyHandlerBeanInfo> (0x0000000087f2c128) 
thrown [s\src\hotspot\share\classfile\systemDictionary.cpp, line 256]
Event: 12.481 Thread 0x00000282e3a57690 Exception <a 'java/lang/ClassNotFoundException'{0x0000000087f45fd0}: org/gradle/api/internal/artifacts/dsl/dependencies/DefaultDependencyHandlerCustomizer> (0x0000000087f45fd0) 
thrown [s\src\hotspot\share\classfile\systemDictionary.cpp, line 256]
Event: 12.483 Thread 0x00000282e3a57690 Exception <a 'java/lang/ClassNotFoundException'{0x0000000087f88b20}: org/gradle/api/internal/artifacts/dsl/dependencies/DefaultDependencyHandler_DecoratedCustomizer> (0x0000000087f88b20) 
thrown [s\src\hotspot\share\classfile\systemDictionary.cpp, line 256]

VM Operations (20 events):
Event: 11.070 Executing VM operation: G1CollectForAllocation
Event: 11.075 Executing VM operation: G1CollectForAllocation done
Event: 11.122 Executing VM operation: HandshakeAllThreads
Event: 11.122 Executing VM operation: HandshakeAllThreads done
Event: 11.162 Executing VM operation: HandshakeAllThreads
Event: 11.162 Executing VM operation: HandshakeAllThreads done
Event: 11.233 Executing VM operation: G1TryInitiateConcMark
Event: 11.237 Executing VM operation: G1TryInitiateConcMark done
Event: 11.297 Executing VM operation: G1Concurrent
Event: 11.301 Executing VM operation: G1Concurrent done
Event: 11.329 Executing VM operation: G1Concurrent
Event: 11.330 Executing VM operation: G1Concurrent done
Event: 11.466 Executing VM operation: G1CollectForAllocation
Event: 11.471 Executing VM operation: G1CollectForAllocation done
Event: 11.909 Executing VM operation: G1CollectForAllocation
Event: 11.917 Executing VM operation: G1CollectForAllocation done
Event: 12.464 Executing VM operation: G1CollectForAllocation
Event: 12.477 Executing VM operation: G1CollectForAllocation done
Event: 12.516 Executing VM operation: HandshakeAllThreads
Event: 12.516 Executing VM operation: HandshakeAllThreads done

Events (20 events):
Event: 11.704 loading class java/security/KeyStore$1
Event: 11.704 loading class java/security/KeyStore$1 done
Event: 11.754 loading class org/xml/sax/Locator
Event: 11.754 loading class org/xml/sax/Locator done
Event: 11.754 loading class org/xml/sax/SAXParseException
Event: 11.754 loading class org/xml/sax/SAXParseException done
Event: 11.755 loading class org/xml/sax/Attributes
Event: 11.755 loading class org/xml/sax/Attributes done
Event: 11.842 loading class javax/xml/stream/XMLStreamException
Event: 11.842 loading class javax/xml/stream/XMLStreamException done
Event: 11.865 loading class sun/reflect/annotation/AnnotationInvocationHandler$1
Event: 11.865 loading class sun/reflect/annotation/AnnotationInvocationHandler$1 done
Event: 11.949 loading class sun/reflect/generics/repository/FieldRepository
Event: 11.950 loading class sun/reflect/generics/repository/FieldRepository done
Event: 11.961 loading class jdk/internal/vm/annotation/ForceInline
Event: 11.961 loading class jdk/internal/vm/annotation/ForceInline done
Event: 12.029 loading class java/util/regex/Pattern$Caret
Event: 12.029 loading class java/util/regex/Pattern$Caret done
Event: 12.322 loading class java/beans/IntrospectionException
Event: 12.322 loading class java/beans/IntrospectionException done


Dynamic libraries:
0x00007ff6338d0000 - 0x00007ff6338da000 	C:\Program Files\Android\Android Studio\jbr\bin\java.exe
0x00007ff901a20000 - 0x00007ff901c10000 	C:\Windows\SYSTEM32\ntdll.dll
0x00007ff901910000 - 0x00007ff9019c2000 	C:\Windows\System32\KERNEL32.DLL
0x00007ff8ff580000 - 0x00007ff8ff822000 	C:\Windows\System32\KERNELBASE.dll
0x00007ff8ff3a0000 - 0x00007ff8ff49a000 	C:\Windows\System32\ucrtbase.dll
0x00007ff8daa60000 - 0x00007ff8daa7b000 	C:\Program Files\Android\Android Studio\jbr\bin\VCRUNTIME140.dll
0x00007ff8daa40000 - 0x00007ff8daa57000 	C:\Program Files\Android\Android Studio\jbr\bin\jli.dll
0x00007ff901010000 - 0x00007ff9011a3000 	C:\Windows\System32\USER32.dll
0x00007ff8feb00000 - 0x00007ff8feb21000 	C:\Windows\System32\win32u.dll
0x00007ff8ef310000 - 0x00007ff8ef595000 	C:\Windows\WinSxS\amd64_microsoft.windows.common-controls_6595b64144ccf1df_6.0.18362.30_none_a1435978519dce7f\COMCTL32.dll
0x00007ff901480000 - 0x00007ff9014a6000 	C:\Windows\System32\GDI32.dll
0x00007ff8ffcb0000 - 0x00007ff8ffd4e000 	C:\Windows\System32\msvcrt.dll
0x00007ff8ff8e0000 - 0x00007ff8ffa74000 	C:\Windows\System32\gdi32full.dll
0x00007ff900800000 - 0x00007ff900b36000 	C:\Windows\System32\combase.dll
0x00007ff8ff2b0000 - 0x00007ff8ff34e000 	C:\Windows\System32\msvcp_win.dll
0x00007ff9017f0000 - 0x00007ff901910000 	C:\Windows\System32\RPCRT4.dll
0x00007ff8ff830000 - 0x00007ff8ff8b1000 	C:\Windows\System32\bcryptPrimitives.dll
0x00007ff901360000 - 0x00007ff90138e000 	C:\Windows\System32\IMM32.DLL
0x00007ff8fb220000 - 0x00007ff8fb22c000 	C:\Program Files\Android\Android Studio\jbr\bin\vcruntime140_1.dll
0x00007ff8b5360000 - 0x00007ff8b53ed000 	C:\Program Files\Android\Android Studio\jbr\bin\msvcp140.dll
0x00007ff8b32a0000 - 0x00007ff8b3f0d000 	C:\Program Files\Android\Android Studio\jbr\bin\server\jvm.dll
0x00007ff901740000 - 0x00007ff9017e3000 	C:\Windows\System32\ADVAPI32.dll
0x00007ff9016a0000 - 0x00007ff901737000 	C:\Windows\System32\sechost.dll
0x00007ff8f2f60000 - 0x00007ff8f2f69000 	C:\Windows\SYSTEM32\WSOCK32.dll
0x00007ff8ffd50000 - 0x00007ff8ffdbf000 	C:\Windows\System32\WS2_32.dll
0x00007ff8fb080000 - 0x00007ff8fb0a4000 	C:\Windows\SYSTEM32\WINMM.dll
0x00007ff8f4790000 - 0x00007ff8f479a000 	C:\Windows\SYSTEM32\VERSION.dll
0x00007ff8faf30000 - 0x00007ff8faf5d000 	C:\Windows\SYSTEM32\WINMMBASE.dll
0x00007ff8ff350000 - 0x00007ff8ff39a000 	C:\Windows\System32\cfgmgr32.dll
0x00007ff8fe900000 - 0x00007ff8fe911000 	C:\Windows\System32\kernel.appcore.dll
0x00007ff8f2f50000 - 0x00007ff8f2f5a000 	C:\Program Files\Android\Android Studio\jbr\bin\jimage.dll
0x00007ff8fca80000 - 0x00007ff8fcc74000 	C:\Windows\SYSTEM32\DBGHELP.DLL
0x00007ff8eb7a0000 - 0x00007ff8eb7ca000 	C:\Windows\SYSTEM32\dbgcore.DLL
0x00007ff8ee050000 - 0x00007ff8ee075000 	C:\Program Files\Android\Android Studio\jbr\bin\java.dll
0x00007ff8dac30000 - 0x00007ff8dac48000 	C:\Program Files\Android\Android Studio\jbr\bin\zip.dll
0x00007ff9000c0000 - 0x00007ff9007a0000 	C:\Windows\System32\SHELL32.dll
0x00007ff8ffc00000 - 0x00007ff8ffca9000 	C:\Windows\System32\shcore.dll
0x00007ff8feb30000 - 0x00007ff8ff2ab000 	C:\Windows\System32\windows.storage.dll
0x00007ff8fe920000 - 0x00007ff8fe93f000 	C:\Windows\System32\profapi.dll
0x00007ff8fe940000 - 0x00007ff8fe98a000 	C:\Windows\System32\powrprof.dll
0x00007ff8fe8f0000 - 0x00007ff8fe900000 	C:\Windows\System32\UMPDC.dll
0x00007ff8ffe30000 - 0x00007ff8ffe82000 	C:\Windows\System32\shlwapi.dll
0x00007ff8ff8c0000 - 0x00007ff8ff8d7000 	C:\Windows\System32\cryptsp.dll
0x00007ff8da9d0000 - 0x00007ff8da9e9000 	C:\Program Files\Android\Android Studio\jbr\bin\net.dll
0x00007ff8f30c0000 - 0x00007ff8f31af000 	C:\Windows\SYSTEM32\WINHTTP.dll
0x00007ff8fe160000 - 0x00007ff8fe1c7000 	C:\Windows\system32\mswsock.dll
0x00007ff8da9b0000 - 0x00007ff8da9c6000 	C:\Program Files\Android\Android Studio\jbr\bin\nio.dll
0x00007ff8da8b0000 - 0x00007ff8da8c0000 	C:\Program Files\Android\Android Studio\jbr\bin\verify.dll
0x00007ff8fb230000 - 0x00007ff8fb257000 	C:\Users\ascom\.gradle\native\e1d6ef7f7dcc3fd88c89a11ec53ec762bb8ba0a96d01ffa2cd45eb1d1d8dd5c5\windows-amd64\native-platform.dll
0x00007ff8b5060000 - 0x00007ff8b51a4000 	C:\Users\ascom\.gradle\native\0d407fdbe67a94daf76414ababcb853783967236a71b16ec16e742cd7a986fd3\windows-amd64\native-platform-file-events.dll
0x00007ff8f2f40000 - 0x00007ff8f2f49000 	C:\Program Files\Android\Android Studio\jbr\bin\management.dll
0x00007ff8ee550000 - 0x00007ff8ee55b000 	C:\Program Files\Android\Android Studio\jbr\bin\management_ext.dll
0x00007ff901460000 - 0x00007ff901468000 	C:\Windows\System32\PSAPI.DLL
0x00007ff8fdd20000 - 0x00007ff8fdd53000 	C:\Windows\system32\rsaenh.dll
0x00007ff8ff4a0000 - 0x00007ff8ff4c6000 	C:\Windows\System32\bcrypt.dll
0x00007ff8fe7e0000 - 0x00007ff8fe805000 	C:\Windows\SYSTEM32\USERENV.dll
0x00007ff8fe330000 - 0x00007ff8fe33c000 	C:\Windows\SYSTEM32\CRYPTBASE.dll
0x00007ff8fdec0000 - 0x00007ff8fdefa000 	C:\Windows\SYSTEM32\IPHLPAPI.DLL
0x00007ff9019d0000 - 0x00007ff9019d8000 	C:\Windows\System32\NSI.dll
0x00007ff8f65e0000 - 0x00007ff8f65f6000 	C:\Windows\SYSTEM32\dhcpcsvc6.DLL
0x00007ff8f65c0000 - 0x00007ff8f65dc000 	C:\Windows\SYSTEM32\dhcpcsvc.DLL
0x00007ff8fdf00000 - 0x00007ff8fdfca000 	C:\Windows\SYSTEM32\DNSAPI.dll
0x00007ff8da5f0000 - 0x00007ff8da5f7000 	C:\Windows\system32\wshunix.dll

dbghelp: loaded successfully - version: 4.0.5 - missing functions: none
symbol engine: initialized successfully - sym options: 0x614 - pdb path: .;C:\Program Files\Android\Android Studio\jbr\bin;C:\Windows\SYSTEM32;C:\Windows\WinSxS\amd64_microsoft.windows.common-controls_6595b64144ccf1df_6.0.18362.30_none_a1435978519dce7f;C:\Program Files\Android\Android Studio\jbr\bin\server;C:\Users\ascom\.gradle\native\e1d6ef7f7dcc3fd88c89a11ec53ec762bb8ba0a96d01ffa2cd45eb1d1d8dd5c5\windows-amd64;C:\Users\ascom\.gradle\native\0d407fdbe67a94daf76414ababcb853783967236a71b16ec16e742cd7a986fd3\windows-amd64

VM Arguments:
jvm_args: --add-opens=java.base/java.util=ALL-UNNAMED --add-opens=java.base/java.lang=ALL-UNNAMED --add-opens=java.base/java.lang.invoke=ALL-UNNAMED --add-opens=java.base/java.util=ALL-UNNAMED --add-opens=java.prefs/java.util.prefs=ALL-UNNAMED --add-opens=java.prefs/java.util.prefs=ALL-UNNAMED --add-opens=java.base/java.nio.charset=ALL-UNNAMED --add-opens=java.base/java.net=ALL-UNNAMED --add-opens=java.base/java.util.concurrent.atomic=ALL-UNNAMED -Xmx2048m -Dfile.encoding=UTF-8 -Duser.country=US -Duser.language=en -Duser.variant 
java_command: org.gradle.launcher.daemon.bootstrap.GradleDaemon 7.5
java_class_path (initial): C:\Users\ascom\.gradle\wrapper\dists\gradle-7.5-bin\f1w0cc9nuo0eivz97x2xlu9sv\gradle-7.5\lib\gradle-launcher-7.5.jar
Launcher Type: SUN_STANDARD

[Global flags]
     intx CICompilerCount                          = 3                                         {product} {ergonomic}
     uint ConcGCThreads                            = 1                                         {product} {ergonomic}
     uint G1ConcRefinementThreads                  = 4                                         {product} {ergonomic}
   size_t G1HeapRegionSize                         = 1048576                                   {product} {ergonomic}
    uintx GCDrainStackTargetSize                   = 64                                        {product} {ergonomic}
   size_t InitialHeapSize                          = 134217728                                 {product} {ergonomic}
   size_t MarkStackSize                            = 4194304                                   {product} {ergonomic}
   size_t MaxHeapSize                              = 2147483648                                {product} {command line}
   size_t MaxNewSize                               = 1287651328                                {product} {ergonomic}
   size_t MinHeapDeltaBytes                        = 1048576                                   {product} {ergonomic}
   size_t MinHeapSize                              = 8388608                                   {product} {ergonomic}
    uintx NonNMethodCodeHeapSize                   = 5832780                                {pd product} {ergonomic}
    uintx NonProfiledCodeHeapSize                  = 122912730                              {pd product} {ergonomic}
    uintx ProfiledCodeHeapSize                     = 122912730                              {pd product} {ergonomic}
    uintx ReservedCodeCacheSize                    = 251658240                              {pd product} {ergonomic}
     bool SegmentedCodeCache                       = true                                      {product} {ergonomic}
   size_t SoftMaxHeapSize                          = 2147483648                             {manageable} {ergonomic}
     bool UseCompressedClassPointers               = true                           {product lp64_product} {ergonomic}
     bool UseCompressedOops                        = true                           {product lp64_product} {ergonomic}
     bool UseG1GC                                  = true                                      {product} {ergonomic}
     bool UseLargePagesIndividualAllocation        = false                                  {pd product} {ergonomic}

Logging:
Log output configuration:
 #0: stdout all=warning uptime,level,tags
 #1: stderr all=off uptime,level,tags

Environment Variables:
PATH=C:\Program Files (x86)\VMware\VMware Workstation\bin\;C:\ProgramData\Oracle\Java\javapath;C:\Program Files\Common Files\Oracle\Java\javapath;C:\Windows\system32;C:\Windows;C:\Windows\System32\Wbem;C:\Windows\System32\WindowsPowerShell\v1.0\;C:\Windows\System32\OpenSSH\;C:\Program Files\Java\jdk1.8.0_111\bin;C:\Program Files\Git\cmd;;C:\minikube;C:\Program Files\nodejs\;C:\Users\ascom\AppData\Local\Programs\Python\Python311\Scripts\;C:\Users\ascom\AppData\Local\Programs\Python\Python311\;C:\Users\ascom\AppData\Local\Microsoft\WindowsApps;;C:\Users\ascom\AppData\Local\Programs\Microsoft VS Code\bin;C:\Users\ascom\AppData\Roaming\npm
USERNAME=ascom
OS=Windows_NT
PROCESSOR_IDENTIFIER=Intel64 Family 6 Model 142 Stepping 9, GenuineIntel
TMP=C:\Users\ascom\AppData\Local\Temp
TEMP=C:\Users\ascom\AppData\Local\Temp



---------------  S Y S T E M  ---------------

OS:
 Windows 10 , 64 bit Build 18362 (10.0.18362.1)
OS uptime: 0 days 0:21 hours

CPU: total 4 (initial active 4) (2 cores per cpu, 2 threads per core) family 6 model 142 stepping 9 microcode 0xca, cx8, cmov, fxsr, ht, mmx, 3dnowpref, sse, sse2, sse3, ssse3, sse4.1, sse4.2, popcnt, lzcnt, tsc, tscinvbit, avx, avx2, aes, erms, clmul, bmi1, bmi2, adx, fma, vzeroupper, clflush, clflushopt

Memory: 4k page, system-wide physical 8108M (262M free)
TotalPageFile size 10156M (AvailPageFile size 5M)
current process WorkingSet (physical memory assigned to process): 310M, peak: 311M
current process commit charge ("private bytes"): 337M, peak: 339M

vm_info: OpenJDK 64-Bit Server VM (17.0.6+0-b2043.56-9586694) for windows-amd64 JRE (17.0.6+0-b2043.56-9586694), built on Feb  9 2023 20:06:20 by "androidbuild" with MS VC++ 16.10 / 16.11 (VS2019)

END.
